[1.499s] Invoking command in '/home/serch/xarm_ws/src/vision_xarm': PYTHONPATH=/home/serch/xarm_ws/build/vision_xarm/prefix_override:/usr/lib/python3/dist-packages/colcon_core/task/python/colcon_distutils_commands:/home/serch/xarm_ws/install/vision_xarm/lib/python3.10/site-packages:${PYTHONPATH} /usr/bin/python3 -W ignore:setup.py install is deprecated -W ignore:easy_install command is deprecated setup.py egg_info --egg-base ../../build/vision_xarm build --build-base /home/serch/xarm_ws/build/vision_xarm/build install --record /home/serch/xarm_ws/build/vision_xarm/install.log --single-version-externally-managed install_data
[1.714s] running egg_info
[1.714s] writing ../../build/vision_xarm/vision_xarm.egg-info/PKG-INFO
[1.714s] writing dependency_links to ../../build/vision_xarm/vision_xarm.egg-info/dependency_links.txt
[1.715s] writing entry points to ../../build/vision_xarm/vision_xarm.egg-info/entry_points.txt
[1.715s] writing requirements to ../../build/vision_xarm/vision_xarm.egg-info/requires.txt
[1.715s] writing top-level names to ../../build/vision_xarm/vision_xarm.egg-info/top_level.txt
[1.717s] reading manifest file '../../build/vision_xarm/vision_xarm.egg-info/SOURCES.txt'
[1.717s] writing manifest file '../../build/vision_xarm/vision_xarm.egg-info/SOURCES.txt'
[1.718s] running build
[1.718s] running build_py
[1.718s] running install
[1.718s] running install_lib
[1.719s] running install_data
[1.719s] running install_egg_info
[1.721s] removing '/home/serch/xarm_ws/install/vision_xarm/lib/python3.10/site-packages/vision_xarm-0.0.0-py3.10.egg-info' (and everything under it)
[1.721s] Copying ../../build/vision_xarm/vision_xarm.egg-info to /home/serch/xarm_ws/install/vision_xarm/lib/python3.10/site-packages/vision_xarm-0.0.0-py3.10.egg-info
[1.722s] running install_scripts
[1.738s] Installing color_map script to /home/serch/xarm_ws/install/vision_xarm/lib/vision_xarm
[1.738s] Installing nube_kinect script to /home/serch/xarm_ws/install/vision_xarm/lib/vision_xarm
[1.738s] writing list of installed files to '/home/serch/xarm_ws/build/vision_xarm/install.log'
[1.761s] Invoked command in '/home/serch/xarm_ws/src/vision_xarm' returned '0': PYTHONPATH=/home/serch/xarm_ws/build/vision_xarm/prefix_override:/usr/lib/python3/dist-packages/colcon_core/task/python/colcon_distutils_commands:/home/serch/xarm_ws/install/vision_xarm/lib/python3.10/site-packages:${PYTHONPATH} /usr/bin/python3 -W ignore:setup.py install is deprecated -W ignore:easy_install command is deprecated setup.py egg_info --egg-base ../../build/vision_xarm build --build-base /home/serch/xarm_ws/build/vision_xarm/build install --record /home/serch/xarm_ws/build/vision_xarm/install.log --single-version-externally-managed install_data
