[1.996s] Invoking command in '/home/serch/xarm_ws/src/vision_xarm': PYTHONPATH=/home/serch/xarm_ws/build/vision_xarm/prefix_override:/usr/lib/python3/dist-packages/colcon_core/task/python/colcon_distutils_commands:/home/serch/xarm_ws/install/vision_xarm/lib/python3.10/site-packages:${PYTHONPATH} /usr/bin/python3 -W ignore:setup.py install is deprecated -W ignore:easy_install command is deprecated setup.py egg_info --egg-base ../../build/vision_xarm build --build-base /home/serch/xarm_ws/build/vision_xarm/build install --record /home/serch/xarm_ws/build/vision_xarm/install.log --single-version-externally-managed install_data
[2.490s] running egg_info
[2.490s] creating ../../build/vision_xarm/vision_xarm.egg-info
[2.490s] writing ../../build/vision_xarm/vision_xarm.egg-info/PKG-INFO
[2.490s] writing dependency_links to ../../build/vision_xarm/vision_xarm.egg-info/dependency_links.txt
[2.490s] writing entry points to ../../build/vision_xarm/vision_xarm.egg-info/entry_points.txt
[2.490s] writing requirements to ../../build/vision_xarm/vision_xarm.egg-info/requires.txt
[2.491s] writing top-level names to ../../build/vision_xarm/vision_xarm.egg-info/top_level.txt
[2.491s] writing manifest file '../../build/vision_xarm/vision_xarm.egg-info/SOURCES.txt'
[2.492s] reading manifest file '../../build/vision_xarm/vision_xarm.egg-info/SOURCES.txt'
[2.493s] writing manifest file '../../build/vision_xarm/vision_xarm.egg-info/SOURCES.txt'
[2.493s] running build
[2.493s] running build_py
[2.493s] creating /home/serch/xarm_ws/build/vision_xarm/build
[2.493s] creating /home/serch/xarm_ws/build/vision_xarm/build/lib
[2.493s] creating /home/serch/xarm_ws/build/vision_xarm/build/lib/vision_xarm
[2.494s] copying vision_xarm/nube_kinect.py -> /home/serch/xarm_ws/build/vision_xarm/build/lib/vision_xarm
[2.496s] copying vision_xarm/__init__.py -> /home/serch/xarm_ws/build/vision_xarm/build/lib/vision_xarm
[2.496s] copying vision_xarm/color_map.py -> /home/serch/xarm_ws/build/vision_xarm/build/lib/vision_xarm
[2.496s] running install
[2.497s] running install_lib
[2.498s] creating /home/serch/xarm_ws/install/vision_xarm/lib/python3.10/site-packages/vision_xarm
[2.498s] copying /home/serch/xarm_ws/build/vision_xarm/build/lib/vision_xarm/nube_kinect.py -> /home/serch/xarm_ws/install/vision_xarm/lib/python3.10/site-packages/vision_xarm
[2.498s] copying /home/serch/xarm_ws/build/vision_xarm/build/lib/vision_xarm/__init__.py -> /home/serch/xarm_ws/install/vision_xarm/lib/python3.10/site-packages/vision_xarm
[2.499s] copying /home/serch/xarm_ws/build/vision_xarm/build/lib/vision_xarm/color_map.py -> /home/serch/xarm_ws/install/vision_xarm/lib/python3.10/site-packages/vision_xarm
[2.503s] byte-compiling /home/serch/xarm_ws/install/vision_xarm/lib/python3.10/site-packages/vision_xarm/nube_kinect.py to nube_kinect.cpython-310.pyc
[2.510s] byte-compiling /home/serch/xarm_ws/install/vision_xarm/lib/python3.10/site-packages/vision_xarm/__init__.py to __init__.cpython-310.pyc
[2.511s] byte-compiling /home/serch/xarm_ws/install/vision_xarm/lib/python3.10/site-packages/vision_xarm/color_map.py to color_map.cpython-310.pyc
[2.526s] running install_data
[2.526s] creating /home/serch/xarm_ws/install/vision_xarm/share/ament_index
[2.526s] creating /home/serch/xarm_ws/install/vision_xarm/share/ament_index/resource_index
[2.526s] creating /home/serch/xarm_ws/install/vision_xarm/share/ament_index/resource_index/packages
[2.527s] copying resource/vision_xarm -> /home/serch/xarm_ws/install/vision_xarm/share/ament_index/resource_index/packages
[2.527s] copying package.xml -> /home/serch/xarm_ws/install/vision_xarm/share/vision_xarm
[2.527s] running install_egg_info
[2.527s] Copying ../../build/vision_xarm/vision_xarm.egg-info to /home/serch/xarm_ws/install/vision_xarm/lib/python3.10/site-packages/vision_xarm-0.0.0-py3.10.egg-info
[2.527s] running install_scripts
[2.555s] Installing color_map script to /home/serch/xarm_ws/install/vision_xarm/lib/vision_xarm
[2.557s] Installing nube_kinect script to /home/serch/xarm_ws/install/vision_xarm/lib/vision_xarm
[2.557s] writing list of installed files to '/home/serch/xarm_ws/build/vision_xarm/install.log'
[2.643s] Invoked command in '/home/serch/xarm_ws/src/vision_xarm' returned '0': PYTHONPATH=/home/serch/xarm_ws/build/vision_xarm/prefix_override:/usr/lib/python3/dist-packages/colcon_core/task/python/colcon_distutils_commands:/home/serch/xarm_ws/install/vision_xarm/lib/python3.10/site-packages:${PYTHONPATH} /usr/bin/python3 -W ignore:setup.py install is deprecated -W ignore:easy_install command is deprecated setup.py egg_info --egg-base ../../build/vision_xarm build --build-base /home/serch/xarm_ws/build/vision_xarm/build install --record /home/serch/xarm_ws/build/vision_xarm/install.log --single-version-externally-managed install_data
