[0.037s] Invoking command in '/home/serch/xarm_ws/build/xarm_description': CMAKE_PREFIX_PATH=${CMAKE_PREFIX_PATH}:/home/serch/ros2_ws/install/robot_controller_pkg:/home/serch/ros2_ws/install/Coppelia_RC:/opt/ros/humble /usr/bin/cmake /home/serch/xarm_ws/src/xarm_ros2/xarm_description -DCMAKE_INSTALL_PREFIX=/home/serch/xarm_ws/install/xarm_description
[0.671s] -- The C compiler identification is GNU 11.4.0
[0.671s] -- The CXX compiler identification is GNU 11.4.0
[0.671s] -- Detecting C compiler ABI info
[0.671s] -- Detecting C compiler ABI info - done
[0.671s] -- Check for working C compiler: /usr/bin/cc - skipped
[0.671s] -- Detecting C compile features
[0.671s] -- Detecting C compile features - done
[0.672s] -- Detecting CXX compiler ABI info
[0.672s] -- Detecting CXX compiler ABI info - done
[0.672s] -- Check for working CXX compiler: /usr/bin/c++ - skipped
[0.672s] -- Detecting CXX compile features
[0.672s] -- Detecting CXX compile features - done
[0.672s] -- Found ament_cmake: 1.3.11 (/opt/ros/humble/share/ament_cmake/cmake)
[0.672s] -- Found Python3: /usr/bin/python3 (found version "3.10.12") found components: Interpreter 
[0.672s] -- Found ament_lint_auto: 0.12.12 (/opt/ros/humble/share/ament_lint_auto/cmake)
[0.672s] -- Added test 'copyright' to check source files copyright and LICENSE
[0.672s] -- Added test 'flake8' to check Python code syntax and style conventions
[0.673s] -- Added test 'lint_cmake' to check CMake code style
[0.673s] -- Added test 'pep257' to check Python code against some of the docstring style conventions in PEP 257
[0.673s] -- Added test 'xmllint' to check XML markup files
[0.675s] -- Configuring done
[0.678s] -- Generating done
[0.678s] -- Build files have been written to: /home/serch/xarm_ws/build/xarm_description
[0.899s] Invoked command in '/home/serch/xarm_ws/build/xarm_description' returned '0': CMAKE_PREFIX_PATH=${CMAKE_PREFIX_PATH}:/home/serch/ros2_ws/install/robot_controller_pkg:/home/serch/ros2_ws/install/Coppelia_RC:/opt/ros/humble /usr/bin/cmake /home/serch/xarm_ws/src/xarm_ros2/xarm_description -DCMAKE_INSTALL_PREFIX=/home/serch/xarm_ws/install/xarm_description
[0.900s] Invoking command in '/home/serch/xarm_ws/build/xarm_description': CMAKE_PREFIX_PATH=${CMAKE_PREFIX_PATH}:/home/serch/ros2_ws/install/robot_controller_pkg:/home/serch/ros2_ws/install/Coppelia_RC:/opt/ros/humble /usr/bin/cmake --build /home/serch/xarm_ws/build/xarm_description -- -j16 -l16
[0.937s] Invoked command in '/home/serch/xarm_ws/build/xarm_description' returned '0': CMAKE_PREFIX_PATH=${CMAKE_PREFIX_PATH}:/home/serch/ros2_ws/install/robot_controller_pkg:/home/serch/ros2_ws/install/Coppelia_RC:/opt/ros/humble /usr/bin/cmake --build /home/serch/xarm_ws/build/xarm_description -- -j16 -l16
[0.948s] Invoking command in '/home/serch/xarm_ws/build/xarm_description': CMAKE_PREFIX_PATH=${CMAKE_PREFIX_PATH}:/home/serch/ros2_ws/install/robot_controller_pkg:/home/serch/ros2_ws/install/Coppelia_RC:/opt/ros/humble /usr/bin/cmake --install /home/serch/xarm_ws/build/xarm_description
[0.958s] -- Install configuration: ""
[0.959s] -- Installing: /home/serch/xarm_ws/install/xarm_description/share/xarm_description//rviz
[0.959s] -- Installing: /home/serch/xarm_ws/install/xarm_description/share/xarm_description//rviz/display.rviz
[0.959s] -- Installing: /home/serch/xarm_ws/install/xarm_description/share/xarm_description//urdf
[0.959s] -- Installing: /home/serch/xarm_ws/install/xarm_description/share/xarm_description//urdf/_private_macro.xacro
[0.960s] -- Installing: /home/serch/xarm_ws/install/xarm_description/share/xarm_description//urdf/xarm_device.urdf.xacro
[0.961s] -- Installing: /home/serch/xarm_ws/install/xarm_description/share/xarm_description//urdf/xarm6
[0.961s] -- Installing: /home/serch/xarm_ws/install/xarm_description/share/xarm_description//urdf/xarm6/xarm6.gazebo.xacro
[0.962s] -- Installing: /home/serch/xarm_ws/install/xarm_description/share/xarm_description//urdf/xarm6/xarm6.ros2_control.xacro
[0.962s] -- Installing: /home/serch/xarm_ws/install/xarm_description/share/xarm_description//urdf/xarm6/xarm6.urdf.xacro
[0.963s] -- Installing: /home/serch/xarm_ws/install/xarm_description/share/xarm_description//urdf/xarm6/xarm6.transmission.xacro
[0.964s] -- Installing: /home/serch/xarm_ws/install/xarm_description/share/xarm_description//urdf/xarm6/xarm6_robot_macro.xacro
[0.964s] -- Installing: /home/serch/xarm_ws/install/xarm_description/share/xarm_description//urdf/xarm7_mirror
[0.964s] -- Installing: /home/serch/xarm_ws/install/xarm_description/share/xarm_description//urdf/xarm7_mirror/xarm7_mirror.urdf.xacro
[0.964s] -- Installing: /home/serch/xarm_ws/install/xarm_description/share/xarm_description//urdf/xarm7_mirror/xarm7_mirror_robot_macro.xacro
[0.965s] -- Installing: /home/serch/xarm_ws/install/xarm_description/share/xarm_description//urdf/xarm7_mirror/xarm7_mirror.ros2_control.xacro
[0.965s] -- Installing: /home/serch/xarm_ws/install/xarm_description/share/xarm_description//urdf/xarm7_mirror/xarm7_mirror.transmission.xacro
[0.965s] -- Installing: /home/serch/xarm_ws/install/xarm_description/share/xarm_description//urdf/xarm7_mirror/xarm7_mirror.gazebo.xacro
[0.966s] -- Installing: /home/serch/xarm_ws/install/xarm_description/share/xarm_description//urdf/gripper
[0.966s] -- Installing: /home/serch/xarm_ws/install/xarm_description/share/xarm_description//urdf/gripper/bio_gripper.ros2_control.xacro
[0.967s] -- Installing: /home/serch/xarm_ws/install/xarm_description/share/xarm_description//urdf/gripper/lite_gripper.urdf.xacro
[0.967s] -- Installing: /home/serch/xarm_ws/install/xarm_description/share/xarm_description//urdf/gripper/bio_gripper.urdf.xacro
[0.967s] -- Installing: /home/serch/xarm_ws/install/xarm_description/share/xarm_description//urdf/gripper/bio_gripper_macro.xacro
[0.968s] -- Installing: /home/serch/xarm_ws/install/xarm_description/share/xarm_description//urdf/gripper/xarm_gripper_macro.xacro
[0.969s] -- Installing: /home/serch/xarm_ws/install/xarm_description/share/xarm_description//urdf/gripper/gripper.urdf.xacro
[0.969s] -- Installing: /home/serch/xarm_ws/install/xarm_description/share/xarm_description//urdf/gripper/gripper_macro.xacro
[0.969s] -- Installing: /home/serch/xarm_ws/install/xarm_description/share/xarm_description//urdf/gripper/xarm_gripper.gazebo.xacro
[0.970s] -- Installing: /home/serch/xarm_ws/install/xarm_description/share/xarm_description//urdf/gripper/xarm_gripper.ros2_control.xacro
[0.970s] -- Installing: /home/serch/xarm_ws/install/xarm_description/share/xarm_description//urdf/gripper/xarm_gripper.urdf.xacro
[0.972s] -- Installing: /home/serch/xarm_ws/install/xarm_description/share/xarm_description//urdf/gripper/bio_gripper.transmission.xacro
[0.972s] -- Installing: /home/serch/xarm_ws/install/xarm_description/share/xarm_description//urdf/gripper/xarm_gripper.transmission.xacro
[0.973s] -- Installing: /home/serch/xarm_ws/install/xarm_description/share/xarm_description//urdf/gripper/bio_gripper.gazebo.xacro
[0.973s] -- Installing: /home/serch/xarm_ws/install/xarm_description/share/xarm_description//urdf/other
[0.973s] -- Installing: /home/serch/xarm_ws/install/xarm_description/share/xarm_description//urdf/other/other_geometry.urdf.xacro
[0.975s] -- Installing: /home/serch/xarm_ws/install/xarm_description/share/xarm_description//urdf/xarm7
[0.975s] -- Installing: /home/serch/xarm_ws/install/xarm_description/share/xarm_description//urdf/xarm7/xarm7.transmission.xacro
[0.975s] -- Installing: /home/serch/xarm_ws/install/xarm_description/share/xarm_description//urdf/xarm7/xarm7.ros2_control.xacro
[0.975s] -- Installing: /home/serch/xarm_ws/install/xarm_description/share/xarm_description//urdf/xarm7/xarm7.urdf.xacro
[0.975s] -- Installing: /home/serch/xarm_ws/install/xarm_description/share/xarm_description//urdf/xarm7/xarm7_robot_macro.xacro
[0.976s] -- Installing: /home/serch/xarm_ws/install/xarm_description/share/xarm_description//urdf/xarm7/xarm7.gazebo.xacro
[0.976s] -- Installing: /home/serch/xarm_ws/install/xarm_description/share/xarm_description//urdf/xarm5
[0.976s] -- Installing: /home/serch/xarm_ws/install/xarm_description/share/xarm_description//urdf/xarm5/xarm5_robot_macro.xacro
[0.977s] -- Installing: /home/serch/xarm_ws/install/xarm_description/share/xarm_description//urdf/xarm5/xarm5.urdf.xacro
[0.977s] -- Installing: /home/serch/xarm_ws/install/xarm_description/share/xarm_description//urdf/xarm5/xarm5.gazebo.xacro
[0.977s] -- Installing: /home/serch/xarm_ws/install/xarm_description/share/xarm_description//urdf/xarm5/xarm5.ros2_control.xacro
[0.978s] -- Installing: /home/serch/xarm_ws/install/xarm_description/share/xarm_description//urdf/xarm5/xarm5.transmission.xacro
[0.978s] -- Installing: /home/serch/xarm_ws/install/xarm_description/share/xarm_description//urdf/lite6
[0.978s] -- Installing: /home/serch/xarm_ws/install/xarm_description/share/xarm_description//urdf/lite6/lite6.transmission.xacro
[0.979s] -- Installing: /home/serch/xarm_ws/install/xarm_description/share/xarm_description//urdf/lite6/lite6_robot_macro.xacro
[0.980s] -- Installing: /home/serch/xarm_ws/install/xarm_description/share/xarm_description//urdf/lite6/lite6.ros2_control.xacro
[0.982s] -- Installing: /home/serch/xarm_ws/install/xarm_description/share/xarm_description//urdf/lite6/lite6.gazebo.xacro
[0.982s] -- Installing: /home/serch/xarm_ws/install/xarm_description/share/xarm_description//urdf/lite6/lite6.urdf.xacro
[0.982s] -- Installing: /home/serch/xarm_ws/install/xarm_description/share/xarm_description//urdf/camera
[0.982s] -- Installing: /home/serch/xarm_ws/install/xarm_description/share/xarm_description//urdf/camera/realsense_d435i.urdf.xacro
[0.983s] -- Installing: /home/serch/xarm_ws/install/xarm_description/share/xarm_description//urdf/camera/camera.gazebo.xacro
[0.983s] -- Installing: /home/serch/xarm_ws/install/xarm_description/share/xarm_description//urdf/camera/realsense.gazebo.xacro
[0.983s] -- Installing: /home/serch/xarm_ws/install/xarm_description/share/xarm_description//urdf/vacuum_gripper
[0.983s] -- Installing: /home/serch/xarm_ws/install/xarm_description/share/xarm_description//urdf/vacuum_gripper/vacuum_gripper_macro.xacro
[0.986s] -- Installing: /home/serch/xarm_ws/install/xarm_description/share/xarm_description//urdf/vacuum_gripper/xarm_vacuum_gripper.urdf.xacro
[0.986s] -- Installing: /home/serch/xarm_ws/install/xarm_description/share/xarm_description//urdf/vacuum_gripper/vacuum_gripper.urdf.xacro
[0.986s] -- Installing: /home/serch/xarm_ws/install/xarm_description/share/xarm_description//urdf/vacuum_gripper/lite_vacuum_gripper.urdf.xacro
[0.986s] -- Installing: /home/serch/xarm_ws/install/xarm_description/share/xarm_description//urdf/dual_xarm_device.urdf.xacro
[0.986s] -- Installing: /home/serch/xarm_ws/install/xarm_description/share/xarm_description//urdf/xarm_device_macro.xacro
[0.986s] -- Installing: /home/serch/xarm_ws/install/xarm_description/share/xarm_description//urdf/uf850
[0.986s] -- Installing: /home/serch/xarm_ws/install/xarm_description/share/xarm_description//urdf/uf850/uf850.ros2_control.xacro
[0.987s] -- Installing: /home/serch/xarm_ws/install/xarm_description/share/xarm_description//urdf/uf850/uf850.transmission.xacro
[0.987s] -- Installing: /home/serch/xarm_ws/install/xarm_description/share/xarm_description//urdf/uf850/uf850.urdf.xacro
[0.987s] -- Installing: /home/serch/xarm_ws/install/xarm_description/share/xarm_description//urdf/uf850/uf850_robot_macro.xacro
[0.987s] -- Installing: /home/serch/xarm_ws/install/xarm_description/share/xarm_description//urdf/uf850/uf850.gazebo.xacro
[0.989s] -- Installing: /home/serch/xarm_ws/install/xarm_description/share/xarm_description//urdf/common
[0.989s] -- Installing: /home/serch/xarm_ws/install/xarm_description/share/xarm_description//urdf/common/common.material.xacro
[0.989s] -- Installing: /home/serch/xarm_ws/install/xarm_description/share/xarm_description//urdf/common/common.link.xacro
[0.990s] -- Installing: /home/serch/xarm_ws/install/xarm_description/share/xarm_description//urdf/common/common.gazebo.xacro
[0.990s] -- Installing: /home/serch/xarm_ws/install/xarm_description/share/xarm_description//config
[0.990s] -- Installing: /home/serch/xarm_ws/install/xarm_description/share/xarm_description//config/link_inertial
[0.990s] -- Installing: /home/serch/xarm_ws/install/xarm_description/share/xarm_description//config/link_inertial/xarm6_type6_HT_BR.yaml
[0.990s] -- Installing: /home/serch/xarm_ws/install/xarm_description/share/xarm_description//config/link_inertial/xarm7_type7_HT_BR2.yaml
[0.994s] -- Installing: /home/serch/xarm_ws/install/xarm_description/share/xarm_description//config/link_inertial/xarm6_type9_HT_BR2.yaml
[0.994s] -- Installing: /home/serch/xarm_ws/install/xarm_description/share/xarm_description//config/link_inertial/xarm7_type7_HT_BR.yaml
[0.995s] -- Installing: /home/serch/xarm_ws/install/xarm_description/share/xarm_description//config/link_inertial/xarm6_type11_HT_LD.yaml
[0.995s] -- Installing: /home/serch/xarm_ws/install/xarm_description/share/xarm_description//config/link_inertial/xarm6_type12_HT_LDBR2.yaml
[0.995s] -- Installing: /home/serch/xarm_ws/install/xarm_description/share/xarm_description//config/link_inertial/xarm7_type7_HT_LD.yaml
[0.995s] -- Installing: /home/serch/xarm_ws/install/xarm_description/share/xarm_description//config/link_inertial/xarm7_type3_YT_SP.yaml
[0.995s] -- Installing: /home/serch/xarm_ws/install/xarm_description/share/xarm_description//config/link_inertial/xarm6_type6_HT_BR2.yaml
[0.995s] -- Installing: /home/serch/xarm_ws/install/xarm_description/share/xarm_description//config/link_inertial/xarm5_type5_HT_LD.yaml
[0.995s] -- Installing: /home/serch/xarm_ws/install/xarm_description/share/xarm_description//config/link_inertial/xarm5_type5_HT_BR.yaml
[0.995s] -- Installing: /home/serch/xarm_ws/install/xarm_description/share/xarm_description//config/link_inertial/xarm6_type8_HT2_BR2.yaml
[0.996s] -- Installing: /home/serch/xarm_ws/install/xarm_description/share/xarm_description//config/link_inertial/gen_link_inertial_params.py
[0.996s] -- Installing: /home/serch/xarm_ws/install/xarm_description/share/xarm_description//config/link_inertial/xarm7_type7_UJ_BR_2403.yaml
[0.998s] -- Installing: /home/serch/xarm_ws/install/xarm_description/share/xarm_description//config/link_inertial/xarm7_type13_HT_BR2.yaml
[0.999s] -- Installing: /home/serch/xarm_ws/install/xarm_description/share/xarm_description//config/link_inertial/xarm5_type5_HT_BR2.yaml
[0.999s] -- Installing: /home/serch/xarm_ws/install/xarm_description/share/xarm_description//config/link_inertial/xarm6_type6_HT2_LD.yaml
[1.006s] -- Installing: /home/serch/xarm_ws/install/xarm_description/share/xarm_description//config/link_inertial/xarm6_type6_HT_LD.yaml
[1.006s] -- Installing: /home/serch/xarm_ws/install/xarm_description/share/xarm_description//config/link_inertial/xarm5_type5_UJ_BR_2403.yaml
[1.006s] -- Installing: /home/serch/xarm_ws/install/xarm_description/share/xarm_description//config/link_inertial/xarm6_type6_UJ_BR_2403.yaml
[1.006s] -- Installing: /home/serch/xarm_ws/install/xarm_description/share/xarm_description//config/kinematics
[1.006s] -- Installing: /home/serch/xarm_ws/install/xarm_description/share/xarm_description//config/kinematics/default
[1.007s] -- Installing: /home/serch/xarm_ws/install/xarm_description/share/xarm_description//config/kinematics/default/xarm6_default_kinematics.yaml
[1.007s] -- Installing: /home/serch/xarm_ws/install/xarm_description/share/xarm_description//config/kinematics/default/xarm7_mirror_default_kinematics.yaml
[1.007s] -- Installing: /home/serch/xarm_ws/install/xarm_description/share/xarm_description//config/kinematics/default/xarm7_default_kinematics.yaml
[1.007s] -- Installing: /home/serch/xarm_ws/install/xarm_description/share/xarm_description//config/kinematics/default/xarm5_default_kinematics.yaml
[1.007s] -- Installing: /home/serch/xarm_ws/install/xarm_description/share/xarm_description//config/kinematics/default/lite6_default_kinematics.yaml
[1.007s] -- Installing: /home/serch/xarm_ws/install/xarm_description/share/xarm_description//config/kinematics/default/uf850_default_kinematics.yaml
[1.008s] -- Installing: /home/serch/xarm_ws/install/xarm_description/share/xarm_description//config/kinematics/gen_kinematics_params.py
[1.008s] -- Installing: /home/serch/xarm_ws/install/xarm_description/share/xarm_description//meshes
[1.008s] -- Installing: /home/serch/xarm_ws/install/xarm_description/share/xarm_description//meshes/xarm5_1305
[1.008s] -- Installing: /home/serch/xarm_ws/install/xarm_description/share/xarm_description//meshes/xarm5_1305/collision
[1.008s] -- Installing: /home/serch/xarm_ws/install/xarm_description/share/xarm_description//meshes/xarm5_1305/collision/link1.obj
[1.008s] -- Installing: /home/serch/xarm_ws/install/xarm_description/share/xarm_description//meshes/xarm5_1305/collision/link4.obj
[1.009s] -- Installing: /home/serch/xarm_ws/install/xarm_description/share/xarm_description//meshes/xarm5_1305/collision/link5.obj
[1.012s] -- Installing: /home/serch/xarm_ws/install/xarm_description/share/xarm_description//meshes/xarm5_1305/collision/link_base.obj
[1.012s] -- Installing: /home/serch/xarm_ws/install/xarm_description/share/xarm_description//meshes/xarm5_1305/collision/link3.obj
[1.014s] -- Installing: /home/serch/xarm_ws/install/xarm_description/share/xarm_description//meshes/xarm5_1305/collision/link2.obj
[1.016s] -- Installing: /home/serch/xarm_ws/install/xarm_description/share/xarm_description//meshes/xarm5_1305/visual
[1.016s] -- Installing: /home/serch/xarm_ws/install/xarm_description/share/xarm_description//meshes/xarm5_1305/visual/link4.stl
[1.019s] -- Installing: /home/serch/xarm_ws/install/xarm_description/share/xarm_description//meshes/xarm5_1305/visual/link1.stl
[1.020s] -- Installing: /home/serch/xarm_ws/install/xarm_description/share/xarm_description//meshes/xarm5_1305/visual/link2.stl
[1.023s] -- Installing: /home/serch/xarm_ws/install/xarm_description/share/xarm_description//meshes/xarm5_1305/visual/link_base.stl
[1.028s] -- Installing: /home/serch/xarm_ws/install/xarm_description/share/xarm_description//meshes/xarm5_1305/visual/link3.stl
[1.029s] -- Installing: /home/serch/xarm_ws/install/xarm_description/share/xarm_description//meshes/xarm5_1305/visual/link5.stl
[1.029s] -- Installing: /home/serch/xarm_ws/install/xarm_description/share/xarm_description//meshes/xarm7_1305
[1.029s] -- Installing: /home/serch/xarm_ws/install/xarm_description/share/xarm_description//meshes/xarm7_1305/collision
[1.029s] -- Installing: /home/serch/xarm_ws/install/xarm_description/share/xarm_description//meshes/xarm7_1305/collision/link1.obj
[1.034s] -- Installing: /home/serch/xarm_ws/install/xarm_description/share/xarm_description//meshes/xarm7_1305/collision/link4.obj
[1.036s] -- Installing: /home/serch/xarm_ws/install/xarm_description/share/xarm_description//meshes/xarm7_1305/collision/link7.obj
[1.036s] -- Installing: /home/serch/xarm_ws/install/xarm_description/share/xarm_description//meshes/xarm7_1305/collision/link5.obj
[1.036s] -- Installing: /home/serch/xarm_ws/install/xarm_description/share/xarm_description//meshes/xarm7_1305/collision/link_base.obj
[1.037s] -- Installing: /home/serch/xarm_ws/install/xarm_description/share/xarm_description//meshes/xarm7_1305/collision/link3.obj
[1.038s] -- Installing: /home/serch/xarm_ws/install/xarm_description/share/xarm_description//meshes/xarm7_1305/collision/link2.obj
[1.038s] -- Installing: /home/serch/xarm_ws/install/xarm_description/share/xarm_description//meshes/xarm7_1305/collision/link6.obj
[1.043s] -- Installing: /home/serch/xarm_ws/install/xarm_description/share/xarm_description//meshes/xarm7_1305/visual
[1.043s] -- Installing: /home/serch/xarm_ws/install/xarm_description/share/xarm_description//meshes/xarm7_1305/visual/link6.stl
[1.045s] -- Installing: /home/serch/xarm_ws/install/xarm_description/share/xarm_description//meshes/xarm7_1305/visual/link7.stl
[1.046s] -- Installing: /home/serch/xarm_ws/install/xarm_description/share/xarm_description//meshes/xarm7_1305/visual/link4.stl
[1.047s] -- Installing: /home/serch/xarm_ws/install/xarm_description/share/xarm_description//meshes/xarm7_1305/visual/link1.stl
[1.051s] -- Installing: /home/serch/xarm_ws/install/xarm_description/share/xarm_description//meshes/xarm7_1305/visual/link2.stl
[1.052s] -- Installing: /home/serch/xarm_ws/install/xarm_description/share/xarm_description//meshes/xarm7_1305/visual/link_base.stl
[1.053s] -- Installing: /home/serch/xarm_ws/install/xarm_description/share/xarm_description//meshes/xarm7_1305/visual/link3.stl
[1.054s] -- Installing: /home/serch/xarm_ws/install/xarm_description/share/xarm_description//meshes/xarm7_1305/visual/link5.stl
[1.058s] -- Installing: /home/serch/xarm_ws/install/xarm_description/share/xarm_description//meshes/xarm6
[1.058s] -- Installing: /home/serch/xarm_ws/install/xarm_description/share/xarm_description//meshes/xarm6/visual
[1.058s] -- Installing: /home/serch/xarm_ws/install/xarm_description/share/xarm_description//meshes/xarm6/visual/link6.stl
[1.059s] -- Installing: /home/serch/xarm_ws/install/xarm_description/share/xarm_description//meshes/xarm6/visual/link4.stl
[1.060s] -- Installing: /home/serch/xarm_ws/install/xarm_description/share/xarm_description//meshes/xarm6/visual/link1.stl
[1.065s] -- Installing: /home/serch/xarm_ws/install/xarm_description/share/xarm_description//meshes/xarm6/visual/link2.stl
[1.073s] -- Installing: /home/serch/xarm_ws/install/xarm_description/share/xarm_description//meshes/xarm6/visual/link_base.stl
[1.074s] -- Installing: /home/serch/xarm_ws/install/xarm_description/share/xarm_description//meshes/xarm6/visual/link3.stl
[1.074s] -- Installing: /home/serch/xarm_ws/install/xarm_description/share/xarm_description//meshes/xarm6/visual/link5.stl
[1.074s] -- Installing: /home/serch/xarm_ws/install/xarm_description/share/xarm_description//meshes/xarm7_mirror
[1.074s] -- Installing: /home/serch/xarm_ws/install/xarm_description/share/xarm_description//meshes/xarm7_mirror/collision
[1.074s] -- Installing: /home/serch/xarm_ws/install/xarm_description/share/xarm_description//meshes/xarm7_mirror/collision/link6.stl
[1.078s] -- Installing: /home/serch/xarm_ws/install/xarm_description/share/xarm_description//meshes/xarm7_mirror/collision/link7.stl
[1.079s] -- Installing: /home/serch/xarm_ws/install/xarm_description/share/xarm_description//meshes/xarm7_mirror/collision/link4.stl
[1.080s] -- Installing: /home/serch/xarm_ws/install/xarm_description/share/xarm_description//meshes/xarm7_mirror/collision/link1.stl
[1.081s] -- Installing: /home/serch/xarm_ws/install/xarm_description/share/xarm_description//meshes/xarm7_mirror/collision/link2.stl
[1.085s] -- Installing: /home/serch/xarm_ws/install/xarm_description/share/xarm_description//meshes/xarm7_mirror/collision/link_base.stl
[1.086s] -- Installing: /home/serch/xarm_ws/install/xarm_description/share/xarm_description//meshes/xarm7_mirror/collision/link3.stl
[1.092s] -- Installing: /home/serch/xarm_ws/install/xarm_description/share/xarm_description//meshes/xarm7_mirror/collision/link5.stl
[1.093s] -- Installing: /home/serch/xarm_ws/install/xarm_description/share/xarm_description//meshes/xarm7_mirror/visual
[1.093s] -- Installing: /home/serch/xarm_ws/install/xarm_description/share/xarm_description//meshes/xarm7_mirror/visual/link6.stl
[1.099s] -- Installing: /home/serch/xarm_ws/install/xarm_description/share/xarm_description//meshes/xarm7_mirror/visual/link7.stl
[1.099s] -- Installing: /home/serch/xarm_ws/install/xarm_description/share/xarm_description//meshes/xarm7_mirror/visual/link4.stl
[1.100s] -- Installing: /home/serch/xarm_ws/install/xarm_description/share/xarm_description//meshes/xarm7_mirror/visual/link1.stl
[1.100s] -- Installing: /home/serch/xarm_ws/install/xarm_description/share/xarm_description//meshes/xarm7_mirror/visual/link2.stl
[1.102s] -- Installing: /home/serch/xarm_ws/install/xarm_description/share/xarm_description//meshes/xarm7_mirror/visual/link_base.stl
[1.108s] -- Installing: /home/serch/xarm_ws/install/xarm_description/share/xarm_description//meshes/xarm7_mirror/visual/link3.stl
[1.108s] -- Installing: /home/serch/xarm_ws/install/xarm_description/share/xarm_description//meshes/xarm7_mirror/visual/link5.stl
[1.110s] -- Installing: /home/serch/xarm_ws/install/xarm_description/share/xarm_description//meshes/end_tool
[1.111s] -- Installing: /home/serch/xarm_ws/install/xarm_description/share/xarm_description//meshes/end_tool/collision
[1.111s] -- Installing: /home/serch/xarm_ws/install/xarm_description/share/xarm_description//meshes/end_tool/collision/end_tool_1300.stl
[1.117s] -- Installing: /home/serch/xarm_ws/install/xarm_description/share/xarm_description//meshes/end_tool/collision/end_tool.stl
[1.117s] -- Installing: /home/serch/xarm_ws/install/xarm_description/share/xarm_description//meshes/end_tool/visual
[1.117s] -- Installing: /home/serch/xarm_ws/install/xarm_description/share/xarm_description//meshes/end_tool/visual/end_tool_1300.stl
[1.117s] -- Installing: /home/serch/xarm_ws/install/xarm_description/share/xarm_description//meshes/xarm6_1305
[1.117s] -- Installing: /home/serch/xarm_ws/install/xarm_description/share/xarm_description//meshes/xarm6_1305/collision
[1.117s] -- Installing: /home/serch/xarm_ws/install/xarm_description/share/xarm_description//meshes/xarm6_1305/collision/link1.obj
[1.117s] -- Installing: /home/serch/xarm_ws/install/xarm_description/share/xarm_description//meshes/xarm6_1305/collision/link4.obj
[1.117s] -- Installing: /home/serch/xarm_ws/install/xarm_description/share/xarm_description//meshes/xarm6_1305/collision/link5.obj
[1.118s] -- Installing: /home/serch/xarm_ws/install/xarm_description/share/xarm_description//meshes/xarm6_1305/collision/link_base.obj
[1.118s] -- Installing: /home/serch/xarm_ws/install/xarm_description/share/xarm_description//meshes/xarm6_1305/collision/link3.obj
[1.119s] -- Installing: /home/serch/xarm_ws/install/xarm_description/share/xarm_description//meshes/xarm6_1305/collision/link2.obj
[1.121s] -- Installing: /home/serch/xarm_ws/install/xarm_description/share/xarm_description//meshes/xarm6_1305/collision/link6.obj
[1.121s] -- Installing: /home/serch/xarm_ws/install/xarm_description/share/xarm_description//meshes/xarm6_1305/visual
[1.121s] -- Installing: /home/serch/xarm_ws/install/xarm_description/share/xarm_description//meshes/xarm6_1305/visual/link6.stl
[1.122s] -- Installing: /home/serch/xarm_ws/install/xarm_description/share/xarm_description//meshes/xarm6_1305/visual/link4.stl
[1.124s] -- Installing: /home/serch/xarm_ws/install/xarm_description/share/xarm_description//meshes/xarm6_1305/visual/link1.stl
[1.128s] -- Installing: /home/serch/xarm_ws/install/xarm_description/share/xarm_description//meshes/xarm6_1305/visual/link2.stl
[1.129s] -- Installing: /home/serch/xarm_ws/install/xarm_description/share/xarm_description//meshes/xarm6_1305/visual/link_base.stl
[1.130s] -- Installing: /home/serch/xarm_ws/install/xarm_description/share/xarm_description//meshes/xarm6_1305/visual/link3.stl
[1.133s] -- Installing: /home/serch/xarm_ws/install/xarm_description/share/xarm_description//meshes/xarm6_1305/visual/link5.stl
[1.136s] -- Installing: /home/serch/xarm_ws/install/xarm_description/share/xarm_description//meshes/gripper
[1.136s] -- Installing: /home/serch/xarm_ws/install/xarm_description/share/xarm_description//meshes/gripper/xarm
[1.136s] -- Installing: /home/serch/xarm_ws/install/xarm_description/share/xarm_description//meshes/gripper/xarm/left_finger.stl
[1.140s] -- Installing: /home/serch/xarm_ws/install/xarm_description/share/xarm_description//meshes/gripper/xarm/left_outer_knuckle.stl
[1.141s] -- Installing: /home/serch/xarm_ws/install/xarm_description/share/xarm_description//meshes/gripper/xarm/left_inner_knuckle.stl
[1.142s] -- Installing: /home/serch/xarm_ws/install/xarm_description/share/xarm_description//meshes/gripper/xarm/right_outer_knuckle.stl
[1.147s] -- Installing: /home/serch/xarm_ws/install/xarm_description/share/xarm_description//meshes/gripper/xarm/base_link.stl
[1.150s] -- Installing: /home/serch/xarm_ws/install/xarm_description/share/xarm_description//meshes/gripper/xarm/right_inner_knuckle.stl
[1.155s] -- Installing: /home/serch/xarm_ws/install/xarm_description/share/xarm_description//meshes/gripper/xarm/right_finger.stl
[1.156s] -- Installing: /home/serch/xarm_ws/install/xarm_description/share/xarm_description//meshes/gripper/lite
[1.157s] -- Installing: /home/serch/xarm_ws/install/xarm_description/share/xarm_description//meshes/gripper/lite/collision
[1.157s] -- Installing: /home/serch/xarm_ws/install/xarm_description/share/xarm_description//meshes/gripper/lite/collision/gripper_lite.stl
[1.158s] -- Installing: /home/serch/xarm_ws/install/xarm_description/share/xarm_description//meshes/gripper/lite/visual
[1.158s] -- Installing: /home/serch/xarm_ws/install/xarm_description/share/xarm_description//meshes/gripper/lite/visual/gripper_lite.stl
[1.163s] -- Installing: /home/serch/xarm_ws/install/xarm_description/share/xarm_description//meshes/gripper/bio
[1.163s] -- Installing: /home/serch/xarm_ws/install/xarm_description/share/xarm_description//meshes/gripper/bio/left_finger.stl
[1.163s] -- Installing: /home/serch/xarm_ws/install/xarm_description/share/xarm_description//meshes/gripper/bio/link_base.stl
[1.171s] -- Installing: /home/serch/xarm_ws/install/xarm_description/share/xarm_description//meshes/gripper/bio/right_finger.stl
[1.172s] -- Installing: /home/serch/xarm_ws/install/xarm_description/share/xarm_description//meshes/xarm7
[1.172s] -- Installing: /home/serch/xarm_ws/install/xarm_description/share/xarm_description//meshes/xarm7/visual
[1.173s] -- Installing: /home/serch/xarm_ws/install/xarm_description/share/xarm_description//meshes/xarm7/visual/link6.stl
[1.173s] -- Installing: /home/serch/xarm_ws/install/xarm_description/share/xarm_description//meshes/xarm7/visual/link7.stl
[1.173s] -- Installing: /home/serch/xarm_ws/install/xarm_description/share/xarm_description//meshes/xarm7/visual/link4.stl
[1.173s] -- Installing: /home/serch/xarm_ws/install/xarm_description/share/xarm_description//meshes/xarm7/visual/link1.stl
[1.174s] -- Installing: /home/serch/xarm_ws/install/xarm_description/share/xarm_description//meshes/xarm7/visual/link2.stl
[1.174s] -- Installing: /home/serch/xarm_ws/install/xarm_description/share/xarm_description//meshes/xarm7/visual/link_base.stl
[1.176s] -- Installing: /home/serch/xarm_ws/install/xarm_description/share/xarm_description//meshes/xarm7/visual/link3.stl
[1.181s] -- Installing: /home/serch/xarm_ws/install/xarm_description/share/xarm_description//meshes/xarm7/visual/link5.stl
[1.189s] -- Installing: /home/serch/xarm_ws/install/xarm_description/share/xarm_description//meshes/xarm5
[1.190s] -- Installing: /home/serch/xarm_ws/install/xarm_description/share/xarm_description//meshes/xarm5/visual
[1.191s] -- Installing: /home/serch/xarm_ws/install/xarm_description/share/xarm_description//meshes/xarm5/visual/link4.stl
[1.191s] -- Installing: /home/serch/xarm_ws/install/xarm_description/share/xarm_description//meshes/xarm5/visual/link1.stl
[1.191s] -- Installing: /home/serch/xarm_ws/install/xarm_description/share/xarm_description//meshes/xarm5/visual/link2.stl
[1.191s] -- Installing: /home/serch/xarm_ws/install/xarm_description/share/xarm_description//meshes/xarm5/visual/link_base.stl
[1.194s] -- Installing: /home/serch/xarm_ws/install/xarm_description/share/xarm_description//meshes/xarm5/visual/link3.stl
[1.195s] -- Installing: /home/serch/xarm_ws/install/xarm_description/share/xarm_description//meshes/xarm5/visual/link5.stl
[1.199s] -- Installing: /home/serch/xarm_ws/install/xarm_description/share/xarm_description//meshes/lite6
[1.200s] -- Installing: /home/serch/xarm_ws/install/xarm_description/share/xarm_description//meshes/lite6/collision
[1.200s] -- Installing: /home/serch/xarm_ws/install/xarm_description/share/xarm_description//meshes/lite6/collision/link6.stl
[1.200s] -- Installing: /home/serch/xarm_ws/install/xarm_description/share/xarm_description//meshes/lite6/collision/link4.stl
[1.201s] -- Installing: /home/serch/xarm_ws/install/xarm_description/share/xarm_description//meshes/lite6/collision/link1.stl
[1.201s] -- Installing: /home/serch/xarm_ws/install/xarm_description/share/xarm_description//meshes/lite6/collision/link2.stl
[1.205s] -- Installing: /home/serch/xarm_ws/install/xarm_description/share/xarm_description//meshes/lite6/collision/link_base.stl
[1.205s] -- Installing: /home/serch/xarm_ws/install/xarm_description/share/xarm_description//meshes/lite6/collision/link3.stl
[1.206s] -- Installing: /home/serch/xarm_ws/install/xarm_description/share/xarm_description//meshes/lite6/collision/link5.stl
[1.214s] -- Installing: /home/serch/xarm_ws/install/xarm_description/share/xarm_description//meshes/lite6/visual
[1.214s] -- Installing: /home/serch/xarm_ws/install/xarm_description/share/xarm_description//meshes/lite6/visual/link6.stl
[1.214s] -- Installing: /home/serch/xarm_ws/install/xarm_description/share/xarm_description//meshes/lite6/visual/link4.stl
[1.214s] -- Installing: /home/serch/xarm_ws/install/xarm_description/share/xarm_description//meshes/lite6/visual/link1.stl
[1.214s] -- Installing: /home/serch/xarm_ws/install/xarm_description/share/xarm_description//meshes/lite6/visual/link2.stl
[1.221s] -- Installing: /home/serch/xarm_ws/install/xarm_description/share/xarm_description//meshes/lite6/visual/link_base.stl
[1.221s] -- Installing: /home/serch/xarm_ws/install/xarm_description/share/xarm_description//meshes/lite6/visual/link3.stl
[1.221s] -- Installing: /home/serch/xarm_ws/install/xarm_description/share/xarm_description//meshes/lite6/visual/link5.stl
[1.230s] -- Installing: /home/serch/xarm_ws/install/xarm_description/share/xarm_description//meshes/camera
[1.230s] -- Installing: /home/serch/xarm_ws/install/xarm_description/share/xarm_description//meshes/camera/realsense
[1.230s] -- Installing: /home/serch/xarm_ws/install/xarm_description/share/xarm_description//meshes/camera/realsense/collision
[1.230s] -- Installing: /home/serch/xarm_ws/install/xarm_description/share/xarm_description//meshes/camera/realsense/collision/d435_with_cam_stand.stl
[1.230s] -- Installing: /home/serch/xarm_ws/install/xarm_description/share/xarm_description//meshes/camera/realsense/visual
[1.231s] -- Installing: /home/serch/xarm_ws/install/xarm_description/share/xarm_description//meshes/camera/realsense/visual/d435_with_cam_stand.stl
[1.231s] -- Installing: /home/serch/xarm_ws/install/xarm_description/share/xarm_description//meshes/vacuum_gripper
[1.231s] -- Installing: /home/serch/xarm_ws/install/xarm_description/share/xarm_description//meshes/vacuum_gripper/xarm
[1.231s] -- Installing: /home/serch/xarm_ws/install/xarm_description/share/xarm_description//meshes/vacuum_gripper/xarm/collision
[1.231s] -- Installing: /home/serch/xarm_ws/install/xarm_description/share/xarm_description//meshes/vacuum_gripper/xarm/collision/vacuum_gripper.stl
[1.236s] -- Installing: /home/serch/xarm_ws/install/xarm_description/share/xarm_description//meshes/vacuum_gripper/xarm/visual
[1.237s] -- Installing: /home/serch/xarm_ws/install/xarm_description/share/xarm_description//meshes/vacuum_gripper/xarm/visual/vacuum_gripper.stl
[1.237s] -- Installing: /home/serch/xarm_ws/install/xarm_description/share/xarm_description//meshes/vacuum_gripper/lite
[1.237s] -- Installing: /home/serch/xarm_ws/install/xarm_description/share/xarm_description//meshes/vacuum_gripper/lite/collision
[1.237s] -- Installing: /home/serch/xarm_ws/install/xarm_description/share/xarm_description//meshes/vacuum_gripper/lite/collision/vacuum_gripper_lite.stl
[1.238s] -- Installing: /home/serch/xarm_ws/install/xarm_description/share/xarm_description//meshes/vacuum_gripper/lite/visual
[1.239s] -- Installing: /home/serch/xarm_ws/install/xarm_description/share/xarm_description//meshes/vacuum_gripper/lite/visual/vacuum_gripper_lite.stl
[1.240s] -- Installing: /home/serch/xarm_ws/install/xarm_description/share/xarm_description//meshes/uf850
[1.240s] -- Installing: /home/serch/xarm_ws/install/xarm_description/share/xarm_description//meshes/uf850/collision
[1.241s] -- Installing: /home/serch/xarm_ws/install/xarm_description/share/xarm_description//meshes/uf850/collision/link6.stl
[1.242s] -- Installing: /home/serch/xarm_ws/install/xarm_description/share/xarm_description//meshes/uf850/collision/link4.stl
[1.242s] -- Installing: /home/serch/xarm_ws/install/xarm_description/share/xarm_description//meshes/uf850/collision/link1.stl
[1.248s] -- Installing: /home/serch/xarm_ws/install/xarm_description/share/xarm_description//meshes/uf850/collision/link2.stl
[1.251s] -- Installing: /home/serch/xarm_ws/install/xarm_description/share/xarm_description//meshes/uf850/collision/link_base.stl
[1.252s] -- Installing: /home/serch/xarm_ws/install/xarm_description/share/xarm_description//meshes/uf850/collision/link3.stl
[1.252s] -- Installing: /home/serch/xarm_ws/install/xarm_description/share/xarm_description//meshes/uf850/collision/link5.stl
[1.253s] -- Installing: /home/serch/xarm_ws/install/xarm_description/share/xarm_description//meshes/uf850/visual
[1.253s] -- Installing: /home/serch/xarm_ws/install/xarm_description/share/xarm_description//meshes/uf850/visual/link6.stl
[1.258s] -- Installing: /home/serch/xarm_ws/install/xarm_description/share/xarm_description//meshes/uf850/visual/link4.stl
[1.266s] -- Installing: /home/serch/xarm_ws/install/xarm_description/share/xarm_description//meshes/uf850/visual/link1.stl
[1.270s] -- Installing: /home/serch/xarm_ws/install/xarm_description/share/xarm_description//meshes/uf850/visual/link2.stl
[1.270s] -- Installing: /home/serch/xarm_ws/install/xarm_description/share/xarm_description//meshes/uf850/visual/link_base.stl
[1.271s] -- Installing: /home/serch/xarm_ws/install/xarm_description/share/xarm_description//meshes/uf850/visual/link3.stl
[1.278s] -- Installing: /home/serch/xarm_ws/install/xarm_description/share/xarm_description//meshes/uf850/visual/link5.stl
[1.279s] -- Installing: /home/serch/xarm_ws/install/xarm_description/share/xarm_description//launch
[1.279s] -- Installing: /home/serch/xarm_ws/install/xarm_description/share/xarm_description//launch/xarm5_rviz_display.launch.py
[1.280s] -- Installing: /home/serch/xarm_ws/install/xarm_description/share/xarm_description//launch/_robot_description.launch.py
[1.280s] -- Installing: /home/serch/xarm_ws/install/xarm_description/share/xarm_description//launch/lite6_rviz_display.launch.py
[1.280s] -- Installing: /home/serch/xarm_ws/install/xarm_description/share/xarm_description//launch/_robot_rviz_display.launch.py
[1.281s] -- Installing: /home/serch/xarm_ws/install/xarm_description/share/xarm_description//launch/_robot_joint_state.launch.py
[1.281s] -- Installing: /home/serch/xarm_ws/install/xarm_description/share/xarm_description//launch/xarm7_mirror_rviz_display.launch.py
[1.285s] -- Installing: /home/serch/xarm_ws/install/xarm_description/share/xarm_description//launch/uf850_rviz_display.launch.py
[1.286s] -- Installing: /home/serch/xarm_ws/install/xarm_description/share/xarm_description//launch/xarm6_rviz_display.launch.py
[1.286s] -- Installing: /home/serch/xarm_ws/install/xarm_description/share/xarm_description//launch/lib
[1.286s] -- Installing: /home/serch/xarm_ws/install/xarm_description/share/xarm_description//launch/lib/robot_description_lib.py
[1.287s] -- Installing: /home/serch/xarm_ws/install/xarm_description/share/xarm_description//launch/_rviz_display.launch.py
[1.287s] -- Installing: /home/serch/xarm_ws/install/xarm_description/share/xarm_description//launch/xarm7_rviz_display.launch.py
[1.288s] -- Installing: /home/serch/xarm_ws/install/xarm_description/share/ament_index/resource_index/package_run_dependencies/xarm_description
[1.288s] -- Installing: /home/serch/xarm_ws/install/xarm_description/share/ament_index/resource_index/parent_prefix_path/xarm_description
[1.289s] -- Installing: /home/serch/xarm_ws/install/xarm_description/share/xarm_description/environment/ament_prefix_path.sh
[1.293s] -- Installing: /home/serch/xarm_ws/install/xarm_description/share/xarm_description/environment/ament_prefix_path.dsv
[1.293s] -- Installing: /home/serch/xarm_ws/install/xarm_description/share/xarm_description/environment/path.sh
[1.298s] -- Installing: /home/serch/xarm_ws/install/xarm_description/share/xarm_description/environment/path.dsv
[1.298s] -- Installing: /home/serch/xarm_ws/install/xarm_description/share/xarm_description/local_setup.bash
[1.298s] -- Installing: /home/serch/xarm_ws/install/xarm_description/share/xarm_description/local_setup.sh
[1.298s] -- Installing: /home/serch/xarm_ws/install/xarm_description/share/xarm_description/local_setup.zsh
[1.299s] -- Installing: /home/serch/xarm_ws/install/xarm_description/share/xarm_description/local_setup.dsv
[1.299s] -- Installing: /home/serch/xarm_ws/install/xarm_description/share/xarm_description/package.dsv
[1.299s] -- Installing: /home/serch/xarm_ws/install/xarm_description/share/ament_index/resource_index/packages/xarm_description
[1.299s] -- Installing: /home/serch/xarm_ws/install/xarm_description/share/xarm_description/cmake/xarm_descriptionConfig.cmake
[1.299s] -- Installing: /home/serch/xarm_ws/install/xarm_description/share/xarm_description/cmake/xarm_descriptionConfig-version.cmake
[1.299s] -- Installing: /home/serch/xarm_ws/install/xarm_description/share/xarm_description/package.xml
[1.305s] Invoked command in '/home/serch/xarm_ws/build/xarm_description' returned '0': CMAKE_PREFIX_PATH=${CMAKE_PREFIX_PATH}:/home/serch/ros2_ws/install/robot_controller_pkg:/home/serch/ros2_ws/install/Coppelia_RC:/opt/ros/humble /usr/bin/cmake --install /home/serch/xarm_ws/build/xarm_description
