[1.956s] Invoking command in '/home/serch/xarm_ws/src/vision_xarm': PYTHONPATH=/home/serch/xarm_ws/build/vision_xarm/prefix_override:/usr/lib/python3/dist-packages/colcon_core/task/python/colcon_distutils_commands:/home/serch/xarm_ws/install/vision_xarm/lib/python3.10/site-packages:${PYTHONPATH} /usr/bin/python3 -W ignore:setup.py install is deprecated -W ignore:easy_install command is deprecated setup.py egg_info --egg-base ../../build/vision_xarm build --build-base /home/serch/xarm_ws/build/vision_xarm/build install --record /home/serch/xarm_ws/build/vision_xarm/install.log --single-version-externally-managed install_data
[2.185s] running egg_info
[2.185s] writing ../../build/vision_xarm/vision_xarm.egg-info/PKG-INFO
[2.186s] writing dependency_links to ../../build/vision_xarm/vision_xarm.egg-info/dependency_links.txt
[2.186s] writing entry points to ../../build/vision_xarm/vision_xarm.egg-info/entry_points.txt
[2.186s] writing requirements to ../../build/vision_xarm/vision_xarm.egg-info/requires.txt
[2.186s] writing top-level names to ../../build/vision_xarm/vision_xarm.egg-info/top_level.txt
[2.187s] reading manifest file '../../build/vision_xarm/vision_xarm.egg-info/SOURCES.txt'
[2.188s] writing manifest file '../../build/vision_xarm/vision_xarm.egg-info/SOURCES.txt'
[2.188s] running build
[2.188s] running build_py
[2.188s] running install
[2.188s] running install_lib
[2.189s] running install_data
[2.190s] running install_egg_info
[2.191s] removing '/home/serch/xarm_ws/install/vision_xarm/lib/python3.10/site-packages/vision_xarm-0.0.0-py3.10.egg-info' (and everything under it)
[2.191s] Copying ../../build/vision_xarm/vision_xarm.egg-info to /home/serch/xarm_ws/install/vision_xarm/lib/python3.10/site-packages/vision_xarm-0.0.0-py3.10.egg-info
[2.192s] running install_scripts
[2.219s] Installing color_map script to /home/serch/xarm_ws/install/vision_xarm/lib/vision_xarm
[2.219s] Installing nube_kinect script to /home/serch/xarm_ws/install/vision_xarm/lib/vision_xarm
[2.220s] writing list of installed files to '/home/serch/xarm_ws/build/vision_xarm/install.log'
[2.294s] Invoked command in '/home/serch/xarm_ws/src/vision_xarm' returned '0': PYTHONPATH=/home/serch/xarm_ws/build/vision_xarm/prefix_override:/usr/lib/python3/dist-packages/colcon_core/task/python/colcon_distutils_commands:/home/serch/xarm_ws/install/vision_xarm/lib/python3.10/site-packages:${PYTHONPATH} /usr/bin/python3 -W ignore:setup.py install is deprecated -W ignore:easy_install command is deprecated setup.py egg_info --egg-base ../../build/vision_xarm build --build-base /home/serch/xarm_ws/build/vision_xarm/build install --record /home/serch/xarm_ws/build/vision_xarm/install.log --single-version-externally-managed install_data
