[0.054s] Invoking command in '/home/serch/xarm_ws/build/xarm_msgs': CMAKE_PREFIX_PATH=${CMAKE_PREFIX_PATH}:/home/serch/xarm_ws/install/vision_xarm:/home/serch/xarm_ws/install/uf_ros_lib:/home/serch/xarm_ws/install/pose_estimator:/home/serch/xarm_ws/install/image_converter:/home/serch/ros2_ws/install/robot_controller_pkg:/home/serch/ros2_ws/install/Coppelia_RC:/opt/ros/humble /usr/bin/cmake --build /home/serch/xarm_ws/build/xarm_msgs -- -j16 -l16
[0.899s] [  0%] Built target xarm_msgs__cpp
[0.899s] [ 12%] Built target xarm_msgs__rosidl_generator_c
[0.899s] [ 12%] Built target ament_cmake_python_copy_xarm_msgs
[0.899s] [ 25%] Built target xarm_msgs__rosidl_typesupport_c
[0.899s] [ 37%] Built target xarm_msgs__rosidl_typesupport_cpp
[0.899s] [ 63%] Built target xarm_msgs__rosidl_typesupport_introspection_cpp
[0.899s] [ 63%] Built target xarm_msgs__rosidl_typesupport_introspection_c
[0.899s] [ 75%] Built target xarm_msgs__rosidl_typesupport_fastrtps_cpp
[0.899s] [ 88%] Built target xarm_msgs__rosidl_typesupport_fastrtps_c
[0.899s] [ 88%] Built target xarm_msgs
[0.900s] [ 88%] Built target xarm_msgs__py
[0.900s] [100%] Built target xarm_msgs__rosidl_generator_py
[0.900s] [100%] Built target xarm_msgs__rosidl_typesupport_c__pyext
[0.900s] [100%] Built target xarm_msgs__rosidl_typesupport_introspection_c__pyext
[0.901s] [100%] Built target xarm_msgs__rosidl_typesupport_fastrtps_c__pyext
[0.901s] running egg_info
[0.901s] writing xarm_msgs.egg-info/PKG-INFO
[0.901s] writing dependency_links to xarm_msgs.egg-info/dependency_links.txt
[0.901s] writing top-level names to xarm_msgs.egg-info/top_level.txt
[0.901s] reading manifest file 'xarm_msgs.egg-info/SOURCES.txt'
[0.901s] writing manifest file 'xarm_msgs.egg-info/SOURCES.txt'
[0.901s] [100%] Built target ament_cmake_python_build_xarm_msgs_egg
