[0.642s] Invoking command in '/home/serch/xarm_ws/build/realsense_gazebo_plugin': CMAKE_PREFIX_PATH=${CMAKE_PREFIX_PATH}:/home/serch/ros2_ws/install/robot_controller_pkg:/home/serch/ros2_ws/install/Coppelia_RC:/opt/ros/humble /usr/bin/cmake /home/serch/xarm_ws/src/xarm_ros2/thirdparty/realsense_gazebo_plugin -DCMAKE_INSTALL_PREFIX=/home/serch/xarm_ws/install/realsense_gazebo_plugin
[0.685s] -- The C compiler identification is GNU 11.4.0
[0.732s] -- The CXX compiler identification is GNU 11.4.0
[0.738s] -- Detecting C compiler ABI info
[0.795s] -- Detecting C compiler ABI info - done
[0.800s] -- Check for working C compiler: /usr/bin/cc - skipped
[0.801s] -- Detecting C compile features
[0.801s] -- Detecting C compile features - done
[0.803s] -- Detecting CXX compiler ABI info
[0.868s] -- Detecting CXX compiler ABI info - done
[0.874s] -- Check for working CXX compiler: /usr/bin/c++ - skipped
[0.876s] -- Detecting CXX compile features
[0.876s] -- Detecting CXX compile features - done
[0.877s] -- Found ament_cmake: 1.3.11 (/opt/ros/humble/share/ament_cmake/cmake)
[1.177s] -- Found Python3: /usr/bin/python3 (found version "3.10.12") found components: Interpreter 
[1.464s] -- Found rclcpp: 16.0.12 (/opt/ros/humble/share/rclcpp/cmake)
[1.563s] -- Found rosidl_generator_c: 3.1.6 (/opt/ros/humble/share/rosidl_generator_c/cmake)
[1.571s] -- Found rosidl_adapter: 3.1.6 (/opt/ros/humble/share/rosidl_adapter/cmake)
[1.584s] -- Found rosidl_generator_cpp: 3.1.6 (/opt/ros/humble/share/rosidl_generator_cpp/cmake)
[1.600s] -- Using all available rosidl_typesupport_c: rosidl_typesupport_fastrtps_c;rosidl_typesupport_introspection_c
[1.627s] -- Using all available rosidl_typesupport_cpp: rosidl_typesupport_fastrtps_cpp;rosidl_typesupport_introspection_cpp
[1.711s] -- Found rmw_implementation_cmake: 6.1.2 (/opt/ros/humble/share/rmw_implementation_cmake/cmake)
[1.715s] -- Found rmw_fastrtps_cpp: 6.2.7 (/opt/ros/humble/share/rmw_fastrtps_cpp/cmake)
[1.936s] -- Found OpenSSL: /usr/lib/x86_64-linux-gnu/libcrypto.so (found version "3.0.2")  
[2.023s] -- Found FastRTPS: /opt/ros/foxy/include  
[2.128s] -- Using RMW implementation 'rmw_fastrtps_cpp' as default
[2.141s] -- Looking for pthread.h
[2.368s] -- Looking for pthread.h - found
[2.369s] -- Performing Test CMAKE_HAVE_LIBC_PTHREAD
[2.529s] -- Performing Test CMAKE_HAVE_LIBC_PTHREAD - Success
[2.530s] -- Found Threads: TRUE  
[2.655s] -- Found gazebo_ros: 3.9.0 (/opt/ros/humble/share/gazebo_ros/cmake)
[2.672s] -- Found PkgConfig: /usr/bin/pkg-config (found version "0.29.2") 
[2.674s] -- Checking for module 'bullet>=2.82'
[2.704s] --   Found bullet, version 3.05
[2.895s] -- Found fcl: /usr/include (found suitable version "0.7.0", minimum required is "0.5.0") 
[2.962s] -- Found assimp: /usr/include (found version "5.2.0") 
[2.992s] -- Found DART: /usr/include (Required is at least version "6.6") found components: dart 
[3.024s] -- Found Boost: /usr/lib/x86_64-linux-gnu/cmake/Boost-1.74.0/BoostConfig.cmake (found suitable version "1.74.0", minimum required is "1.40.0") found components: thread system filesystem program_options regex iostreams date_time 
[3.041s] -- Found Protobuf: /usr/lib/x86_64-linux-gnu/libprotobuf.so (found version "3.12.4") 
[3.047s] -- Looking for ignition-math6 -- found version 6.15.1
[3.056s] -- Searching for dependencies of ignition-math6
[3.057s] -- Looking for OGRE...
[3.058s] -- OGRE_PREFIX_WATCH changed.
[3.063s] -- Checking for module 'OGRE'
[3.076s] --   Found OGRE, version 1.9.0
[3.118s] -- Found Ogre Ghadamon (1.9.0)
[3.129s] -- Found OGRE: optimized;/usr/lib/x86_64-linux-gnu/libOgreMain.so;debug;/usr/lib/x86_64-linux-gnu/libOgreMain.so
[3.137s] -- Looking for OGRE_Paging...
[3.146s] -- Found OGRE_Paging: optimized;/usr/lib/x86_64-linux-gnu/libOgrePaging.so;debug;/usr/lib/x86_64-linux-gnu/libOgrePaging.so
[3.146s] -- Looking for OGRE_Terrain...
[3.152s] -- Found OGRE_Terrain: optimized;/usr/lib/x86_64-linux-gnu/libOgreTerrain.so;debug;/usr/lib/x86_64-linux-gnu/libOgreTerrain.so
[3.152s] -- Looking for OGRE_Property...
[3.159s] -- Found OGRE_Property: optimized;/usr/lib/x86_64-linux-gnu/libOgreProperty.so;debug;/usr/lib/x86_64-linux-gnu/libOgreProperty.so
[3.159s] -- Looking for OGRE_RTShaderSystem...
[3.165s] -- Found OGRE_RTShaderSystem: optimized;/usr/lib/x86_64-linux-gnu/libOgreRTShaderSystem.so;debug;/usr/lib/x86_64-linux-gnu/libOgreRTShaderSystem.so
[3.165s] -- Looking for OGRE_Volume...
[3.170s] -- Found OGRE_Volume: optimized;/usr/lib/x86_64-linux-gnu/libOgreVolume.so;debug;/usr/lib/x86_64-linux-gnu/libOgreVolume.so
[3.170s] -- Looking for OGRE_Overlay...
[3.176s] -- Found OGRE_Overlay: optimized;/usr/lib/x86_64-linux-gnu/libOgreOverlay.so;debug;/usr/lib/x86_64-linux-gnu/libOgreOverlay.so
[3.334s] -- Looking for ignition-math6 -- found version 6.15.1
[3.337s] -- Looking for ignition-transport8 -- found version 8.2.1
[3.337s] -- Searching for dependencies of ignition-transport8
[3.355s] -- Found Protobuf: /usr/lib/x86_64-linux-gnu/libprotobuf.so (found suitable version "3.12.4", minimum required is "3") 
[3.366s] -- Config-file not installed for ZeroMQ -- checking for pkg-config
[3.372s] -- Checking for module 'libzmq >= 4'
[3.389s] --   Found libzmq , version 4.3.4
[3.430s] -- Found ZeroMQ: TRUE (Required is at least version "4") 
[3.437s] -- Checking for module 'uuid'
[3.451s] --   Found uuid, version 2.37.2
[3.489s] -- Found UUID: TRUE  
[3.492s] -- Looking for ignition-msgs5 -- found version 5.8.1
[3.492s] -- Searching for dependencies of ignition-msgs5
[3.523s] -- Looking for ignition-math6 -- found version 6.15.1
[3.531s] -- Checking for module 'tinyxml2'
[3.553s] --   Found tinyxml2, version 9.0.0
[3.605s] -- Looking for ignition-msgs5 -- found version 5.8.1
[3.610s] -- Looking for ignition-common3 -- found version 3.14.0
[3.610s] -- Searching for dependencies of ignition-common3
[3.611s] -- Looking for dlfcn.h - found
[3.613s] -- Looking for libdl - found
[3.615s] -- Found DL: TRUE  
[3.633s] -- Found tinyobjloader: /usr/lib/x86_64-linux-gnu/cmake/tinyobjloader/tinyobjloader-config.cmake (found version "2.0.0") 
[3.634s] -- Searching for <ignition-common3> component [graphics]
[3.638s] -- Looking for ignition-common3-graphics -- found version 3.14.0
[3.638s] -- Searching for dependencies of ignition-common3-graphics
[3.639s] -- Looking for ignition-math6 -- found version 6.15.1
[3.644s] -- Looking for ignition-fuel_tools4 -- found version 4.4.0
[3.644s] -- Searching for dependencies of ignition-fuel_tools4
[3.739s] -- Found CURL: /usr/lib/x86_64-linux-gnu/libcurl.so (found version "7.81.0")  
[3.750s] -- Checking for module 'jsoncpp'
[3.767s] --   Found jsoncpp, version 1.9.5
[3.812s] -- Found JSONCPP: TRUE  
[3.819s] -- Checking for module 'libzip'
[3.833s] --   Found libzip, version 1.7.3
[3.869s] -- Found ZIP: TRUE  
[3.869s] -- Looking for ignition-common3 -- found version 3.14.0
[3.869s] -- Looking for ignition-math6 -- found version 6.15.1
[3.870s] -- Looking for ignition-msgs5 -- found version 5.8.1
[3.874s] -- Gazebo version: 11.10
[3.874s] -- Checking for module 'tbb'
[3.889s] --   Found tbb, version 2021.5.0
[3.926s] -- Found image_transport: 3.1.11 (/opt/ros/humble/share/image_transport/cmake)
[3.987s] -- Found camera_info_manager: 3.1.11 (/opt/ros/humble/share/camera_info_manager/cmake)
[4.009s] -- Found ament_lint_auto: 0.12.12 (/opt/ros/humble/share/ament_lint_auto/cmake)
[4.065s] -- Configuring done
[4.100s] -- Generating done
[4.104s] -- Build files have been written to: /home/serch/xarm_ws/build/realsense_gazebo_plugin
[4.119s] Invoked command in '/home/serch/xarm_ws/build/realsense_gazebo_plugin' returned '0': CMAKE_PREFIX_PATH=${CMAKE_PREFIX_PATH}:/home/serch/ros2_ws/install/robot_controller_pkg:/home/serch/ros2_ws/install/Coppelia_RC:/opt/ros/humble /usr/bin/cmake /home/serch/xarm_ws/src/xarm_ros2/thirdparty/realsense_gazebo_plugin -DCMAKE_INSTALL_PREFIX=/home/serch/xarm_ws/install/realsense_gazebo_plugin
[4.121s] Invoking command in '/home/serch/xarm_ws/build/realsense_gazebo_plugin': CMAKE_PREFIX_PATH=${CMAKE_PREFIX_PATH}:/home/serch/ros2_ws/install/robot_controller_pkg:/home/serch/ros2_ws/install/Coppelia_RC:/opt/ros/humble /usr/bin/cmake --build /home/serch/xarm_ws/build/realsense_gazebo_plugin -- -j16 -l16
[4.170s] [ 33%] [32mBuilding CXX object CMakeFiles/realsense_gazebo_plugin.dir/src/RealSensePlugin.cpp.o[0m
[4.172s] [ 66%] [32mBuilding CXX object CMakeFiles/realsense_gazebo_plugin.dir/src/gazebo_ros_realsense.cpp.o[0m
[27.475s] [100%] [32m[1mLinking CXX shared library librealsense_gazebo_plugin.so[0m
[28.080s] [100%] Built target realsense_gazebo_plugin
[28.091s] Invoked command in '/home/serch/xarm_ws/build/realsense_gazebo_plugin' returned '0': CMAKE_PREFIX_PATH=${CMAKE_PREFIX_PATH}:/home/serch/ros2_ws/install/robot_controller_pkg:/home/serch/ros2_ws/install/Coppelia_RC:/opt/ros/humble /usr/bin/cmake --build /home/serch/xarm_ws/build/realsense_gazebo_plugin -- -j16 -l16
[28.092s] Invoking command in '/home/serch/xarm_ws/build/realsense_gazebo_plugin': CMAKE_PREFIX_PATH=${CMAKE_PREFIX_PATH}:/home/serch/ros2_ws/install/robot_controller_pkg:/home/serch/ros2_ws/install/Coppelia_RC:/opt/ros/humble /usr/bin/cmake --install /home/serch/xarm_ws/build/realsense_gazebo_plugin
[28.098s] -- Install configuration: ""
[28.099s] -- Installing: /home/serch/xarm_ws/install/realsense_gazebo_plugin/lib/librealsense_gazebo_plugin.so
[28.102s] -- Set runtime path of "/home/serch/xarm_ws/install/realsense_gazebo_plugin/lib/librealsense_gazebo_plugin.so" to ""
[28.102s] -- Installing: /home/serch/xarm_ws/install/realsense_gazebo_plugin/include/
[28.103s] -- Installing: /home/serch/xarm_ws/install/realsense_gazebo_plugin/include//realsense_gazebo_plugin
[28.103s] -- Installing: /home/serch/xarm_ws/install/realsense_gazebo_plugin/include//realsense_gazebo_plugin/RealSensePlugin.h
[28.103s] -- Installing: /home/serch/xarm_ws/install/realsense_gazebo_plugin/include//realsense_gazebo_plugin/gazebo_ros_realsense.h
[28.103s] -- Installing: /home/serch/xarm_ws/install/realsense_gazebo_plugin/share/realsense_gazebo_plugin/environment/library_path.sh
[28.103s] -- Installing: /home/serch/xarm_ws/install/realsense_gazebo_plugin/share/realsense_gazebo_plugin/environment/library_path.dsv
[28.103s] -- Installing: /home/serch/xarm_ws/install/realsense_gazebo_plugin/share/ament_index/resource_index/package_run_dependencies/realsense_gazebo_plugin
[28.103s] -- Installing: /home/serch/xarm_ws/install/realsense_gazebo_plugin/share/ament_index/resource_index/parent_prefix_path/realsense_gazebo_plugin
[28.103s] -- Installing: /home/serch/xarm_ws/install/realsense_gazebo_plugin/share/realsense_gazebo_plugin/environment/ament_prefix_path.sh
[28.103s] -- Installing: /home/serch/xarm_ws/install/realsense_gazebo_plugin/share/realsense_gazebo_plugin/environment/ament_prefix_path.dsv
[28.104s] -- Installing: /home/serch/xarm_ws/install/realsense_gazebo_plugin/share/realsense_gazebo_plugin/environment/path.sh
[28.104s] -- Installing: /home/serch/xarm_ws/install/realsense_gazebo_plugin/share/realsense_gazebo_plugin/environment/path.dsv
[28.104s] -- Installing: /home/serch/xarm_ws/install/realsense_gazebo_plugin/share/realsense_gazebo_plugin/local_setup.bash
[28.104s] -- Installing: /home/serch/xarm_ws/install/realsense_gazebo_plugin/share/realsense_gazebo_plugin/local_setup.sh
[28.104s] -- Installing: /home/serch/xarm_ws/install/realsense_gazebo_plugin/share/realsense_gazebo_plugin/local_setup.zsh
[28.104s] -- Installing: /home/serch/xarm_ws/install/realsense_gazebo_plugin/share/realsense_gazebo_plugin/local_setup.dsv
[28.104s] -- Installing: /home/serch/xarm_ws/install/realsense_gazebo_plugin/share/realsense_gazebo_plugin/package.dsv
[28.104s] -- Installing: /home/serch/xarm_ws/install/realsense_gazebo_plugin/share/ament_index/resource_index/packages/realsense_gazebo_plugin
[28.104s] -- Installing: /home/serch/xarm_ws/install/realsense_gazebo_plugin/share/realsense_gazebo_plugin/cmake/ament_cmake_export_include_directories-extras.cmake
[28.104s] -- Installing: /home/serch/xarm_ws/install/realsense_gazebo_plugin/share/realsense_gazebo_plugin/cmake/ament_cmake_export_libraries-extras.cmake
[28.105s] -- Installing: /home/serch/xarm_ws/install/realsense_gazebo_plugin/share/realsense_gazebo_plugin/cmake/realsense_gazebo_pluginConfig.cmake
[28.105s] -- Installing: /home/serch/xarm_ws/install/realsense_gazebo_plugin/share/realsense_gazebo_plugin/cmake/realsense_gazebo_pluginConfig-version.cmake
[28.105s] -- Installing: /home/serch/xarm_ws/install/realsense_gazebo_plugin/share/realsense_gazebo_plugin/package.xml
[28.106s] Invoked command in '/home/serch/xarm_ws/build/realsense_gazebo_plugin' returned '0': CMAKE_PREFIX_PATH=${CMAKE_PREFIX_PATH}:/home/serch/ros2_ws/install/robot_controller_pkg:/home/serch/ros2_ws/install/Coppelia_RC:/opt/ros/humble /usr/bin/cmake --install /home/serch/xarm_ws/build/realsense_gazebo_plugin
