[0.069s] Invoking command in '/home/serch/xarm_ws/build/xarm_description': CMAKE_PREFIX_PATH=${CMAKE_PREFIX_PATH}:/home/serch/xarm_ws/install/vision_xarm:/home/serch/xarm_ws/install/uf_ros_lib:/home/serch/xarm_ws/install/pose_estimator:/home/serch/xarm_ws/install/image_converter:/home/serch/ros2_ws/install/robot_controller_pkg:/home/serch/ros2_ws/install/Coppelia_RC:/opt/ros/humble /usr/bin/cmake --build /home/serch/xarm_ws/build/xarm_description -- -j16 -l16
[1.180s] Invoked command in '/home/serch/xarm_ws/build/xarm_description' returned '0': CMAKE_PREFIX_PATH=${CMAKE_PREFIX_PATH}:/home/serch/xarm_ws/install/vision_xarm:/home/serch/xarm_ws/install/uf_ros_lib:/home/serch/xarm_ws/install/pose_estimator:/home/serch/xarm_ws/install/image_converter:/home/serch/ros2_ws/install/robot_controller_pkg:/home/serch/ros2_ws/install/Coppelia_RC:/opt/ros/humble /usr/bin/cmake --build /home/serch/xarm_ws/build/xarm_description -- -j16 -l16
[1.182s] Invoking command in '/home/serch/xarm_ws/build/xarm_description': CMAKE_PREFIX_PATH=${CMAKE_PREFIX_PATH}:/home/serch/xarm_ws/install/vision_xarm:/home/serch/xarm_ws/install/uf_ros_lib:/home/serch/xarm_ws/install/pose_estimator:/home/serch/xarm_ws/install/image_converter:/home/serch/ros2_ws/install/robot_controller_pkg:/home/serch/ros2_ws/install/Coppelia_RC:/opt/ros/humble /usr/bin/cmake --install /home/serch/xarm_ws/build/xarm_description
[1.269s] -- Install configuration: ""
[1.269s] -- Up-to-date: /home/serch/xarm_ws/install/xarm_description/share/xarm_description//rviz
[1.269s] -- Up-to-date: /home/serch/xarm_ws/install/xarm_description/share/xarm_description//rviz/display.rviz
[1.269s] -- Up-to-date: /home/serch/xarm_ws/install/xarm_description/share/xarm_description//urdf
[1.269s] -- Up-to-date: /home/serch/xarm_ws/install/xarm_description/share/xarm_description//urdf/_private_macro.xacro
[1.269s] -- Up-to-date: /home/serch/xarm_ws/install/xarm_description/share/xarm_description//urdf/xarm_device.urdf.xacro
[1.269s] -- Up-to-date: /home/serch/xarm_ws/install/xarm_description/share/xarm_description//urdf/xarm6
[1.269s] -- Up-to-date: /home/serch/xarm_ws/install/xarm_description/share/xarm_description//urdf/xarm6/xarm6.gazebo.xacro
[1.269s] -- Up-to-date: /home/serch/xarm_ws/install/xarm_description/share/xarm_description//urdf/xarm6/xarm6.ros2_control.xacro
[1.270s] -- Up-to-date: /home/serch/xarm_ws/install/xarm_description/share/xarm_description//urdf/xarm6/xarm6.urdf.xacro
[1.270s] -- Up-to-date: /home/serch/xarm_ws/install/xarm_description/share/xarm_description//urdf/xarm6/xarm6.transmission.xacro
[1.270s] -- Up-to-date: /home/serch/xarm_ws/install/xarm_description/share/xarm_description//urdf/xarm6/xarm6_robot_macro.xacro
[1.270s] -- Up-to-date: /home/serch/xarm_ws/install/xarm_description/share/xarm_description//urdf/xarm7_mirror
[1.270s] -- Up-to-date: /home/serch/xarm_ws/install/xarm_description/share/xarm_description//urdf/xarm7_mirror/xarm7_mirror.urdf.xacro
[1.270s] -- Up-to-date: /home/serch/xarm_ws/install/xarm_description/share/xarm_description//urdf/xarm7_mirror/xarm7_mirror_robot_macro.xacro
[1.270s] -- Up-to-date: /home/serch/xarm_ws/install/xarm_description/share/xarm_description//urdf/xarm7_mirror/xarm7_mirror.ros2_control.xacro
[1.270s] -- Up-to-date: /home/serch/xarm_ws/install/xarm_description/share/xarm_description//urdf/xarm7_mirror/xarm7_mirror.transmission.xacro
[1.270s] -- Up-to-date: /home/serch/xarm_ws/install/xarm_description/share/xarm_description//urdf/xarm7_mirror/xarm7_mirror.gazebo.xacro
[1.270s] -- Up-to-date: /home/serch/xarm_ws/install/xarm_description/share/xarm_description//urdf/gripper
[1.270s] -- Up-to-date: /home/serch/xarm_ws/install/xarm_description/share/xarm_description//urdf/gripper/bio_gripper.ros2_control.xacro
[1.270s] -- Up-to-date: /home/serch/xarm_ws/install/xarm_description/share/xarm_description//urdf/gripper/lite_gripper.urdf.xacro
[1.270s] -- Up-to-date: /home/serch/xarm_ws/install/xarm_description/share/xarm_description//urdf/gripper/bio_gripper.urdf.xacro
[1.270s] -- Up-to-date: /home/serch/xarm_ws/install/xarm_description/share/xarm_description//urdf/gripper/bio_gripper_macro.xacro
[1.270s] -- Up-to-date: /home/serch/xarm_ws/install/xarm_description/share/xarm_description//urdf/gripper/xarm_gripper_macro.xacro
[1.270s] -- Up-to-date: /home/serch/xarm_ws/install/xarm_description/share/xarm_description//urdf/gripper/gripper.urdf.xacro
[1.270s] -- Up-to-date: /home/serch/xarm_ws/install/xarm_description/share/xarm_description//urdf/gripper/gripper_macro.xacro
[1.270s] -- Up-to-date: /home/serch/xarm_ws/install/xarm_description/share/xarm_description//urdf/gripper/xarm_gripper.gazebo.xacro
[1.270s] -- Up-to-date: /home/serch/xarm_ws/install/xarm_description/share/xarm_description//urdf/gripper/xarm_gripper.ros2_control.xacro
[1.271s] -- Up-to-date: /home/serch/xarm_ws/install/xarm_description/share/xarm_description//urdf/gripper/xarm_gripper.urdf.xacro
[1.271s] -- Up-to-date: /home/serch/xarm_ws/install/xarm_description/share/xarm_description//urdf/gripper/bio_gripper.transmission.xacro
[1.271s] -- Up-to-date: /home/serch/xarm_ws/install/xarm_description/share/xarm_description//urdf/gripper/xarm_gripper.transmission.xacro
[1.271s] -- Up-to-date: /home/serch/xarm_ws/install/xarm_description/share/xarm_description//urdf/gripper/bio_gripper.gazebo.xacro
[1.271s] -- Up-to-date: /home/serch/xarm_ws/install/xarm_description/share/xarm_description//urdf/other
[1.271s] -- Up-to-date: /home/serch/xarm_ws/install/xarm_description/share/xarm_description//urdf/other/other_geometry.urdf.xacro
[1.271s] -- Up-to-date: /home/serch/xarm_ws/install/xarm_description/share/xarm_description//urdf/xarm7
[1.277s] -- Up-to-date: /home/serch/xarm_ws/install/xarm_description/share/xarm_description//urdf/xarm7/xarm7.transmission.xacro
[1.277s] -- Up-to-date: /home/serch/xarm_ws/install/xarm_description/share/xarm_description//urdf/xarm7/xarm7.ros2_control.xacro
[1.277s] -- Up-to-date: /home/serch/xarm_ws/install/xarm_description/share/xarm_description//urdf/xarm7/xarm7.urdf.xacro
[1.278s] -- Up-to-date: /home/serch/xarm_ws/install/xarm_description/share/xarm_description//urdf/xarm7/xarm7_robot_macro.xacro
[1.278s] -- Up-to-date: /home/serch/xarm_ws/install/xarm_description/share/xarm_description//urdf/xarm7/xarm7.gazebo.xacro
[1.278s] -- Up-to-date: /home/serch/xarm_ws/install/xarm_description/share/xarm_description//urdf/xarm5
[1.278s] -- Up-to-date: /home/serch/xarm_ws/install/xarm_description/share/xarm_description//urdf/xarm5/xarm5_robot_macro.xacro
[1.278s] -- Up-to-date: /home/serch/xarm_ws/install/xarm_description/share/xarm_description//urdf/xarm5/xarm5.urdf.xacro
[1.278s] -- Up-to-date: /home/serch/xarm_ws/install/xarm_description/share/xarm_description//urdf/xarm5/xarm5.gazebo.xacro
[1.278s] -- Up-to-date: /home/serch/xarm_ws/install/xarm_description/share/xarm_description//urdf/xarm5/xarm5.ros2_control.xacro
[1.278s] -- Up-to-date: /home/serch/xarm_ws/install/xarm_description/share/xarm_description//urdf/xarm5/xarm5.transmission.xacro
[1.278s] -- Up-to-date: /home/serch/xarm_ws/install/xarm_description/share/xarm_description//urdf/lite6
[1.278s] -- Up-to-date: /home/serch/xarm_ws/install/xarm_description/share/xarm_description//urdf/lite6/lite6.transmission.xacro
[1.278s] -- Up-to-date: /home/serch/xarm_ws/install/xarm_description/share/xarm_description//urdf/lite6/lite6_robot_macro.xacro
[1.279s] -- Up-to-date: /home/serch/xarm_ws/install/xarm_description/share/xarm_description//urdf/lite6/lite6.ros2_control.xacro
[1.279s] -- Up-to-date: /home/serch/xarm_ws/install/xarm_description/share/xarm_description//urdf/lite6/lite6.gazebo.xacro
[1.279s] -- Up-to-date: /home/serch/xarm_ws/install/xarm_description/share/xarm_description//urdf/lite6/lite6.urdf.xacro
[1.279s] -- Up-to-date: /home/serch/xarm_ws/install/xarm_description/share/xarm_description//urdf/camera
[1.279s] -- Up-to-date: /home/serch/xarm_ws/install/xarm_description/share/xarm_description//urdf/camera/realsense_d435i.urdf.xacro
[1.279s] -- Up-to-date: /home/serch/xarm_ws/install/xarm_description/share/xarm_description//urdf/camera/camera.gazebo.xacro
[1.279s] -- Up-to-date: /home/serch/xarm_ws/install/xarm_description/share/xarm_description//urdf/camera/realsense.gazebo.xacro
[1.279s] -- Up-to-date: /home/serch/xarm_ws/install/xarm_description/share/xarm_description//urdf/vacuum_gripper
[1.279s] -- Up-to-date: /home/serch/xarm_ws/install/xarm_description/share/xarm_description//urdf/vacuum_gripper/vacuum_gripper_macro.xacro
[1.279s] -- Up-to-date: /home/serch/xarm_ws/install/xarm_description/share/xarm_description//urdf/vacuum_gripper/xarm_vacuum_gripper.urdf.xacro
[1.279s] -- Up-to-date: /home/serch/xarm_ws/install/xarm_description/share/xarm_description//urdf/vacuum_gripper/vacuum_gripper.urdf.xacro
[1.279s] -- Up-to-date: /home/serch/xarm_ws/install/xarm_description/share/xarm_description//urdf/vacuum_gripper/lite_vacuum_gripper.urdf.xacro
[1.279s] -- Up-to-date: /home/serch/xarm_ws/install/xarm_description/share/xarm_description//urdf/dual_xarm_device.urdf.xacro
[1.279s] -- Up-to-date: /home/serch/xarm_ws/install/xarm_description/share/xarm_description//urdf/xarm_device_macro.xacro
[1.279s] -- Up-to-date: /home/serch/xarm_ws/install/xarm_description/share/xarm_description//urdf/uf850
[1.279s] -- Up-to-date: /home/serch/xarm_ws/install/xarm_description/share/xarm_description//urdf/uf850/uf850.ros2_control.xacro
[1.279s] -- Up-to-date: /home/serch/xarm_ws/install/xarm_description/share/xarm_description//urdf/uf850/uf850.transmission.xacro
[1.280s] -- Up-to-date: /home/serch/xarm_ws/install/xarm_description/share/xarm_description//urdf/uf850/uf850.urdf.xacro
[1.280s] -- Up-to-date: /home/serch/xarm_ws/install/xarm_description/share/xarm_description//urdf/uf850/uf850_robot_macro.xacro
[1.280s] -- Up-to-date: /home/serch/xarm_ws/install/xarm_description/share/xarm_description//urdf/uf850/uf850.gazebo.xacro
[1.280s] -- Up-to-date: /home/serch/xarm_ws/install/xarm_description/share/xarm_description//urdf/common
[1.281s] -- Up-to-date: /home/serch/xarm_ws/install/xarm_description/share/xarm_description//urdf/common/common.material.xacro
[1.281s] -- Up-to-date: /home/serch/xarm_ws/install/xarm_description/share/xarm_description//urdf/common/common.link.xacro
[1.281s] -- Up-to-date: /home/serch/xarm_ws/install/xarm_description/share/xarm_description//urdf/common/common.gazebo.xacro
[1.281s] -- Up-to-date: /home/serch/xarm_ws/install/xarm_description/share/xarm_description//config
[1.281s] -- Up-to-date: /home/serch/xarm_ws/install/xarm_description/share/xarm_description//config/link_inertial
[1.281s] -- Up-to-date: /home/serch/xarm_ws/install/xarm_description/share/xarm_description//config/link_inertial/xarm6_type6_HT_BR.yaml
[1.281s] -- Up-to-date: /home/serch/xarm_ws/install/xarm_description/share/xarm_description//config/link_inertial/xarm7_type7_HT_BR2.yaml
[1.281s] -- Up-to-date: /home/serch/xarm_ws/install/xarm_description/share/xarm_description//config/link_inertial/xarm6_type9_HT_BR2.yaml
[1.281s] -- Up-to-date: /home/serch/xarm_ws/install/xarm_description/share/xarm_description//config/link_inertial/xarm7_type7_HT_BR.yaml
[1.281s] -- Up-to-date: /home/serch/xarm_ws/install/xarm_description/share/xarm_description//config/link_inertial/xarm6_type11_HT_LD.yaml
[1.281s] -- Up-to-date: /home/serch/xarm_ws/install/xarm_description/share/xarm_description//config/link_inertial/xarm6_type12_HT_LDBR2.yaml
[1.281s] -- Up-to-date: /home/serch/xarm_ws/install/xarm_description/share/xarm_description//config/link_inertial/xarm7_type7_HT_LD.yaml
[1.281s] -- Up-to-date: /home/serch/xarm_ws/install/xarm_description/share/xarm_description//config/link_inertial/xarm7_type3_YT_SP.yaml
[1.281s] -- Up-to-date: /home/serch/xarm_ws/install/xarm_description/share/xarm_description//config/link_inertial/xarm6_type6_HT_BR2.yaml
[1.281s] -- Up-to-date: /home/serch/xarm_ws/install/xarm_description/share/xarm_description//config/link_inertial/xarm5_type5_HT_LD.yaml
[1.282s] -- Up-to-date: /home/serch/xarm_ws/install/xarm_description/share/xarm_description//config/link_inertial/xarm5_type5_HT_BR.yaml
[1.282s] -- Up-to-date: /home/serch/xarm_ws/install/xarm_description/share/xarm_description//config/link_inertial/xarm6_type8_HT2_BR2.yaml
[1.282s] -- Up-to-date: /home/serch/xarm_ws/install/xarm_description/share/xarm_description//config/link_inertial/gen_link_inertial_params.py
[1.282s] -- Up-to-date: /home/serch/xarm_ws/install/xarm_description/share/xarm_description//config/link_inertial/xarm7_type7_UJ_BR_2403.yaml
[1.282s] -- Up-to-date: /home/serch/xarm_ws/install/xarm_description/share/xarm_description//config/link_inertial/xarm7_type13_HT_BR2.yaml
[1.282s] -- Up-to-date: /home/serch/xarm_ws/install/xarm_description/share/xarm_description//config/link_inertial/xarm5_type5_HT_BR2.yaml
[1.282s] -- Up-to-date: /home/serch/xarm_ws/install/xarm_description/share/xarm_description//config/link_inertial/xarm6_type6_HT2_LD.yaml
[1.282s] -- Up-to-date: /home/serch/xarm_ws/install/xarm_description/share/xarm_description//config/link_inertial/xarm6_type6_HT_LD.yaml
[1.282s] -- Up-to-date: /home/serch/xarm_ws/install/xarm_description/share/xarm_description//config/link_inertial/xarm5_type5_UJ_BR_2403.yaml
[1.282s] -- Up-to-date: /home/serch/xarm_ws/install/xarm_description/share/xarm_description//config/link_inertial/xarm6_type6_UJ_BR_2403.yaml
[1.282s] -- Up-to-date: /home/serch/xarm_ws/install/xarm_description/share/xarm_description//config/kinematics
[1.282s] -- Up-to-date: /home/serch/xarm_ws/install/xarm_description/share/xarm_description//config/kinematics/default
[1.282s] -- Up-to-date: /home/serch/xarm_ws/install/xarm_description/share/xarm_description//config/kinematics/default/xarm6_default_kinematics.yaml
[1.282s] -- Up-to-date: /home/serch/xarm_ws/install/xarm_description/share/xarm_description//config/kinematics/default/xarm7_mirror_default_kinematics.yaml
[1.283s] -- Up-to-date: /home/serch/xarm_ws/install/xarm_description/share/xarm_description//config/kinematics/default/xarm7_default_kinematics.yaml
[1.283s] -- Up-to-date: /home/serch/xarm_ws/install/xarm_description/share/xarm_description//config/kinematics/default/xarm5_default_kinematics.yaml
[1.283s] -- Up-to-date: /home/serch/xarm_ws/install/xarm_description/share/xarm_description//config/kinematics/default/lite6_default_kinematics.yaml
[1.283s] -- Up-to-date: /home/serch/xarm_ws/install/xarm_description/share/xarm_description//config/kinematics/default/uf850_default_kinematics.yaml
[1.283s] -- Up-to-date: /home/serch/xarm_ws/install/xarm_description/share/xarm_description//config/kinematics/gen_kinematics_params.py
[1.283s] -- Up-to-date: /home/serch/xarm_ws/install/xarm_description/share/xarm_description//meshes
[1.283s] -- Up-to-date: /home/serch/xarm_ws/install/xarm_description/share/xarm_description//meshes/xarm5_1305
[1.283s] -- Up-to-date: /home/serch/xarm_ws/install/xarm_description/share/xarm_description//meshes/xarm5_1305/collision
[1.283s] -- Up-to-date: /home/serch/xarm_ws/install/xarm_description/share/xarm_description//meshes/xarm5_1305/collision/link1.obj
[1.283s] -- Up-to-date: /home/serch/xarm_ws/install/xarm_description/share/xarm_description//meshes/xarm5_1305/collision/link4.obj
[1.283s] -- Up-to-date: /home/serch/xarm_ws/install/xarm_description/share/xarm_description//meshes/xarm5_1305/collision/link5.obj
[1.283s] -- Up-to-date: /home/serch/xarm_ws/install/xarm_description/share/xarm_description//meshes/xarm5_1305/collision/link_base.obj
[1.283s] -- Up-to-date: /home/serch/xarm_ws/install/xarm_description/share/xarm_description//meshes/xarm5_1305/collision/link3.obj
[1.284s] -- Up-to-date: /home/serch/xarm_ws/install/xarm_description/share/xarm_description//meshes/xarm5_1305/collision/link2.obj
[1.284s] -- Up-to-date: /home/serch/xarm_ws/install/xarm_description/share/xarm_description//meshes/xarm5_1305/visual
[1.284s] -- Up-to-date: /home/serch/xarm_ws/install/xarm_description/share/xarm_description//meshes/xarm5_1305/visual/link4.stl
[1.284s] -- Up-to-date: /home/serch/xarm_ws/install/xarm_description/share/xarm_description//meshes/xarm5_1305/visual/link1.stl
[1.284s] -- Up-to-date: /home/serch/xarm_ws/install/xarm_description/share/xarm_description//meshes/xarm5_1305/visual/link2.stl
[1.284s] -- Up-to-date: /home/serch/xarm_ws/install/xarm_description/share/xarm_description//meshes/xarm5_1305/visual/link_base.stl
[1.284s] -- Up-to-date: /home/serch/xarm_ws/install/xarm_description/share/xarm_description//meshes/xarm5_1305/visual/link3.stl
[1.284s] -- Up-to-date: /home/serch/xarm_ws/install/xarm_description/share/xarm_description//meshes/xarm5_1305/visual/link5.stl
[1.285s] -- Up-to-date: /home/serch/xarm_ws/install/xarm_description/share/xarm_description//meshes/xarm7_1305
[1.285s] -- Up-to-date: /home/serch/xarm_ws/install/xarm_description/share/xarm_description//meshes/xarm7_1305/collision
[1.285s] -- Up-to-date: /home/serch/xarm_ws/install/xarm_description/share/xarm_description//meshes/xarm7_1305/collision/link1.obj
[1.285s] -- Up-to-date: /home/serch/xarm_ws/install/xarm_description/share/xarm_description//meshes/xarm7_1305/collision/link4.obj
[1.285s] -- Up-to-date: /home/serch/xarm_ws/install/xarm_description/share/xarm_description//meshes/xarm7_1305/collision/link7.obj
[1.285s] -- Up-to-date: /home/serch/xarm_ws/install/xarm_description/share/xarm_description//meshes/xarm7_1305/collision/link5.obj
[1.285s] -- Up-to-date: /home/serch/xarm_ws/install/xarm_description/share/xarm_description//meshes/xarm7_1305/collision/link_base.obj
[1.285s] -- Up-to-date: /home/serch/xarm_ws/install/xarm_description/share/xarm_description//meshes/xarm7_1305/collision/link3.obj
[1.285s] -- Up-to-date: /home/serch/xarm_ws/install/xarm_description/share/xarm_description//meshes/xarm7_1305/collision/link2.obj
[1.285s] -- Up-to-date: /home/serch/xarm_ws/install/xarm_description/share/xarm_description//meshes/xarm7_1305/collision/link6.obj
[1.285s] -- Up-to-date: /home/serch/xarm_ws/install/xarm_description/share/xarm_description//meshes/xarm7_1305/visual
[1.285s] -- Up-to-date: /home/serch/xarm_ws/install/xarm_description/share/xarm_description//meshes/xarm7_1305/visual/link6.stl
[1.285s] -- Up-to-date: /home/serch/xarm_ws/install/xarm_description/share/xarm_description//meshes/xarm7_1305/visual/link7.stl
[1.285s] -- Up-to-date: /home/serch/xarm_ws/install/xarm_description/share/xarm_description//meshes/xarm7_1305/visual/link4.stl
[1.285s] -- Up-to-date: /home/serch/xarm_ws/install/xarm_description/share/xarm_description//meshes/xarm7_1305/visual/link1.stl
[1.285s] -- Up-to-date: /home/serch/xarm_ws/install/xarm_description/share/xarm_description//meshes/xarm7_1305/visual/link2.stl
[1.285s] -- Up-to-date: /home/serch/xarm_ws/install/xarm_description/share/xarm_description//meshes/xarm7_1305/visual/link_base.stl
[1.299s] -- Up-to-date: /home/serch/xarm_ws/install/xarm_description/share/xarm_description//meshes/xarm7_1305/visual/link3.stl
[1.299s] -- Up-to-date: /home/serch/xarm_ws/install/xarm_description/share/xarm_description//meshes/xarm7_1305/visual/link5.stl
[1.300s] -- Up-to-date: /home/serch/xarm_ws/install/xarm_description/share/xarm_description//meshes/xarm6
[1.300s] -- Up-to-date: /home/serch/xarm_ws/install/xarm_description/share/xarm_description//meshes/xarm6/visual
[1.300s] -- Up-to-date: /home/serch/xarm_ws/install/xarm_description/share/xarm_description//meshes/xarm6/visual/link6.stl
[1.300s] -- Up-to-date: /home/serch/xarm_ws/install/xarm_description/share/xarm_description//meshes/xarm6/visual/link4.stl
[1.300s] -- Up-to-date: /home/serch/xarm_ws/install/xarm_description/share/xarm_description//meshes/xarm6/visual/link1.stl
[1.300s] -- Up-to-date: /home/serch/xarm_ws/install/xarm_description/share/xarm_description//meshes/xarm6/visual/link2.stl
[1.300s] -- Up-to-date: /home/serch/xarm_ws/install/xarm_description/share/xarm_description//meshes/xarm6/visual/link_base.stl
[1.300s] -- Up-to-date: /home/serch/xarm_ws/install/xarm_description/share/xarm_description//meshes/xarm6/visual/link3.stl
[1.300s] -- Up-to-date: /home/serch/xarm_ws/install/xarm_description/share/xarm_description//meshes/xarm6/visual/link5.stl
[1.300s] -- Up-to-date: /home/serch/xarm_ws/install/xarm_description/share/xarm_description//meshes/xarm7_mirror
[1.300s] -- Up-to-date: /home/serch/xarm_ws/install/xarm_description/share/xarm_description//meshes/xarm7_mirror/collision
[1.300s] -- Up-to-date: /home/serch/xarm_ws/install/xarm_description/share/xarm_description//meshes/xarm7_mirror/collision/link6.stl
[1.300s] -- Up-to-date: /home/serch/xarm_ws/install/xarm_description/share/xarm_description//meshes/xarm7_mirror/collision/link7.stl
[1.300s] -- Up-to-date: /home/serch/xarm_ws/install/xarm_description/share/xarm_description//meshes/xarm7_mirror/collision/link4.stl
[1.300s] -- Up-to-date: /home/serch/xarm_ws/install/xarm_description/share/xarm_description//meshes/xarm7_mirror/collision/link1.stl
[1.301s] -- Up-to-date: /home/serch/xarm_ws/install/xarm_description/share/xarm_description//meshes/xarm7_mirror/collision/link2.stl
[1.301s] -- Up-to-date: /home/serch/xarm_ws/install/xarm_description/share/xarm_description//meshes/xarm7_mirror/collision/link_base.stl
[1.301s] -- Up-to-date: /home/serch/xarm_ws/install/xarm_description/share/xarm_description//meshes/xarm7_mirror/collision/link3.stl
[1.301s] -- Up-to-date: /home/serch/xarm_ws/install/xarm_description/share/xarm_description//meshes/xarm7_mirror/collision/link5.stl
[1.301s] -- Up-to-date: /home/serch/xarm_ws/install/xarm_description/share/xarm_description//meshes/xarm7_mirror/visual
[1.301s] -- Up-to-date: /home/serch/xarm_ws/install/xarm_description/share/xarm_description//meshes/xarm7_mirror/visual/link6.stl
[1.301s] -- Up-to-date: /home/serch/xarm_ws/install/xarm_description/share/xarm_description//meshes/xarm7_mirror/visual/link7.stl
[1.301s] -- Up-to-date: /home/serch/xarm_ws/install/xarm_description/share/xarm_description//meshes/xarm7_mirror/visual/link4.stl
[1.301s] -- Up-to-date: /home/serch/xarm_ws/install/xarm_description/share/xarm_description//meshes/xarm7_mirror/visual/link1.stl
[1.301s] -- Up-to-date: /home/serch/xarm_ws/install/xarm_description/share/xarm_description//meshes/xarm7_mirror/visual/link2.stl
[1.301s] -- Up-to-date: /home/serch/xarm_ws/install/xarm_description/share/xarm_description//meshes/xarm7_mirror/visual/link_base.stl
[1.301s] -- Up-to-date: /home/serch/xarm_ws/install/xarm_description/share/xarm_description//meshes/xarm7_mirror/visual/link3.stl
[1.301s] -- Up-to-date: /home/serch/xarm_ws/install/xarm_description/share/xarm_description//meshes/xarm7_mirror/visual/link5.stl
[1.301s] -- Up-to-date: /home/serch/xarm_ws/install/xarm_description/share/xarm_description//meshes/end_tool
[1.301s] -- Up-to-date: /home/serch/xarm_ws/install/xarm_description/share/xarm_description//meshes/end_tool/collision
[1.301s] -- Up-to-date: /home/serch/xarm_ws/install/xarm_description/share/xarm_description//meshes/end_tool/collision/end_tool_1300.stl
[1.301s] -- Up-to-date: /home/serch/xarm_ws/install/xarm_description/share/xarm_description//meshes/end_tool/collision/end_tool.stl
[1.302s] -- Up-to-date: /home/serch/xarm_ws/install/xarm_description/share/xarm_description//meshes/end_tool/visual
[1.302s] -- Up-to-date: /home/serch/xarm_ws/install/xarm_description/share/xarm_description//meshes/end_tool/visual/end_tool_1300.stl
[1.302s] -- Up-to-date: /home/serch/xarm_ws/install/xarm_description/share/xarm_description//meshes/xarm6_1305
[1.302s] -- Up-to-date: /home/serch/xarm_ws/install/xarm_description/share/xarm_description//meshes/xarm6_1305/collision
[1.302s] -- Up-to-date: /home/serch/xarm_ws/install/xarm_description/share/xarm_description//meshes/xarm6_1305/collision/link1.obj
[1.302s] -- Up-to-date: /home/serch/xarm_ws/install/xarm_description/share/xarm_description//meshes/xarm6_1305/collision/link4.obj
[1.302s] -- Up-to-date: /home/serch/xarm_ws/install/xarm_description/share/xarm_description//meshes/xarm6_1305/collision/link5.obj
[1.302s] -- Up-to-date: /home/serch/xarm_ws/install/xarm_description/share/xarm_description//meshes/xarm6_1305/collision/link_base.obj
[1.302s] -- Up-to-date: /home/serch/xarm_ws/install/xarm_description/share/xarm_description//meshes/xarm6_1305/collision/link3.obj
[1.302s] -- Up-to-date: /home/serch/xarm_ws/install/xarm_description/share/xarm_description//meshes/xarm6_1305/collision/link2.obj
[1.303s] -- Up-to-date: /home/serch/xarm_ws/install/xarm_description/share/xarm_description//meshes/xarm6_1305/collision/link6.obj
[1.303s] -- Up-to-date: /home/serch/xarm_ws/install/xarm_description/share/xarm_description//meshes/xarm6_1305/visual
[1.303s] -- Up-to-date: /home/serch/xarm_ws/install/xarm_description/share/xarm_description//meshes/xarm6_1305/visual/link6.stl
[1.303s] -- Up-to-date: /home/serch/xarm_ws/install/xarm_description/share/xarm_description//meshes/xarm6_1305/visual/link4.stl
[1.303s] -- Up-to-date: /home/serch/xarm_ws/install/xarm_description/share/xarm_description//meshes/xarm6_1305/visual/link1.stl
[1.303s] -- Up-to-date: /home/serch/xarm_ws/install/xarm_description/share/xarm_description//meshes/xarm6_1305/visual/link2.stl
[1.303s] -- Up-to-date: /home/serch/xarm_ws/install/xarm_description/share/xarm_description//meshes/xarm6_1305/visual/link_base.stl
[1.303s] -- Up-to-date: /home/serch/xarm_ws/install/xarm_description/share/xarm_description//meshes/xarm6_1305/visual/link3.stl
[1.303s] -- Up-to-date: /home/serch/xarm_ws/install/xarm_description/share/xarm_description//meshes/xarm6_1305/visual/link5.stl
[1.303s] -- Up-to-date: /home/serch/xarm_ws/install/xarm_description/share/xarm_description//meshes/gripper
[1.303s] -- Up-to-date: /home/serch/xarm_ws/install/xarm_description/share/xarm_description//meshes/gripper/xarm
[1.303s] -- Up-to-date: /home/serch/xarm_ws/install/xarm_description/share/xarm_description//meshes/gripper/xarm/left_finger.stl
[1.304s] -- Up-to-date: /home/serch/xarm_ws/install/xarm_description/share/xarm_description//meshes/gripper/xarm/left_outer_knuckle.stl
[1.304s] -- Up-to-date: /home/serch/xarm_ws/install/xarm_description/share/xarm_description//meshes/gripper/xarm/left_inner_knuckle.stl
[1.304s] -- Up-to-date: /home/serch/xarm_ws/install/xarm_description/share/xarm_description//meshes/gripper/xarm/right_outer_knuckle.stl
[1.304s] -- Up-to-date: /home/serch/xarm_ws/install/xarm_description/share/xarm_description//meshes/gripper/xarm/base_link.stl
[1.304s] -- Up-to-date: /home/serch/xarm_ws/install/xarm_description/share/xarm_description//meshes/gripper/xarm/right_inner_knuckle.stl
[1.304s] -- Up-to-date: /home/serch/xarm_ws/install/xarm_description/share/xarm_description//meshes/gripper/xarm/right_finger.stl
[1.304s] -- Up-to-date: /home/serch/xarm_ws/install/xarm_description/share/xarm_description//meshes/gripper/lite
[1.304s] -- Up-to-date: /home/serch/xarm_ws/install/xarm_description/share/xarm_description//meshes/gripper/lite/collision
[1.304s] -- Up-to-date: /home/serch/xarm_ws/install/xarm_description/share/xarm_description//meshes/gripper/lite/collision/gripper_lite.stl
[1.305s] -- Up-to-date: /home/serch/xarm_ws/install/xarm_description/share/xarm_description//meshes/gripper/lite/visual
[1.305s] -- Up-to-date: /home/serch/xarm_ws/install/xarm_description/share/xarm_description//meshes/gripper/lite/visual/gripper_lite.stl
[1.305s] -- Up-to-date: /home/serch/xarm_ws/install/xarm_description/share/xarm_description//meshes/gripper/bio
[1.305s] -- Up-to-date: /home/serch/xarm_ws/install/xarm_description/share/xarm_description//meshes/gripper/bio/left_finger.stl
[1.305s] -- Up-to-date: /home/serch/xarm_ws/install/xarm_description/share/xarm_description//meshes/gripper/bio/link_base.stl
[1.305s] -- Up-to-date: /home/serch/xarm_ws/install/xarm_description/share/xarm_description//meshes/gripper/bio/right_finger.stl
[1.305s] -- Up-to-date: /home/serch/xarm_ws/install/xarm_description/share/xarm_description//meshes/xarm7
[1.305s] -- Up-to-date: /home/serch/xarm_ws/install/xarm_description/share/xarm_description//meshes/xarm7/visual
[1.305s] -- Up-to-date: /home/serch/xarm_ws/install/xarm_description/share/xarm_description//meshes/xarm7/visual/link6.stl
[1.305s] -- Up-to-date: /home/serch/xarm_ws/install/xarm_description/share/xarm_description//meshes/xarm7/visual/link7.stl
[1.306s] -- Up-to-date: /home/serch/xarm_ws/install/xarm_description/share/xarm_description//meshes/xarm7/visual/link4.stl
[1.306s] -- Up-to-date: /home/serch/xarm_ws/install/xarm_description/share/xarm_description//meshes/xarm7/visual/link1.stl
[1.306s] -- Up-to-date: /home/serch/xarm_ws/install/xarm_description/share/xarm_description//meshes/xarm7/visual/link2.stl
[1.306s] -- Up-to-date: /home/serch/xarm_ws/install/xarm_description/share/xarm_description//meshes/xarm7/visual/link_base.stl
[1.307s] -- Up-to-date: /home/serch/xarm_ws/install/xarm_description/share/xarm_description//meshes/xarm7/visual/link3.stl
[1.307s] -- Up-to-date: /home/serch/xarm_ws/install/xarm_description/share/xarm_description//meshes/xarm7/visual/link5.stl
[1.307s] -- Up-to-date: /home/serch/xarm_ws/install/xarm_description/share/xarm_description//meshes/xarm5
[1.308s] -- Up-to-date: /home/serch/xarm_ws/install/xarm_description/share/xarm_description//meshes/xarm5/visual
[1.308s] -- Up-to-date: /home/serch/xarm_ws/install/xarm_description/share/xarm_description//meshes/xarm5/visual/link4.stl
[1.308s] -- Up-to-date: /home/serch/xarm_ws/install/xarm_description/share/xarm_description//meshes/xarm5/visual/link1.stl
[1.308s] -- Up-to-date: /home/serch/xarm_ws/install/xarm_description/share/xarm_description//meshes/xarm5/visual/link2.stl
[1.308s] -- Up-to-date: /home/serch/xarm_ws/install/xarm_description/share/xarm_description//meshes/xarm5/visual/link_base.stl
[1.309s] -- Up-to-date: /home/serch/xarm_ws/install/xarm_description/share/xarm_description//meshes/xarm5/visual/link3.stl
[1.309s] -- Up-to-date: /home/serch/xarm_ws/install/xarm_description/share/xarm_description//meshes/xarm5/visual/link5.stl
[1.309s] -- Up-to-date: /home/serch/xarm_ws/install/xarm_description/share/xarm_description//meshes/lite6
[1.309s] -- Up-to-date: /home/serch/xarm_ws/install/xarm_description/share/xarm_description//meshes/lite6/collision
[1.309s] -- Up-to-date: /home/serch/xarm_ws/install/xarm_description/share/xarm_description//meshes/lite6/collision/link6.stl
[1.309s] -- Up-to-date: /home/serch/xarm_ws/install/xarm_description/share/xarm_description//meshes/lite6/collision/link4.stl
[1.309s] -- Up-to-date: /home/serch/xarm_ws/install/xarm_description/share/xarm_description//meshes/lite6/collision/link1.stl
[1.309s] -- Up-to-date: /home/serch/xarm_ws/install/xarm_description/share/xarm_description//meshes/lite6/collision/link2.stl
[1.309s] -- Up-to-date: /home/serch/xarm_ws/install/xarm_description/share/xarm_description//meshes/lite6/collision/link_base.stl
[1.309s] -- Up-to-date: /home/serch/xarm_ws/install/xarm_description/share/xarm_description//meshes/lite6/collision/link3.stl
[1.310s] -- Up-to-date: /home/serch/xarm_ws/install/xarm_description/share/xarm_description//meshes/lite6/collision/link5.stl
[1.310s] -- Up-to-date: /home/serch/xarm_ws/install/xarm_description/share/xarm_description//meshes/lite6/visual
[1.310s] -- Up-to-date: /home/serch/xarm_ws/install/xarm_description/share/xarm_description//meshes/lite6/visual/link6.stl
[1.310s] -- Up-to-date: /home/serch/xarm_ws/install/xarm_description/share/xarm_description//meshes/lite6/visual/link4.stl
[1.310s] -- Up-to-date: /home/serch/xarm_ws/install/xarm_description/share/xarm_description//meshes/lite6/visual/link1.stl
[1.310s] -- Up-to-date: /home/serch/xarm_ws/install/xarm_description/share/xarm_description//meshes/lite6/visual/link2.stl
[1.310s] -- Up-to-date: /home/serch/xarm_ws/install/xarm_description/share/xarm_description//meshes/lite6/visual/link_base.stl
[1.310s] -- Up-to-date: /home/serch/xarm_ws/install/xarm_description/share/xarm_description//meshes/lite6/visual/link3.stl
[1.310s] -- Up-to-date: /home/serch/xarm_ws/install/xarm_description/share/xarm_description//meshes/lite6/visual/link5.stl
[1.310s] -- Up-to-date: /home/serch/xarm_ws/install/xarm_description/share/xarm_description//meshes/camera
[1.310s] -- Up-to-date: /home/serch/xarm_ws/install/xarm_description/share/xarm_description//meshes/camera/realsense
[1.311s] -- Up-to-date: /home/serch/xarm_ws/install/xarm_description/share/xarm_description//meshes/camera/realsense/collision
[1.311s] -- Up-to-date: /home/serch/xarm_ws/install/xarm_description/share/xarm_description//meshes/camera/realsense/collision/d435_with_cam_stand.stl
[1.311s] -- Up-to-date: /home/serch/xarm_ws/install/xarm_description/share/xarm_description//meshes/camera/realsense/visual
[1.311s] -- Up-to-date: /home/serch/xarm_ws/install/xarm_description/share/xarm_description//meshes/camera/realsense/visual/d435_with_cam_stand.stl
[1.311s] -- Up-to-date: /home/serch/xarm_ws/install/xarm_description/share/xarm_description//meshes/vacuum_gripper
[1.311s] -- Up-to-date: /home/serch/xarm_ws/install/xarm_description/share/xarm_description//meshes/vacuum_gripper/xarm
[1.311s] -- Up-to-date: /home/serch/xarm_ws/install/xarm_description/share/xarm_description//meshes/vacuum_gripper/xarm/collision
[1.313s] -- Up-to-date: /home/serch/xarm_ws/install/xarm_description/share/xarm_description//meshes/vacuum_gripper/xarm/collision/vacuum_gripper.stl
[1.314s] -- Up-to-date: /home/serch/xarm_ws/install/xarm_description/share/xarm_description//meshes/vacuum_gripper/xarm/visual
[1.315s] -- Up-to-date: /home/serch/xarm_ws/install/xarm_description/share/xarm_description//meshes/vacuum_gripper/xarm/visual/vacuum_gripper.stl
[1.319s] -- Up-to-date: /home/serch/xarm_ws/install/xarm_description/share/xarm_description//meshes/vacuum_gripper/lite
[1.319s] -- Up-to-date: /home/serch/xarm_ws/install/xarm_description/share/xarm_description//meshes/vacuum_gripper/lite/collision
[1.319s] -- Up-to-date: /home/serch/xarm_ws/install/xarm_description/share/xarm_description//meshes/vacuum_gripper/lite/collision/vacuum_gripper_lite.stl
[1.319s] -- Up-to-date: /home/serch/xarm_ws/install/xarm_description/share/xarm_description//meshes/vacuum_gripper/lite/visual
[1.319s] -- Up-to-date: /home/serch/xarm_ws/install/xarm_description/share/xarm_description//meshes/vacuum_gripper/lite/visual/vacuum_gripper_lite.stl
[1.319s] -- Up-to-date: /home/serch/xarm_ws/install/xarm_description/share/xarm_description//meshes/uf850
[1.319s] -- Up-to-date: /home/serch/xarm_ws/install/xarm_description/share/xarm_description//meshes/uf850/collision
[1.320s] -- Up-to-date: /home/serch/xarm_ws/install/xarm_description/share/xarm_description//meshes/uf850/collision/link6.stl
[1.320s] -- Up-to-date: /home/serch/xarm_ws/install/xarm_description/share/xarm_description//meshes/uf850/collision/link4.stl
[1.320s] -- Up-to-date: /home/serch/xarm_ws/install/xarm_description/share/xarm_description//meshes/uf850/collision/link1.stl
[1.320s] -- Up-to-date: /home/serch/xarm_ws/install/xarm_description/share/xarm_description//meshes/uf850/collision/link2.stl
[1.320s] -- Up-to-date: /home/serch/xarm_ws/install/xarm_description/share/xarm_description//meshes/uf850/collision/link_base.stl
[1.324s] -- Up-to-date: /home/serch/xarm_ws/install/xarm_description/share/xarm_description//meshes/uf850/collision/link3.stl
[1.324s] -- Up-to-date: /home/serch/xarm_ws/install/xarm_description/share/xarm_description//meshes/uf850/collision/link5.stl
[1.325s] -- Up-to-date: /home/serch/xarm_ws/install/xarm_description/share/xarm_description//meshes/uf850/visual
[1.326s] -- Up-to-date: /home/serch/xarm_ws/install/xarm_description/share/xarm_description//meshes/uf850/visual/link6.stl
[1.326s] -- Up-to-date: /home/serch/xarm_ws/install/xarm_description/share/xarm_description//meshes/uf850/visual/link4.stl
[1.326s] -- Up-to-date: /home/serch/xarm_ws/install/xarm_description/share/xarm_description//meshes/uf850/visual/link1.stl
[1.326s] -- Up-to-date: /home/serch/xarm_ws/install/xarm_description/share/xarm_description//meshes/uf850/visual/link2.stl
[1.326s] -- Up-to-date: /home/serch/xarm_ws/install/xarm_description/share/xarm_description//meshes/uf850/visual/link_base.stl
[1.326s] -- Up-to-date: /home/serch/xarm_ws/install/xarm_description/share/xarm_description//meshes/uf850/visual/link3.stl
[1.326s] -- Up-to-date: /home/serch/xarm_ws/install/xarm_description/share/xarm_description//meshes/uf850/visual/link5.stl
[1.326s] -- Up-to-date: /home/serch/xarm_ws/install/xarm_description/share/xarm_description//launch
[1.326s] -- Up-to-date: /home/serch/xarm_ws/install/xarm_description/share/xarm_description//launch/xarm5_rviz_display.launch.py
[1.326s] -- Up-to-date: /home/serch/xarm_ws/install/xarm_description/share/xarm_description//launch/_robot_description.launch.py
[1.326s] -- Up-to-date: /home/serch/xarm_ws/install/xarm_description/share/xarm_description//launch/lite6_rviz_display.launch.py
[1.326s] -- Up-to-date: /home/serch/xarm_ws/install/xarm_description/share/xarm_description//launch/_robot_rviz_display.launch.py
[1.326s] -- Up-to-date: /home/serch/xarm_ws/install/xarm_description/share/xarm_description//launch/_robot_joint_state.launch.py
[1.326s] -- Up-to-date: /home/serch/xarm_ws/install/xarm_description/share/xarm_description//launch/xarm7_mirror_rviz_display.launch.py
[1.327s] -- Up-to-date: /home/serch/xarm_ws/install/xarm_description/share/xarm_description//launch/uf850_rviz_display.launch.py
[1.327s] -- Up-to-date: /home/serch/xarm_ws/install/xarm_description/share/xarm_description//launch/xarm6_rviz_display.launch.py
[1.327s] -- Up-to-date: /home/serch/xarm_ws/install/xarm_description/share/xarm_description//launch/lib
[1.327s] -- Up-to-date: /home/serch/xarm_ws/install/xarm_description/share/xarm_description//launch/lib/robot_description_lib.py
[1.327s] -- Up-to-date: /home/serch/xarm_ws/install/xarm_description/share/xarm_description//launch/_rviz_display.launch.py
[1.327s] -- Up-to-date: /home/serch/xarm_ws/install/xarm_description/share/xarm_description//launch/xarm7_rviz_display.launch.py
[1.327s] -- Up-to-date: /home/serch/xarm_ws/install/xarm_description/share/ament_index/resource_index/package_run_dependencies/xarm_description
[1.327s] -- Up-to-date: /home/serch/xarm_ws/install/xarm_description/share/ament_index/resource_index/parent_prefix_path/xarm_description
[1.328s] -- Up-to-date: /home/serch/xarm_ws/install/xarm_description/share/xarm_description/environment/ament_prefix_path.sh
[1.328s] -- Up-to-date: /home/serch/xarm_ws/install/xarm_description/share/xarm_description/environment/ament_prefix_path.dsv
[1.328s] -- Up-to-date: /home/serch/xarm_ws/install/xarm_description/share/xarm_description/environment/path.sh
[1.331s] -- Up-to-date: /home/serch/xarm_ws/install/xarm_description/share/xarm_description/environment/path.dsv
[1.331s] -- Up-to-date: /home/serch/xarm_ws/install/xarm_description/share/xarm_description/local_setup.bash
[1.331s] -- Up-to-date: /home/serch/xarm_ws/install/xarm_description/share/xarm_description/local_setup.sh
[1.331s] -- Up-to-date: /home/serch/xarm_ws/install/xarm_description/share/xarm_description/local_setup.zsh
[1.331s] -- Up-to-date: /home/serch/xarm_ws/install/xarm_description/share/xarm_description/local_setup.dsv
[1.331s] -- Installing: /home/serch/xarm_ws/install/xarm_description/share/xarm_description/package.dsv
[1.331s] -- Up-to-date: /home/serch/xarm_ws/install/xarm_description/share/ament_index/resource_index/packages/xarm_description
[1.331s] -- Up-to-date: /home/serch/xarm_ws/install/xarm_description/share/xarm_description/cmake/xarm_descriptionConfig.cmake
[1.331s] -- Up-to-date: /home/serch/xarm_ws/install/xarm_description/share/xarm_description/cmake/xarm_descriptionConfig-version.cmake
[1.331s] -- Up-to-date: /home/serch/xarm_ws/install/xarm_description/share/xarm_description/package.xml
[1.449s] Invoked command in '/home/serch/xarm_ws/build/xarm_description' returned '0': CMAKE_PREFIX_PATH=${CMAKE_PREFIX_PATH}:/home/serch/xarm_ws/install/vision_xarm:/home/serch/xarm_ws/install/uf_ros_lib:/home/serch/xarm_ws/install/pose_estimator:/home/serch/xarm_ws/install/image_converter:/home/serch/ros2_ws/install/robot_controller_pkg:/home/serch/ros2_ws/install/Coppelia_RC:/opt/ros/humble /usr/bin/cmake --install /home/serch/xarm_ws/build/xarm_description
