[2.036s] Invoking command in '/home/serch/xarm_ws/src/image_converter': PYTHONPATH=/home/serch/xarm_ws/build/image_converter/prefix_override:/usr/lib/python3/dist-packages/colcon_core/task/python/colcon_distutils_commands:/home/serch/xarm_ws/install/image_converter/lib/python3.10/site-packages:${PYTHONPATH} /usr/bin/python3 -W ignore:setup.py install is deprecated -W ignore:easy_install command is deprecated setup.py egg_info --egg-base ../../build/image_converter build --build-base /home/serch/xarm_ws/build/image_converter/build install --record /home/serch/xarm_ws/build/image_converter/install.log --single-version-externally-managed install_data
[2.319s] running egg_info
[2.319s] writing ../../build/image_converter/image_converter.egg-info/PKG-INFO
[2.320s] writing dependency_links to ../../build/image_converter/image_converter.egg-info/dependency_links.txt
[2.320s] writing entry points to ../../build/image_converter/image_converter.egg-info/entry_points.txt
[2.320s] writing requirements to ../../build/image_converter/image_converter.egg-info/requires.txt
[2.320s] writing top-level names to ../../build/image_converter/image_converter.egg-info/top_level.txt
[2.322s] reading manifest file '../../build/image_converter/image_converter.egg-info/SOURCES.txt'
[2.322s] adding license file 'LICENSE'
[2.323s] writing manifest file '../../build/image_converter/image_converter.egg-info/SOURCES.txt'
[2.323s] running build
[2.323s] running build_py
[2.323s] running install
[2.323s] running install_lib
[2.325s] running install_data
[2.325s] running install_egg_info
[2.326s] removing '/home/serch/xarm_ws/install/image_converter/lib/python3.10/site-packages/image_converter-0.0.0-py3.10.egg-info' (and everything under it)
[2.327s] Copying ../../build/image_converter/image_converter.egg-info to /home/serch/xarm_ws/install/image_converter/lib/python3.10/site-packages/image_converter-0.0.0-py3.10.egg-info
[2.328s] running install_scripts
[2.350s] Installing image_to_rgbd script to /home/serch/xarm_ws/install/image_converter/lib/image_converter
[2.350s] Installing point_cloud_gen script to /home/serch/xarm_ws/install/image_converter/lib/image_converter
[2.350s] Installing rgbd_to_pc script to /home/serch/xarm_ws/install/image_converter/lib/image_converter
[2.354s] writing list of installed files to '/home/serch/xarm_ws/build/image_converter/install.log'
[2.397s] Invoked command in '/home/serch/xarm_ws/src/image_converter' returned '0': PYTHONPATH=/home/serch/xarm_ws/build/image_converter/prefix_override:/usr/lib/python3/dist-packages/colcon_core/task/python/colcon_distutils_commands:/home/serch/xarm_ws/install/image_converter/lib/python3.10/site-packages:${PYTHONPATH} /usr/bin/python3 -W ignore:setup.py install is deprecated -W ignore:easy_install command is deprecated setup.py egg_info --egg-base ../../build/image_converter build --build-base /home/serch/xarm_ws/build/image_converter/build install --record /home/serch/xarm_ws/build/image_converter/install.log --single-version-externally-managed install_data
