[1.351s] Invoking command in '/home/serch/xarm_ws/src/vision_xarm': PYTHONPATH=/home/serch/xarm_ws/build/vision_xarm/prefix_override:/usr/lib/python3/dist-packages/colcon_core/task/python/colcon_distutils_commands:/home/serch/xarm_ws/install/vision_xarm/lib/python3.10/site-packages:${PYTHONPATH} /usr/bin/python3 -W ignore:setup.py install is deprecated -W ignore:easy_install command is deprecated setup.py egg_info --egg-base ../../build/vision_xarm build --build-base /home/serch/xarm_ws/build/vision_xarm/build install --record /home/serch/xarm_ws/build/vision_xarm/install.log --single-version-externally-managed install_data
[1.469s] Traceback (most recent call last):
[1.469s]   File "/home/serch/xarm_ws/src/vision_xarm/setup.py", line 1, in <module>
[1.469s]     from setuptools import find_packages, setup
[1.469s]   File "/usr/lib/python3/dist-packages/setuptools/__init__.py", line 16, in <module>
[1.469s]     import setuptools.version
[1.470s]   File "/usr/lib/python3/dist-packages/setuptools/version.py", line 1, in <module>
[1.470s]     import pkg_resources
[1.470s]   File "/usr/lib/python3/dist-packages/pkg_resources/__init__.py", line 3267, in <module>
[1.470s]     def _initialize_master_working_set():
[1.470s]   File "/usr/lib/python3/dist-packages/pkg_resources/__init__.py", line 3241, in _call_aside
[1.470s]     f(*args, **kwargs)
[1.470s]   File "/usr/lib/python3/dist-packages/pkg_resources/__init__.py", line 3302, in _initialize_master_working_set
[1.471s]     list(map(working_set.add_entry, sys.path))
[1.471s]   File "/usr/lib/python3/dist-packages/pkg_resources/__init__.py", line 613, in add_entry
[1.471s]     for dist in find_distributions(entry, True):
[1.471s]   File "/usr/lib/python3/dist-packages/pkg_resources/__init__.py", line 2077, in find_on_path
[1.471s]     for dist in factory(fullpath):
[1.471s]   File "/usr/lib/python3/dist-packages/pkg_resources/__init__.py", line 2142, in distributions_from_metadata
[1.471s]     yield Distribution.from_location(
[1.471s]   File "/usr/lib/python3/dist-packages/pkg_resources/__init__.py", line 2606, in from_location
[1.471s]     )._reload_version()
[1.471s]   File "/usr/lib/python3/dist-packages/pkg_resources/__init__.py", line 3004, in _reload_version
[1.471s]     md_version = self._get_version()
[1.471s]   File "/usr/lib/python3/dist-packages/pkg_resources/__init__.py", line 2785, in _get_version
[1.472s]     version = _version_from_file(lines)
[1.472s]   File "/usr/lib/python3/dist-packages/pkg_resources/__init__.py", line 2569, in _version_from_file
[1.472s]     line = next(iter(version_lines), '')
[1.472s]   File "/usr/lib/python3/dist-packages/pkg_resources/__init__.py", line 2780, in _get_metadata
[1.472s]     for line in self.get_metadata_lines(name):
[1.472s]   File "/usr/lib/python3/dist-packages/pkg_resources/__init__.py", line 1422, in get_metadata_lines
[1.472s]     return yield_lines(self.get_metadata(name))
[1.472s]   File "/usr/lib/python3/dist-packages/pkg_resources/__init__.py", line 1412, in get_metadata
[1.472s]     value = self._get(path)
[1.472s]   File "/usr/lib/python3/dist-packages/pkg_resources/__init__.py", line 1616, in _get
[1.472s]     with open(path, 'rb') as stream:
[1.472s] FileNotFoundError: [Errno 2] No such file or directory: '/home/serch/xarm_ws/install/pose_estimator/lib/python3.10/site-packages/pose_estimator-0.0.0-py3.10.egg-info/PKG-INFO'
[1.490s] Invoked command in '/home/serch/xarm_ws/src/vision_xarm' returned '1': PYTHONPATH=/home/serch/xarm_ws/build/vision_xarm/prefix_override:/usr/lib/python3/dist-packages/colcon_core/task/python/colcon_distutils_commands:/home/serch/xarm_ws/install/vision_xarm/lib/python3.10/site-packages:${PYTHONPATH} /usr/bin/python3 -W ignore:setup.py install is deprecated -W ignore:easy_install command is deprecated setup.py egg_info --egg-base ../../build/vision_xarm build --build-base /home/serch/xarm_ws/build/vision_xarm/build install --record /home/serch/xarm_ws/build/vision_xarm/install.log --single-version-externally-managed install_data
