-- The C compiler identification is GNU 11.4.0
-- The CXX compiler identification is GNU 11.4.0
-- Detecting C compiler ABI info
-- Detecting C compiler ABI info - done
-- Check for working C compiler: /usr/bin/cc - skipped
-- Detecting C compile features
-- Detecting C compile features - done
-- Detecting CXX compiler ABI info
-- Detecting CXX compiler ABI info - done
-- Check for working CXX compiler: /usr/bin/c++ - skipped
-- Detecting CXX compile features
-- Detecting CXX compile features - done
-- Found ament_cmake: 1.3.11 (/opt/ros/humble/share/ament_cmake/cmake)
-- Found Python3: /usr/bin/python3 (found version "3.10.12") found components: Interpreter 
-- Found rclcpp: 16.0.12 (/opt/ros/humble/share/rclcpp/cmake)
-- Found rosidl_generator_c: 3.1.6 (/opt/ros/humble/share/rosidl_generator_c/cmake)
-- Found rosidl_adapter: 3.1.6 (/opt/ros/humble/share/rosidl_adapter/cmake)
-- Found rosidl_generator_cpp: 3.1.6 (/opt/ros/humble/share/rosidl_generator_cpp/cmake)
-- Using all available rosidl_typesupport_c: rosidl_typesupport_fastrtps_c;rosidl_typesupport_introspection_c
-- Using all available rosidl_typesupport_cpp: rosidl_typesupport_fastrtps_cpp;rosidl_typesupport_introspection_cpp
-- Found rmw_implementation_cmake: 6.1.2 (/opt/ros/humble/share/rmw_implementation_cmake/cmake)
-- Found rmw_fastrtps_cpp: 6.2.7 (/opt/ros/humble/share/rmw_fastrtps_cpp/cmake)
-- Found OpenSSL: /usr/lib/x86_64-linux-gnu/libcrypto.so (found version "3.0.2")  
-- Found FastRTPS: /opt/ros/humble/include  
-- Using RMW implementation 'rmw_fastrtps_cpp' as default
-- Looking for pthread.h
-- Looking for pthread.h - found
-- Performing Test CMAKE_HAVE_LIBC_PTHREAD
-- Performing Test CMAKE_HAVE_LIBC_PTHREAD - Success
-- Found Threads: TRUE  
-- Found sensor_msgs: 4.8.0 (/opt/ros/humble/share/sensor_msgs/cmake)
-- Found visualization_msgs: 4.8.0 (/opt/ros/humble/share/visualization_msgs/cmake)
-- Found image_transport: 3.1.11 (/opt/ros/humble/share/image_transport/cmake)
-- Found tf2: 0.25.12 (/opt/ros/humble/share/tf2/cmake)
-- Found tf2_ros: 0.25.12 (/opt/ros/humble/share/tf2_ros/cmake)
-- Found tf2_geometry_msgs: 0.25.12 (/opt/ros/humble/share/tf2_geometry_msgs/cmake)
-- Found eigen3_cmake_module: 0.1.1 (/opt/ros/humble/share/eigen3_cmake_module/cmake)
-- Found Eigen3: TRUE (found version "3.4.0") 
-- Ensuring Eigen3 include directory is part of orocos-kdl CMake target
-- Found cv_bridge: 3.2.1 (/opt/ros/humble/share/cv_bridge/cmake)
-- Found angles: 1.15.0 (/opt/ros/humble/share/angles/cmake)
-- Configuring done
-- Generating done
-- Build files have been written to: /home/serch/xarm_ws/build/azure_kinect_ros_driver
[ 20%] [32mBuilding CXX object CMakeFiles/azure_kinect_ros_driver_node.dir/src/k4a_ros_bridge_node.cpp.o[0m
[ 40%] [32mBuilding CXX object CMakeFiles/azure_kinect_ros_driver_node.dir/src/k4a_ros_device_params.cpp.o[0m
[ 60%] [32mBuilding CXX object CMakeFiles/azure_kinect_ros_driver_node.dir/src/k4a_ros_device.cpp.o[0m
[ 80%] [32mBuilding CXX object CMakeFiles/azure_kinect_ros_driver_node.dir/src/k4a_calibration_transform_data.cpp.o[0m
[100%] [32m[1mLinking CXX executable node[0m
[100%] Built target azure_kinect_ros_driver_node
-- Install configuration: ""
-- Installing: /home/serch/xarm_ws/install/azure_kinect_ros_driver/lib/azure_kinect_ros_driver/node
-- Set runtime path of "/home/serch/xarm_ws/install/azure_kinect_ros_driver/lib/azure_kinect_ros_driver/node" to ""
-- Installing: /home/serch/xarm_ws/install/azure_kinect_ros_driver/share/azure_kinect_ros_driver//launch
-- Installing: /home/serch/xarm_ws/install/azure_kinect_ros_driver/share/azure_kinect_ros_driver//launch/slam_rtabmap.launch
-- Installing: /home/serch/xarm_ws/install/azure_kinect_ros_driver/share/azure_kinect_ros_driver//launch/driver.launch.py
-- Installing: /home/serch/xarm_ws/install/azure_kinect_ros_driver/share/azure_kinect_ros_driver//launch/rectify_test.launch
-- Installing: /home/serch/xarm_ws/install/azure_kinect_ros_driver/share/azure_kinect_ros_driver//urdf
-- Installing: /home/serch/xarm_ws/install/azure_kinect_ros_driver/share/azure_kinect_ros_driver//urdf/azure_kinect.urdf.xacro
-- Installing: /home/serch/xarm_ws/install/azure_kinect_ros_driver/share/ament_index/resource_index/package_run_dependencies/azure_kinect_ros_driver
-- Installing: /home/serch/xarm_ws/install/azure_kinect_ros_driver/share/ament_index/resource_index/parent_prefix_path/azure_kinect_ros_driver
-- Installing: /home/serch/xarm_ws/install/azure_kinect_ros_driver/share/azure_kinect_ros_driver/environment/ament_prefix_path.sh
-- Installing: /home/serch/xarm_ws/install/azure_kinect_ros_driver/share/azure_kinect_ros_driver/environment/ament_prefix_path.dsv
-- Installing: /home/serch/xarm_ws/install/azure_kinect_ros_driver/share/azure_kinect_ros_driver/environment/path.sh
-- Installing: /home/serch/xarm_ws/install/azure_kinect_ros_driver/share/azure_kinect_ros_driver/environment/path.dsv
-- Installing: /home/serch/xarm_ws/install/azure_kinect_ros_driver/share/azure_kinect_ros_driver/local_setup.bash
-- Installing: /home/serch/xarm_ws/install/azure_kinect_ros_driver/share/azure_kinect_ros_driver/local_setup.sh
-- Installing: /home/serch/xarm_ws/install/azure_kinect_ros_driver/share/azure_kinect_ros_driver/local_setup.zsh
-- Installing: /home/serch/xarm_ws/install/azure_kinect_ros_driver/share/azure_kinect_ros_driver/local_setup.dsv
-- Installing: /home/serch/xarm_ws/install/azure_kinect_ros_driver/share/azure_kinect_ros_driver/package.dsv
-- Installing: /home/serch/xarm_ws/install/azure_kinect_ros_driver/share/ament_index/resource_index/packages/azure_kinect_ros_driver
-- Installing: /home/serch/xarm_ws/install/azure_kinect_ros_driver/share/azure_kinect_ros_driver/cmake/azure_kinect_ros_driverConfig.cmake
-- Installing: /home/serch/xarm_ws/install/azure_kinect_ros_driver/share/azure_kinect_ros_driver/cmake/azure_kinect_ros_driverConfig-version.cmake
-- Installing: /home/serch/xarm_ws/install/azure_kinect_ros_driver/share/azure_kinect_ros_driver/package.xml
