[0.012s] Invoking command in '/home/serch/xarm_ws/build/xarm_api': AMENT_PREFIX_PATH=/home/serch/xarm_ws/install/xarm_sdk:/home/serch/xarm_ws/install/xarm_msgs:/home/serch/xarm_ws/install/xarm_description:${AMENT_PREFIX_PATH} CMAKE_PREFIX_PATH=/home/serch/xarm_ws/install/xarm_sdk:/home/serch/xarm_ws/install/xarm_msgs:/home/serch/xarm_ws/install/xarm_description:/home/serch/VREP:/home/serch/ros2_ws/install/robot_controller_pkg:/home/serch/ros2_ws/install/Coppelia_RC:/opt/ros/humble LD_LIBRARY_PATH=/home/serch/xarm_ws/install/xarm_sdk/lib:/home/serch/xarm_ws/install/xarm_msgs/lib:${LD_LIBRARY_PATH} PYTHONPATH=/home/serch/xarm_ws/install/xarm_msgs/local/lib/python3.10/dist-packages:${PYTHONPATH} /usr/bin/cmake /home/serch/xarm_ws/src/xarm_ros2/xarm_api -DCMAKE_INSTALL_PREFIX=/home/serch/xarm_ws/install/xarm_api
[0.062s] -- The C compiler identification is GNU 11.4.0
[0.110s] -- The CXX compiler identification is GNU 11.4.0
[0.116s] -- Detecting C compiler ABI info
[0.185s] -- Detecting C compiler ABI info - done
[0.191s] -- Check for working C compiler: /usr/bin/cc - skipped
[0.191s] -- Detecting C compile features
[0.192s] -- Detecting C compile features - done
[0.195s] -- Detecting CXX compiler ABI info
[0.273s] -- Detecting CXX compiler ABI info - done
[0.279s] -- Check for working CXX compiler: /usr/bin/c++ - skipped
[0.280s] -- Detecting CXX compile features
[0.280s] -- Detecting CXX compile features - done
[0.282s] -- Found ament_cmake: 1.3.11 (/opt/ros/humble/share/ament_cmake/cmake)
[0.409s] -- Found Python3: /usr/bin/python3 (found version "3.10.12") found components: Interpreter 
[0.486s] -- Found ament_lint_auto: 0.12.12 (/opt/ros/humble/share/ament_lint_auto/cmake)
[0.550s] -- Found rclcpp: 16.0.12 (/opt/ros/humble/share/rclcpp/cmake)
[0.585s] -- Found rosidl_generator_c: 3.1.6 (/opt/ros/humble/share/rosidl_generator_c/cmake)
[0.589s] -- Found rosidl_adapter: 3.1.6 (/opt/ros/humble/share/rosidl_adapter/cmake)
[0.596s] -- Found rosidl_generator_cpp: 3.1.6 (/opt/ros/humble/share/rosidl_generator_cpp/cmake)
[0.605s] -- Using all available rosidl_typesupport_c: rosidl_typesupport_fastrtps_c;rosidl_typesupport_introspection_c
[0.617s] -- Using all available rosidl_typesupport_cpp: rosidl_typesupport_fastrtps_cpp;rosidl_typesupport_introspection_cpp
[0.652s] -- Found rmw_implementation_cmake: 6.1.2 (/opt/ros/humble/share/rmw_implementation_cmake/cmake)
[0.655s] -- Found rmw_fastrtps_cpp: 6.2.7 (/opt/ros/humble/share/rmw_fastrtps_cpp/cmake)
[0.736s] -- Found OpenSSL: /usr/lib/x86_64-linux-gnu/libcrypto.so (found version "3.0.2")  
[0.760s] -- Found FastRTPS: /opt/ros/humble/include  
[0.794s] -- Using RMW implementation 'rmw_fastrtps_cpp' as default
[0.801s] -- Looking for pthread.h
[0.866s] -- Looking for pthread.h - found
[0.866s] -- Performing Test CMAKE_HAVE_LIBC_PTHREAD
[0.929s] -- Performing Test CMAKE_HAVE_LIBC_PTHREAD - Success
[0.930s] -- Found Threads: TRUE  
[0.967s] -- Found rclcpp_action: 16.0.12 (/opt/ros/humble/share/rclcpp_action/cmake)
[0.991s] -- Found sensor_msgs: 4.8.0 (/opt/ros/humble/share/sensor_msgs/cmake)
[1.014s] -- Found control_msgs: 4.8.0 (/opt/ros/humble/share/control_msgs/cmake)
[1.057s] -- Found xarm_msgs: 0.0.0 (/home/serch/xarm_ws/install/xarm_msgs/share/xarm_msgs/cmake)
[1.067s] -- Found xarm_sdk: 0.0.0 (/home/serch/xarm_ws/install/xarm_sdk/share/xarm_sdk/cmake)
[1.080s] -- Added test 'copyright' to check source files copyright and LICENSE
[1.084s] -- Added test 'cppcheck' to perform static code analysis on C / C++ code
[1.084s] -- Configured cppcheck include dirs: /home/serch/xarm_ws/src/xarm_ros2/xarm_api/include
[1.084s] -- Configured cppcheck exclude dirs and/or files: 
[1.086s] -- Added test 'cpplint' to check C / C++ code against the Google style
[1.086s] -- Configured cpplint exclude dirs and/or files: 
[1.086s] -- Added test 'flake8' to check Python code syntax and style conventions
[1.087s] -- Added test 'lint_cmake' to check CMake code style
[1.087s] -- Added test 'pep257' to check Python code against some of the docstring style conventions in PEP 257
[1.088s] -- Added test 'uncrustify' to check C / C++ code style
[1.089s] -- Configured uncrustify additional arguments: 
[1.089s] -- Added test 'xmllint' to check XML markup files
[1.091s] -- Configuring done
[1.115s] -- Generating done
[1.124s] -- Build files have been written to: /home/serch/xarm_ws/build/xarm_api
[1.132s] Invoked command in '/home/serch/xarm_ws/build/xarm_api' returned '0': AMENT_PREFIX_PATH=/home/serch/xarm_ws/install/xarm_sdk:/home/serch/xarm_ws/install/xarm_msgs:/home/serch/xarm_ws/install/xarm_description:${AMENT_PREFIX_PATH} CMAKE_PREFIX_PATH=/home/serch/xarm_ws/install/xarm_sdk:/home/serch/xarm_ws/install/xarm_msgs:/home/serch/xarm_ws/install/xarm_description:/home/serch/VREP:/home/serch/ros2_ws/install/robot_controller_pkg:/home/serch/ros2_ws/install/Coppelia_RC:/opt/ros/humble LD_LIBRARY_PATH=/home/serch/xarm_ws/install/xarm_sdk/lib:/home/serch/xarm_ws/install/xarm_msgs/lib:${LD_LIBRARY_PATH} PYTHONPATH=/home/serch/xarm_ws/install/xarm_msgs/local/lib/python3.10/dist-packages:${PYTHONPATH} /usr/bin/cmake /home/serch/xarm_ws/src/xarm_ros2/xarm_api -DCMAKE_INSTALL_PREFIX=/home/serch/xarm_ws/install/xarm_api
[1.134s] Invoking command in '/home/serch/xarm_ws/build/xarm_api': AMENT_PREFIX_PATH=/home/serch/xarm_ws/install/xarm_sdk:/home/serch/xarm_ws/install/xarm_msgs:/home/serch/xarm_ws/install/xarm_description:${AMENT_PREFIX_PATH} CMAKE_PREFIX_PATH=/home/serch/xarm_ws/install/xarm_sdk:/home/serch/xarm_ws/install/xarm_msgs:/home/serch/xarm_ws/install/xarm_description:/home/serch/VREP:/home/serch/ros2_ws/install/robot_controller_pkg:/home/serch/ros2_ws/install/Coppelia_RC:/opt/ros/humble LD_LIBRARY_PATH=/home/serch/xarm_ws/install/xarm_sdk/lib:/home/serch/xarm_ws/install/xarm_msgs/lib:${LD_LIBRARY_PATH} PYTHONPATH=/home/serch/xarm_ws/install/xarm_msgs/local/lib/python3.10/dist-packages:${PYTHONPATH} /usr/bin/cmake --build /home/serch/xarm_ws/build/xarm_api -- -j16 -l16
[1.180s] [ 23%] [32mBuilding CXX object CMakeFiles/test_robot_states.dir/test/test_robot_states.cpp.o[0m
[1.180s] [ 23%] [32mBuilding CXX object CMakeFiles/xarm_ros_driver.dir/src/xarm_driver.cpp.o[0m
[1.180s] [ 23%] [32mBuilding CXX object CMakeFiles/xarm_ros_driver.dir/src/xarm_driver_service.cpp.o[0m
[1.180s] [ 30%] [32mBuilding CXX object CMakeFiles/xarm_ros_client.dir/src/xarm_ros_client.cpp.o[0m
[11.271s] [ 38%] [32m[1mLinking CXX executable test_robot_states[0m
[11.772s] [ 38%] Built target test_robot_states
[19.026s] [ 46%] [32m[1mLinking CXX shared library libxarm_ros_client.so[0m
[20.168s] [ 46%] Built target xarm_ros_client
[20.189s] [ 53%] [32mBuilding CXX object CMakeFiles/test_xarm_velo_move.dir/test/test_xarm_velo_move.cpp.o[0m
[20.189s] [ 61%] [32mBuilding CXX object CMakeFiles/test_xarm_ros_client.dir/test/test_xarm_ros_client.cpp.o[0m
[24.681s] [ 69%] [32m[1mLinking CXX executable test_xarm_ros_client[0m
[24.717s] [ 76%] [32m[1mLinking CXX executable test_xarm_velo_move[0m
[25.322s] [ 76%] Built target test_xarm_ros_client
[25.336s] [ 76%] Built target test_xarm_velo_move
[26.277s] [ 84%] [32m[1mLinking CXX shared library libxarm_ros_driver.so[0m
[28.210s] [ 84%] Built target xarm_ros_driver
[28.230s] [ 92%] [32mBuilding CXX object CMakeFiles/xarm_driver_node.dir/src/xarm_driver_node.cpp.o[0m
[31.722s] [100%] [32m[1mLinking CXX executable xarm_driver_node[0m
[32.347s] [100%] Built target xarm_driver_node
[32.358s] Invoked command in '/home/serch/xarm_ws/build/xarm_api' returned '0': AMENT_PREFIX_PATH=/home/serch/xarm_ws/install/xarm_sdk:/home/serch/xarm_ws/install/xarm_msgs:/home/serch/xarm_ws/install/xarm_description:${AMENT_PREFIX_PATH} CMAKE_PREFIX_PATH=/home/serch/xarm_ws/install/xarm_sdk:/home/serch/xarm_ws/install/xarm_msgs:/home/serch/xarm_ws/install/xarm_description:/home/serch/VREP:/home/serch/ros2_ws/install/robot_controller_pkg:/home/serch/ros2_ws/install/Coppelia_RC:/opt/ros/humble LD_LIBRARY_PATH=/home/serch/xarm_ws/install/xarm_sdk/lib:/home/serch/xarm_ws/install/xarm_msgs/lib:${LD_LIBRARY_PATH} PYTHONPATH=/home/serch/xarm_ws/install/xarm_msgs/local/lib/python3.10/dist-packages:${PYTHONPATH} /usr/bin/cmake --build /home/serch/xarm_ws/build/xarm_api -- -j16 -l16
[32.359s] Invoking command in '/home/serch/xarm_ws/build/xarm_api': AMENT_PREFIX_PATH=/home/serch/xarm_ws/install/xarm_sdk:/home/serch/xarm_ws/install/xarm_msgs:/home/serch/xarm_ws/install/xarm_description:${AMENT_PREFIX_PATH} CMAKE_PREFIX_PATH=/home/serch/xarm_ws/install/xarm_sdk:/home/serch/xarm_ws/install/xarm_msgs:/home/serch/xarm_ws/install/xarm_description:/home/serch/VREP:/home/serch/ros2_ws/install/robot_controller_pkg:/home/serch/ros2_ws/install/Coppelia_RC:/opt/ros/humble LD_LIBRARY_PATH=/home/serch/xarm_ws/install/xarm_sdk/lib:/home/serch/xarm_ws/install/xarm_msgs/lib:${LD_LIBRARY_PATH} PYTHONPATH=/home/serch/xarm_ws/install/xarm_msgs/local/lib/python3.10/dist-packages:${PYTHONPATH} /usr/bin/cmake --install /home/serch/xarm_ws/build/xarm_api
[32.365s] -- Install configuration: ""
[32.365s] -- Installing: /home/serch/xarm_ws/install/xarm_api/share/xarm_api/environment/library_path.sh
[32.365s] -- Installing: /home/serch/xarm_ws/install/xarm_api/share/xarm_api/environment/library_path.dsv
[32.365s] -- Installing: /home/serch/xarm_ws/install/xarm_api/include
[32.365s] -- Installing: /home/serch/xarm_ws/install/xarm_api/include/xarm_api
[32.365s] -- Installing: /home/serch/xarm_ws/install/xarm_api/include/xarm_api/xarm_driver.h
[32.365s] -- Installing: /home/serch/xarm_ws/install/xarm_api/include/xarm_api/visibility_control.h
[32.366s] -- Installing: /home/serch/xarm_ws/install/xarm_api/include/xarm_api/xarm_msgs.h
[32.366s] -- Installing: /home/serch/xarm_ws/install/xarm_api/include/xarm_api/xarm_ros_client.h
[32.366s] -- Installing: /home/serch/xarm_ws/install/xarm_api/lib/libxarm_ros_driver.so
[32.397s] -- Set runtime path of "/home/serch/xarm_ws/install/xarm_api/lib/libxarm_ros_driver.so" to ""
[32.398s] -- Installing: /home/serch/xarm_ws/install/xarm_api/lib/libxarm_ros_client.so
[32.416s] -- Set runtime path of "/home/serch/xarm_ws/install/xarm_api/lib/libxarm_ros_client.so" to ""
[32.417s] -- Installing: /home/serch/xarm_ws/install/xarm_api/lib/xarm_api/xarm_driver_node
[32.417s] -- Set runtime path of "/home/serch/xarm_ws/install/xarm_api/lib/xarm_api/xarm_driver_node" to ""
[32.417s] -- Installing: /home/serch/xarm_ws/install/xarm_api/lib/xarm_api/test_xarm_ros_client
[32.417s] -- Set runtime path of "/home/serch/xarm_ws/install/xarm_api/lib/xarm_api/test_xarm_ros_client" to ""
[32.417s] -- Installing: /home/serch/xarm_ws/install/xarm_api/lib/xarm_api/test_xarm_velo_move
[32.418s] -- Set runtime path of "/home/serch/xarm_ws/install/xarm_api/lib/xarm_api/test_xarm_velo_move" to ""
[32.418s] -- Installing: /home/serch/xarm_ws/install/xarm_api/lib/xarm_api/test_robot_states
[32.424s] -- Set runtime path of "/home/serch/xarm_ws/install/xarm_api/lib/xarm_api/test_robot_states" to ""
[32.424s] -- Installing: /home/serch/xarm_ws/install/xarm_api/share/xarm_api//launch
[32.424s] -- Installing: /home/serch/xarm_ws/install/xarm_api/share/xarm_api//launch/xarm5_driver.launch.py
[32.424s] -- Installing: /home/serch/xarm_ws/install/xarm_api/share/xarm_api//launch/uf850_driver.launch.py
[32.424s] -- Installing: /home/serch/xarm_ws/install/xarm_api/share/xarm_api//launch/lite6_driver.launch.py
[32.425s] -- Installing: /home/serch/xarm_ws/install/xarm_api/share/xarm_api//launch/xarm7_driver.launch.py
[32.425s] -- Installing: /home/serch/xarm_ws/install/xarm_api/share/xarm_api//launch/lib
[32.425s] -- Installing: /home/serch/xarm_ws/install/xarm_api/share/xarm_api//launch/lib/robot_api_lib.py
[32.425s] -- Installing: /home/serch/xarm_ws/install/xarm_api/share/xarm_api//launch/xarm6_driver.launch.py
[32.426s] -- Installing: /home/serch/xarm_ws/install/xarm_api/share/xarm_api//launch/_robot_driver.launch.py
[32.426s] -- Installing: /home/serch/xarm_ws/install/xarm_api/share/xarm_api//config
[32.426s] -- Installing: /home/serch/xarm_ws/install/xarm_api/share/xarm_api//config/xarm_params.yaml
[32.427s] -- Installing: /home/serch/xarm_ws/install/xarm_api/share/ament_index/resource_index/package_run_dependencies/xarm_api
[32.427s] -- Installing: /home/serch/xarm_ws/install/xarm_api/share/ament_index/resource_index/parent_prefix_path/xarm_api
[32.427s] -- Installing: /home/serch/xarm_ws/install/xarm_api/share/xarm_api/environment/ament_prefix_path.sh
[32.427s] -- Installing: /home/serch/xarm_ws/install/xarm_api/share/xarm_api/environment/ament_prefix_path.dsv
[32.427s] -- Installing: /home/serch/xarm_ws/install/xarm_api/share/xarm_api/environment/path.sh
[32.427s] -- Installing: /home/serch/xarm_ws/install/xarm_api/share/xarm_api/environment/path.dsv
[32.427s] -- Installing: /home/serch/xarm_ws/install/xarm_api/share/xarm_api/local_setup.bash
[32.428s] -- Installing: /home/serch/xarm_ws/install/xarm_api/share/xarm_api/local_setup.sh
[32.428s] -- Installing: /home/serch/xarm_ws/install/xarm_api/share/xarm_api/local_setup.zsh
[32.428s] -- Installing: /home/serch/xarm_ws/install/xarm_api/share/xarm_api/local_setup.dsv
[32.428s] -- Installing: /home/serch/xarm_ws/install/xarm_api/share/xarm_api/package.dsv
[32.428s] -- Installing: /home/serch/xarm_ws/install/xarm_api/share/ament_index/resource_index/packages/xarm_api
[32.428s] -- Installing: /home/serch/xarm_ws/install/xarm_api/share/xarm_api/cmake/ament_cmake_export_libraries-extras.cmake
[32.428s] -- Installing: /home/serch/xarm_ws/install/xarm_api/share/xarm_api/cmake/ament_cmake_export_include_directories-extras.cmake
[32.428s] -- Installing: /home/serch/xarm_ws/install/xarm_api/share/xarm_api/cmake/xarm_apiConfig.cmake
[32.428s] -- Installing: /home/serch/xarm_ws/install/xarm_api/share/xarm_api/cmake/xarm_apiConfig-version.cmake
[32.429s] -- Installing: /home/serch/xarm_ws/install/xarm_api/share/xarm_api/package.xml
[32.431s] Invoked command in '/home/serch/xarm_ws/build/xarm_api' returned '0': AMENT_PREFIX_PATH=/home/serch/xarm_ws/install/xarm_sdk:/home/serch/xarm_ws/install/xarm_msgs:/home/serch/xarm_ws/install/xarm_description:${AMENT_PREFIX_PATH} CMAKE_PREFIX_PATH=/home/serch/xarm_ws/install/xarm_sdk:/home/serch/xarm_ws/install/xarm_msgs:/home/serch/xarm_ws/install/xarm_description:/home/serch/VREP:/home/serch/ros2_ws/install/robot_controller_pkg:/home/serch/ros2_ws/install/Coppelia_RC:/opt/ros/humble LD_LIBRARY_PATH=/home/serch/xarm_ws/install/xarm_sdk/lib:/home/serch/xarm_ws/install/xarm_msgs/lib:${LD_LIBRARY_PATH} PYTHONPATH=/home/serch/xarm_ws/install/xarm_msgs/local/lib/python3.10/dist-packages:${PYTHONPATH} /usr/bin/cmake --install /home/serch/xarm_ws/build/xarm_api
