[1.269s] Invoking command in '/home/serch/xarm_ws/src/pose_estimator': PYTHONPATH=/home/serch/xarm_ws/build/pose_estimator/prefix_override:/usr/lib/python3/dist-packages/colcon_core/task/python/colcon_distutils_commands:/home/serch/xarm_ws/install/pose_estimator/lib/python3.10/site-packages:${PYTHONPATH} /usr/bin/python3 -W ignore:setup.py install is deprecated -W ignore:easy_install command is deprecated setup.py egg_info --egg-base ../../build/pose_estimator build --build-base /home/serch/xarm_ws/build/pose_estimator/build install --record /home/serch/xarm_ws/build/pose_estimator/install.log --single-version-externally-managed install_data
[1.465s] running egg_info
[1.465s] writing ../../build/pose_estimator/pose_estimator.egg-info/PKG-INFO
[1.465s] writing dependency_links to ../../build/pose_estimator/pose_estimator.egg-info/dependency_links.txt
[1.465s] writing entry points to ../../build/pose_estimator/pose_estimator.egg-info/entry_points.txt
[1.466s] writing requirements to ../../build/pose_estimator/pose_estimator.egg-info/requires.txt
[1.466s] writing top-level names to ../../build/pose_estimator/pose_estimator.egg-info/top_level.txt
[1.467s] reading manifest file '../../build/pose_estimator/pose_estimator.egg-info/SOURCES.txt'
[1.467s] adding license file 'LICENSE'
[1.467s] writing manifest file '../../build/pose_estimator/pose_estimator.egg-info/SOURCES.txt'
[1.467s] running build
[1.468s] running build_py
[1.468s] copying pose_estimator/pc_matcher.py -> /home/serch/xarm_ws/build/pose_estimator/build/lib/pose_estimator
[1.468s] copying pose_estimator/pose_controller.py -> /home/serch/xarm_ws/build/pose_estimator/build/lib/pose_estimator
[1.468s] running install
[1.468s] running install_lib
[1.469s] copying /home/serch/xarm_ws/build/pose_estimator/build/lib/pose_estimator/pc_matcher.py -> /home/serch/xarm_ws/install/pose_estimator/lib/python3.10/site-packages/pose_estimator
[1.469s] copying /home/serch/xarm_ws/build/pose_estimator/build/lib/pose_estimator/pose_controller.py -> /home/serch/xarm_ws/install/pose_estimator/lib/python3.10/site-packages/pose_estimator
[1.469s] byte-compiling /home/serch/xarm_ws/install/pose_estimator/lib/python3.10/site-packages/pose_estimator/pc_matcher.py to pc_matcher.cpython-310.pyc
[1.474s] byte-compiling /home/serch/xarm_ws/install/pose_estimator/lib/python3.10/site-packages/pose_estimator/pose_controller.py to pose_controller.cpython-310.pyc
[1.475s] running install_data
[1.475s] running install_egg_info
[1.477s] removing '/home/serch/xarm_ws/install/pose_estimator/lib/python3.10/site-packages/pose_estimator-0.0.0-py3.10.egg-info' (and everything under it)
[1.477s] Copying ../../build/pose_estimator/pose_estimator.egg-info to /home/serch/xarm_ws/install/pose_estimator/lib/python3.10/site-packages/pose_estimator-0.0.0-py3.10.egg-info
[1.478s] running install_scripts
[1.493s] Installing match_pointcloud = pose_estimator.pc_matcher:mainxarm_pose_controller script to /home/serch/xarm_ws/install/pose_estimator/lib/pose_estimator
[1.494s] writing list of installed files to '/home/serch/xarm_ws/build/pose_estimator/install.log'
[1.517s] Invoked command in '/home/serch/xarm_ws/src/pose_estimator' returned '0': PYTHONPATH=/home/serch/xarm_ws/build/pose_estimator/prefix_override:/usr/lib/python3/dist-packages/colcon_core/task/python/colcon_distutils_commands:/home/serch/xarm_ws/install/pose_estimator/lib/python3.10/site-packages:${PYTHONPATH} /usr/bin/python3 -W ignore:setup.py install is deprecated -W ignore:easy_install command is deprecated setup.py egg_info --egg-base ../../build/pose_estimator build --build-base /home/serch/xarm_ws/build/pose_estimator/build install --record /home/serch/xarm_ws/build/pose_estimator/install.log --single-version-externally-managed install_data
