[1.285s] Invoking command in '/home/serch/xarm_ws/src/xarm_ros2/uf_ros_lib': PYTHONPATH=/home/serch/xarm_ws/build/uf_ros_lib/prefix_override:/usr/lib/python3/dist-packages/colcon_core/task/python/colcon_distutils_commands:/home/serch/xarm_ws/install/uf_ros_lib/lib/python3.10/site-packages:${PYTHONPATH} /usr/bin/python3 -W ignore:setup.py install is deprecated -W ignore:easy_install command is deprecated setup.py egg_info --egg-base ../../../build/uf_ros_lib build --build-base /home/serch/xarm_ws/build/uf_ros_lib/build install --record /home/serch/xarm_ws/build/uf_ros_lib/install.log --single-version-externally-managed install_data
[1.479s] running egg_info
[1.479s] writing ../../../build/uf_ros_lib/uf_ros_lib.egg-info/PKG-INFO
[1.480s] writing dependency_links to ../../../build/uf_ros_lib/uf_ros_lib.egg-info/dependency_links.txt
[1.480s] writing entry points to ../../../build/uf_ros_lib/uf_ros_lib.egg-info/entry_points.txt
[1.480s] writing requirements to ../../../build/uf_ros_lib/uf_ros_lib.egg-info/requires.txt
[1.480s] writing top-level names to ../../../build/uf_ros_lib/uf_ros_lib.egg-info/top_level.txt
[1.481s] reading manifest file '../../../build/uf_ros_lib/uf_ros_lib.egg-info/SOURCES.txt'
[1.482s] writing manifest file '../../../build/uf_ros_lib/uf_ros_lib.egg-info/SOURCES.txt'
[1.482s] running build
[1.482s] running build_py
[1.482s] running install
[1.483s] running install_lib
[1.484s] running install_data
[1.484s] running install_egg_info
[1.485s] removing '/home/serch/xarm_ws/install/uf_ros_lib/lib/python3.10/site-packages/uf_ros_lib-0.0.0-py3.10.egg-info' (and everything under it)
[1.485s] Copying ../../../build/uf_ros_lib/uf_ros_lib.egg-info to /home/serch/xarm_ws/install/uf_ros_lib/lib/python3.10/site-packages/uf_ros_lib-0.0.0-py3.10.egg-info
[1.486s] running install_scripts
[1.502s] writing list of installed files to '/home/serch/xarm_ws/build/uf_ros_lib/install.log'
[1.527s] Invoked command in '/home/serch/xarm_ws/src/xarm_ros2/uf_ros_lib' returned '0': PYTHONPATH=/home/serch/xarm_ws/build/uf_ros_lib/prefix_override:/usr/lib/python3/dist-packages/colcon_core/task/python/colcon_distutils_commands:/home/serch/xarm_ws/install/uf_ros_lib/lib/python3.10/site-packages:${PYTHONPATH} /usr/bin/python3 -W ignore:setup.py install is deprecated -W ignore:easy_install command is deprecated setup.py egg_info --egg-base ../../../build/uf_ros_lib build --build-base /home/serch/xarm_ws/build/uf_ros_lib/build install --record /home/serch/xarm_ws/build/uf_ros_lib/install.log --single-version-externally-managed install_data
