running egg_info
writing ../../build/vision_xarm/vision_xarm.egg-info/PKG-INFO
writing dependency_links to ../../build/vision_xarm/vision_xarm.egg-info/dependency_links.txt
writing entry points to ../../build/vision_xarm/vision_xarm.egg-info/entry_points.txt
writing requirements to ../../build/vision_xarm/vision_xarm.egg-info/requires.txt
writing top-level names to ../../build/vision_xarm/vision_xarm.egg-info/top_level.txt
reading manifest file '../../build/vision_xarm/vision_xarm.egg-info/SOURCES.txt'
writing manifest file '../../build/vision_xarm/vision_xarm.egg-info/SOURCES.txt'
running build
running build_py
running install
running install_lib
running install_data
running install_egg_info
removing '/home/serch/xarm_ws/install/vision_xarm/lib/python3.10/site-packages/vision_xarm-0.0.0-py3.10.egg-info' (and everything under it)
Copying ../../build/vision_xarm/vision_xarm.egg-info to /home/serch/xarm_ws/install/vision_xarm/lib/python3.10/site-packages/vision_xarm-0.0.0-py3.10.egg-info
running install_scripts
Installing color_map script to /home/serch/xarm_ws/install/vision_xarm/lib/vision_xarm
Installing nube_kinect script to /home/serch/xarm_ws/install/vision_xarm/lib/vision_xarm
writing list of installed files to '/home/serch/xarm_ws/build/vision_xarm/install.log'
