[0.019s] Invoking command in '/home/serch/xarm_ws/build/xarm_gazebo': AMENT_PREFIX_PATH=/home/serch/xarm_ws/install/xarm_controller:/home/serch/xarm_ws/install/xarm_api:/home/serch/xarm_ws/install/xarm_sdk:/home/serch/xarm_ws/install/xarm_msgs:/home/serch/xarm_ws/install/xarm_description:/home/serch/xarm_ws/install/uf_ros_lib:${AMENT_PREFIX_PATH} CMAKE_PREFIX_PATH=/home/serch/xarm_ws/install/xarm_controller:/home/serch/xarm_ws/install/xarm_api:/home/serch/xarm_ws/install/xarm_sdk:/home/serch/xarm_ws/install/xarm_msgs:/home/serch/xarm_ws/install/xarm_description:/home/serch/VREP:/home/serch/ros2_ws/install/robot_controller_pkg:/home/serch/ros2_ws/install/Coppelia_RC:/opt/ros/humble LD_LIBRARY_PATH=/home/serch/xarm_ws/install/xarm_controller/lib:/home/serch/xarm_ws/install/xarm_api/lib:/home/serch/xarm_ws/install/xarm_sdk/lib:/home/serch/xarm_ws/install/xarm_msgs/lib:${LD_LIBRARY_PATH} PYTHONPATH=/home/serch/xarm_ws/install/xarm_msgs/local/lib/python3.10/dist-packages:/home/serch/xarm_ws/install/uf_ros_lib/lib/python3.10/site-packages:${PYTHONPATH} /usr/bin/cmake --build /home/serch/xarm_ws/build/xarm_gazebo -- -j16 -l16
[0.106s] [100%] Built target gazebo_mimic_joint_plugin
[0.117s] Invoked command in '/home/serch/xarm_ws/build/xarm_gazebo' returned '0': AMENT_PREFIX_PATH=/home/serch/xarm_ws/install/xarm_controller:/home/serch/xarm_ws/install/xarm_api:/home/serch/xarm_ws/install/xarm_sdk:/home/serch/xarm_ws/install/xarm_msgs:/home/serch/xarm_ws/install/xarm_description:/home/serch/xarm_ws/install/uf_ros_lib:${AMENT_PREFIX_PATH} CMAKE_PREFIX_PATH=/home/serch/xarm_ws/install/xarm_controller:/home/serch/xarm_ws/install/xarm_api:/home/serch/xarm_ws/install/xarm_sdk:/home/serch/xarm_ws/install/xarm_msgs:/home/serch/xarm_ws/install/xarm_description:/home/serch/VREP:/home/serch/ros2_ws/install/robot_controller_pkg:/home/serch/ros2_ws/install/Coppelia_RC:/opt/ros/humble LD_LIBRARY_PATH=/home/serch/xarm_ws/install/xarm_controller/lib:/home/serch/xarm_ws/install/xarm_api/lib:/home/serch/xarm_ws/install/xarm_sdk/lib:/home/serch/xarm_ws/install/xarm_msgs/lib:${LD_LIBRARY_PATH} PYTHONPATH=/home/serch/xarm_ws/install/xarm_msgs/local/lib/python3.10/dist-packages:/home/serch/xarm_ws/install/uf_ros_lib/lib/python3.10/site-packages:${PYTHONPATH} /usr/bin/cmake --build /home/serch/xarm_ws/build/xarm_gazebo -- -j16 -l16
[0.120s] Invoking command in '/home/serch/xarm_ws/build/xarm_gazebo': AMENT_PREFIX_PATH=/home/serch/xarm_ws/install/xarm_controller:/home/serch/xarm_ws/install/xarm_api:/home/serch/xarm_ws/install/xarm_sdk:/home/serch/xarm_ws/install/xarm_msgs:/home/serch/xarm_ws/install/xarm_description:/home/serch/xarm_ws/install/uf_ros_lib:${AMENT_PREFIX_PATH} CMAKE_PREFIX_PATH=/home/serch/xarm_ws/install/xarm_controller:/home/serch/xarm_ws/install/xarm_api:/home/serch/xarm_ws/install/xarm_sdk:/home/serch/xarm_ws/install/xarm_msgs:/home/serch/xarm_ws/install/xarm_description:/home/serch/VREP:/home/serch/ros2_ws/install/robot_controller_pkg:/home/serch/ros2_ws/install/Coppelia_RC:/opt/ros/humble LD_LIBRARY_PATH=/home/serch/xarm_ws/install/xarm_controller/lib:/home/serch/xarm_ws/install/xarm_api/lib:/home/serch/xarm_ws/install/xarm_sdk/lib:/home/serch/xarm_ws/install/xarm_msgs/lib:${LD_LIBRARY_PATH} PYTHONPATH=/home/serch/xarm_ws/install/xarm_msgs/local/lib/python3.10/dist-packages:/home/serch/xarm_ws/install/uf_ros_lib/lib/python3.10/site-packages:${PYTHONPATH} /usr/bin/cmake --install /home/serch/xarm_ws/build/xarm_gazebo
[0.127s] -- Install configuration: ""
[0.127s] -- Up-to-date: /home/serch/xarm_ws/install/xarm_gazebo/include
[0.127s] -- Up-to-date: /home/serch/xarm_ws/install/xarm_gazebo/include/xarm_gazebo
[0.127s] -- Up-to-date: /home/serch/xarm_ws/install/xarm_gazebo/include/xarm_gazebo/mimic_joint_plugin.h
[0.128s] -- Up-to-date: /home/serch/xarm_ws/install/xarm_gazebo/lib/libgazebo_mimic_joint_plugin.so
[0.128s] -- Up-to-date: /home/serch/xarm_ws/install/xarm_gazebo/share/xarm_gazebo//worlds
[0.128s] -- Up-to-date: /home/serch/xarm_ws/install/xarm_gazebo/share/xarm_gazebo//worlds/table.world
[0.128s] -- Up-to-date: /home/serch/xarm_ws/install/xarm_gazebo/share/xarm_gazebo//launch
[0.128s] -- Up-to-date: /home/serch/xarm_ws/install/xarm_gazebo/share/xarm_gazebo//launch/xarm7_beside_table_gazebo.launch.py
[0.128s] -- Up-to-date: /home/serch/xarm_ws/install/xarm_gazebo/share/xarm_gazebo//launch/uf850_beside_table_gazebo.launch.py
[0.128s] -- Up-to-date: /home/serch/xarm_ws/install/xarm_gazebo/share/xarm_gazebo//launch/xarm5_beside_table_gazebo.launch.py
[0.128s] -- Up-to-date: /home/serch/xarm_ws/install/xarm_gazebo/share/xarm_gazebo//launch/xarm6_beside_table_gazebo.launch.py
[0.129s] -- Up-to-date: /home/serch/xarm_ws/install/xarm_gazebo/share/xarm_gazebo//launch/_robot_beside_table_gazebo.launch.py
[0.129s] -- Up-to-date: /home/serch/xarm_ws/install/xarm_gazebo/share/xarm_gazebo//launch/_robot_beside_table_ignition.launch.py
[0.129s] -- Up-to-date: /home/serch/xarm_ws/install/xarm_gazebo/share/xarm_gazebo//launch/lite6_beside_table_gazebo.launch.py
[0.129s] -- Up-to-date: /home/serch/xarm_ws/install/xarm_gazebo/share/xarm_gazebo//launch/xarm7_mirror_beside_table_gazebo.launch.py
[0.129s] -- Up-to-date: /home/serch/xarm_ws/install/xarm_gazebo/share/xarm_gazebo//launch/_dual_robot_beside_table_gazebo.launch.py
[0.129s] -- Up-to-date: /home/serch/xarm_ws/install/xarm_gazebo/share/ament_index/resource_index/package_run_dependencies/xarm_gazebo
[0.129s] -- Up-to-date: /home/serch/xarm_ws/install/xarm_gazebo/share/ament_index/resource_index/parent_prefix_path/xarm_gazebo
[0.129s] -- Up-to-date: /home/serch/xarm_ws/install/xarm_gazebo/share/xarm_gazebo/environment/ament_prefix_path.sh
[0.129s] -- Up-to-date: /home/serch/xarm_ws/install/xarm_gazebo/share/xarm_gazebo/environment/ament_prefix_path.dsv
[0.129s] -- Up-to-date: /home/serch/xarm_ws/install/xarm_gazebo/share/xarm_gazebo/environment/path.sh
[0.129s] -- Up-to-date: /home/serch/xarm_ws/install/xarm_gazebo/share/xarm_gazebo/environment/path.dsv
[0.129s] -- Up-to-date: /home/serch/xarm_ws/install/xarm_gazebo/share/xarm_gazebo/local_setup.bash
[0.130s] -- Up-to-date: /home/serch/xarm_ws/install/xarm_gazebo/share/xarm_gazebo/local_setup.sh
[0.130s] -- Up-to-date: /home/serch/xarm_ws/install/xarm_gazebo/share/xarm_gazebo/local_setup.zsh
[0.130s] -- Up-to-date: /home/serch/xarm_ws/install/xarm_gazebo/share/xarm_gazebo/local_setup.dsv
[0.130s] -- Installing: /home/serch/xarm_ws/install/xarm_gazebo/share/xarm_gazebo/package.dsv
[0.130s] -- Up-to-date: /home/serch/xarm_ws/install/xarm_gazebo/share/ament_index/resource_index/packages/xarm_gazebo
[0.130s] -- Up-to-date: /home/serch/xarm_ws/install/xarm_gazebo/share/xarm_gazebo/cmake/xarm_gazeboConfig.cmake
[0.130s] -- Up-to-date: /home/serch/xarm_ws/install/xarm_gazebo/share/xarm_gazebo/cmake/xarm_gazeboConfig-version.cmake
[0.130s] -- Up-to-date: /home/serch/xarm_ws/install/xarm_gazebo/share/xarm_gazebo/package.xml
[0.132s] Invoked command in '/home/serch/xarm_ws/build/xarm_gazebo' returned '0': AMENT_PREFIX_PATH=/home/serch/xarm_ws/install/xarm_controller:/home/serch/xarm_ws/install/xarm_api:/home/serch/xarm_ws/install/xarm_sdk:/home/serch/xarm_ws/install/xarm_msgs:/home/serch/xarm_ws/install/xarm_description:/home/serch/xarm_ws/install/uf_ros_lib:${AMENT_PREFIX_PATH} CMAKE_PREFIX_PATH=/home/serch/xarm_ws/install/xarm_controller:/home/serch/xarm_ws/install/xarm_api:/home/serch/xarm_ws/install/xarm_sdk:/home/serch/xarm_ws/install/xarm_msgs:/home/serch/xarm_ws/install/xarm_description:/home/serch/VREP:/home/serch/ros2_ws/install/robot_controller_pkg:/home/serch/ros2_ws/install/Coppelia_RC:/opt/ros/humble LD_LIBRARY_PATH=/home/serch/xarm_ws/install/xarm_controller/lib:/home/serch/xarm_ws/install/xarm_api/lib:/home/serch/xarm_ws/install/xarm_sdk/lib:/home/serch/xarm_ws/install/xarm_msgs/lib:${LD_LIBRARY_PATH} PYTHONPATH=/home/serch/xarm_ws/install/xarm_msgs/local/lib/python3.10/dist-packages:/home/serch/xarm_ws/install/uf_ros_lib/lib/python3.10/site-packages:${PYTHONPATH} /usr/bin/cmake --install /home/serch/xarm_ws/build/xarm_gazebo
