/home/serch/xarm_ws/install/pose_estimator/lib/python3.10/site-packages/pose_estimator/__init__.py
/home/serch/xarm_ws/install/pose_estimator/lib/python3.10/site-packages/pose_estimator/pc_matcher.py
/home/serch/xarm_ws/install/pose_estimator/lib/python3.10/site-packages/pose_estimator/xarm_mover.py
/home/serch/xarm_ws/install/pose_estimator/lib/python3.10/site-packages/pose_estimator/pose_controller.py
/home/serch/xarm_ws/install/pose_estimator/lib/python3.10/site-packages/pose_estimator/__pycache__/__init__.cpython-310.pyc
/home/serch/xarm_ws/install/pose_estimator/lib/python3.10/site-packages/pose_estimator/__pycache__/pc_matcher.cpython-310.pyc
/home/serch/xarm_ws/install/pose_estimator/lib/python3.10/site-packages/pose_estimator/__pycache__/xarm_mover.cpython-310.pyc
/home/serch/xarm_ws/install/pose_estimator/lib/python3.10/site-packages/pose_estimator/__pycache__/pose_controller.cpython-310.pyc
/home/serch/xarm_ws/install/pose_estimator/share/ament_index/resource_index/packages/pose_estimator
/home/serch/xarm_ws/install/pose_estimator/share/pose_estimator/package.xml
/home/serch/xarm_ws/install/pose_estimator/lib/python3.10/site-packages/pose_estimator-0.0.0-py3.10.egg-info/zip-safe
/home/serch/xarm_ws/install/pose_estimator/lib/python3.10/site-packages/pose_estimator-0.0.0-py3.10.egg-info/entry_points.txt
/home/serch/xarm_ws/install/pose_estimator/lib/python3.10/site-packages/pose_estimator-0.0.0-py3.10.egg-info/top_level.txt
/home/serch/xarm_ws/install/pose_estimator/lib/python3.10/site-packages/pose_estimator-0.0.0-py3.10.egg-info/requires.txt
/home/serch/xarm_ws/install/pose_estimator/lib/python3.10/site-packages/pose_estimator-0.0.0-py3.10.egg-info/PKG-INFO
/home/serch/xarm_ws/install/pose_estimator/lib/python3.10/site-packages/pose_estimator-0.0.0-py3.10.egg-info/dependency_links.txt
/home/serch/xarm_ws/install/pose_estimator/lib/python3.10/site-packages/pose_estimator-0.0.0-py3.10.egg-info/SOURCES.txt
/home/serch/xarm_ws/install/pose_estimator/lib/pose_estimator/match_pointcloud
/home/serch/xarm_ws/install/pose_estimator/lib/pose_estimator/xarm_pose_controller
/home/serch/xarm_ws/install/pose_estimator/lib/pose_estimator/xarm_xy_mover
