[0.020s] Invoking command in '/home/serch/xarm_ws/build/xarm_planner': AMENT_PREFIX_PATH=/home/serch/xarm_ws/install/uf_ros_lib:/home/serch/xarm_ws/install/xarm_planner:/home/serch/xarm_ws/install/xarm_moveit_servo:/home/serch/xarm_ws/install/xarm_moveit_config:/home/serch/xarm_ws/install/xarm_gazebo:/home/serch/xarm_ws/install/xarm_controller:/home/serch/xarm_ws/install/xarm_api:/home/serch/xarm_ws/install/xarm_sdk:/home/serch/xarm_ws/install/xarm_msgs:/home/serch/xarm_ws/install/xarm_description:/home/serch/xarm_ws/install/vision_xarm:/home/serch/xarm_ws/install/realsense_gazebo_plugin:/home/serch/xarm_ws/install/pose_estimator:/home/serch/xarm_ws/install/mbot_demo:/home/serch/xarm_ws/install/image_converter:/home/serch/xarm_ws/install/azure_kinect_ros_driver:/home/serch/ros2_ws/install/robot_controller_pkg:/home/serch/ros2_ws/install/Coppelia_RC:/opt/ros/humble CMAKE_PREFIX_PATH=/home/serch/xarm_ws/install/xarm_moveit_config:/home/serch/xarm_ws/install/xarm_gazebo:/home/serch/xarm_ws/install/xarm_controller:/home/serch/xarm_ws/install/xarm_api:/home/serch/xarm_ws/install/xarm_sdk:/home/serch/xarm_ws/install/xarm_msgs:/home/serch/xarm_ws/install/xarm_description:/home/serch/xarm_ws/install/xarm_planner:/home/serch/xarm_ws/install/xarm_moveit_servo:/home/serch/xarm_ws/install/realsense_gazebo_plugin:/home/serch/xarm_ws/install/mbot_demo:/home/serch/xarm_ws/install/azure_kinect_ros_driver:/home/serch/VREP:/home/serch/xarm_ws/install/vision_xarm:/home/serch/xarm_ws/install/uf_ros_lib:/home/serch/xarm_ws/install/pose_estimator:/home/serch/xarm_ws/install/image_converter:/home/serch/ros2_ws/install/robot_controller_pkg:/home/serch/ros2_ws/install/Coppelia_RC:/opt/ros/humble LD_LIBRARY_PATH=/home/serch/xarm_ws/install/xarm_gazebo/lib:/home/serch/xarm_ws/install/xarm_controller/lib:/home/serch/xarm_ws/install/xarm_api/lib:/home/serch/xarm_ws/install/xarm_sdk/lib:/home/serch/xarm_ws/install/xarm_msgs/lib:/home/serch/xarm_ws/install/xarm_planner/lib:/home/serch/xarm_ws/install/xarm_moveit_servo/lib:/home/serch/xarm_ws/install/realsense_gazebo_plugin/lib:/home/serch/VREP:/usr/lib/x86_64-linux-gnu/gazebo-11/plugins:/opt/ros/humble/opt/rviz_ogre_vendor/lib:/opt/ros/humble/lib/x86_64-linux-gnu:/opt/ros/humble/lib PYTHONPATH=/home/serch/xarm_ws/install/uf_ros_lib/lib/python3.10/site-packages:/home/serch/xarm_ws/install/xarm_msgs/local/lib/python3.10/dist-packages:/home/serch/xarm_ws/install/vision_xarm/lib/python3.10/site-packages:/home/serch/xarm_ws/install/pose_estimator/lib/python3.10/site-packages:/home/serch/xarm_ws/install/image_converter/lib/python3.10/site-packages:/home/serch/ros2_ws/install/robot_controller_pkg/lib/python3.10/site-packages:/home/serch/ros2_ws/install/Coppelia_RC/lib/python3.10/site-packages:/opt/ros/humble/lib/python3.10/site-packages:/opt/ros/humble/local/lib/python3.10/dist-packages /usr/bin/cmake --build /home/serch/xarm_ws/build/xarm_planner -- -j16 -l16
[0.075s] [ 36%] Built target test_xarm_planner_client_joint
[0.075s] [ 36%] Built target test_xarm_planner_client_pose
[0.076s] [ 36%] Built target test_lite_gripper_realmove
[0.076s] [ 36%] Built target test_xarm_gripper_planner_client_joint
[0.078s] [ 45%] Built target xarm_planner
[0.110s] [100%] Built target xarm_gripper_planner_node
[0.110s] [100%] Built target xarm_planner_node
[0.110s] [100%] Built target test_dual_xarm_planner_api_joint
[0.110s] [100%] Built target test_xarm_planner_api_pose
[0.110s] [100%] Built target test_xarm_gripper_planner_api_joint
[0.110s] [100%] Built target test_xarm_planner_api_joint
[0.122s] Invoked command in '/home/serch/xarm_ws/build/xarm_planner' returned '0': AMENT_PREFIX_PATH=/home/serch/xarm_ws/install/uf_ros_lib:/home/serch/xarm_ws/install/xarm_planner:/home/serch/xarm_ws/install/xarm_moveit_servo:/home/serch/xarm_ws/install/xarm_moveit_config:/home/serch/xarm_ws/install/xarm_gazebo:/home/serch/xarm_ws/install/xarm_controller:/home/serch/xarm_ws/install/xarm_api:/home/serch/xarm_ws/install/xarm_sdk:/home/serch/xarm_ws/install/xarm_msgs:/home/serch/xarm_ws/install/xarm_description:/home/serch/xarm_ws/install/vision_xarm:/home/serch/xarm_ws/install/realsense_gazebo_plugin:/home/serch/xarm_ws/install/pose_estimator:/home/serch/xarm_ws/install/mbot_demo:/home/serch/xarm_ws/install/image_converter:/home/serch/xarm_ws/install/azure_kinect_ros_driver:/home/serch/ros2_ws/install/robot_controller_pkg:/home/serch/ros2_ws/install/Coppelia_RC:/opt/ros/humble CMAKE_PREFIX_PATH=/home/serch/xarm_ws/install/xarm_moveit_config:/home/serch/xarm_ws/install/xarm_gazebo:/home/serch/xarm_ws/install/xarm_controller:/home/serch/xarm_ws/install/xarm_api:/home/serch/xarm_ws/install/xarm_sdk:/home/serch/xarm_ws/install/xarm_msgs:/home/serch/xarm_ws/install/xarm_description:/home/serch/xarm_ws/install/xarm_planner:/home/serch/xarm_ws/install/xarm_moveit_servo:/home/serch/xarm_ws/install/realsense_gazebo_plugin:/home/serch/xarm_ws/install/mbot_demo:/home/serch/xarm_ws/install/azure_kinect_ros_driver:/home/serch/VREP:/home/serch/xarm_ws/install/vision_xarm:/home/serch/xarm_ws/install/uf_ros_lib:/home/serch/xarm_ws/install/pose_estimator:/home/serch/xarm_ws/install/image_converter:/home/serch/ros2_ws/install/robot_controller_pkg:/home/serch/ros2_ws/install/Coppelia_RC:/opt/ros/humble LD_LIBRARY_PATH=/home/serch/xarm_ws/install/xarm_gazebo/lib:/home/serch/xarm_ws/install/xarm_controller/lib:/home/serch/xarm_ws/install/xarm_api/lib:/home/serch/xarm_ws/install/xarm_sdk/lib:/home/serch/xarm_ws/install/xarm_msgs/lib:/home/serch/xarm_ws/install/xarm_planner/lib:/home/serch/xarm_ws/install/xarm_moveit_servo/lib:/home/serch/xarm_ws/install/realsense_gazebo_plugin/lib:/home/serch/VREP:/usr/lib/x86_64-linux-gnu/gazebo-11/plugins:/opt/ros/humble/opt/rviz_ogre_vendor/lib:/opt/ros/humble/lib/x86_64-linux-gnu:/opt/ros/humble/lib PYTHONPATH=/home/serch/xarm_ws/install/uf_ros_lib/lib/python3.10/site-packages:/home/serch/xarm_ws/install/xarm_msgs/local/lib/python3.10/dist-packages:/home/serch/xarm_ws/install/vision_xarm/lib/python3.10/site-packages:/home/serch/xarm_ws/install/pose_estimator/lib/python3.10/site-packages:/home/serch/xarm_ws/install/image_converter/lib/python3.10/site-packages:/home/serch/ros2_ws/install/robot_controller_pkg/lib/python3.10/site-packages:/home/serch/ros2_ws/install/Coppelia_RC/lib/python3.10/site-packages:/opt/ros/humble/lib/python3.10/site-packages:/opt/ros/humble/local/lib/python3.10/dist-packages /usr/bin/cmake --build /home/serch/xarm_ws/build/xarm_planner -- -j16 -l16
[0.124s] Invoking command in '/home/serch/xarm_ws/build/xarm_planner': AMENT_PREFIX_PATH=/home/serch/xarm_ws/install/uf_ros_lib:/home/serch/xarm_ws/install/xarm_planner:/home/serch/xarm_ws/install/xarm_moveit_servo:/home/serch/xarm_ws/install/xarm_moveit_config:/home/serch/xarm_ws/install/xarm_gazebo:/home/serch/xarm_ws/install/xarm_controller:/home/serch/xarm_ws/install/xarm_api:/home/serch/xarm_ws/install/xarm_sdk:/home/serch/xarm_ws/install/xarm_msgs:/home/serch/xarm_ws/install/xarm_description:/home/serch/xarm_ws/install/vision_xarm:/home/serch/xarm_ws/install/realsense_gazebo_plugin:/home/serch/xarm_ws/install/pose_estimator:/home/serch/xarm_ws/install/mbot_demo:/home/serch/xarm_ws/install/image_converter:/home/serch/xarm_ws/install/azure_kinect_ros_driver:/home/serch/ros2_ws/install/robot_controller_pkg:/home/serch/ros2_ws/install/Coppelia_RC:/opt/ros/humble CMAKE_PREFIX_PATH=/home/serch/xarm_ws/install/xarm_moveit_config:/home/serch/xarm_ws/install/xarm_gazebo:/home/serch/xarm_ws/install/xarm_controller:/home/serch/xarm_ws/install/xarm_api:/home/serch/xarm_ws/install/xarm_sdk:/home/serch/xarm_ws/install/xarm_msgs:/home/serch/xarm_ws/install/xarm_description:/home/serch/xarm_ws/install/xarm_planner:/home/serch/xarm_ws/install/xarm_moveit_servo:/home/serch/xarm_ws/install/realsense_gazebo_plugin:/home/serch/xarm_ws/install/mbot_demo:/home/serch/xarm_ws/install/azure_kinect_ros_driver:/home/serch/VREP:/home/serch/xarm_ws/install/vision_xarm:/home/serch/xarm_ws/install/uf_ros_lib:/home/serch/xarm_ws/install/pose_estimator:/home/serch/xarm_ws/install/image_converter:/home/serch/ros2_ws/install/robot_controller_pkg:/home/serch/ros2_ws/install/Coppelia_RC:/opt/ros/humble LD_LIBRARY_PATH=/home/serch/xarm_ws/install/xarm_gazebo/lib:/home/serch/xarm_ws/install/xarm_controller/lib:/home/serch/xarm_ws/install/xarm_api/lib:/home/serch/xarm_ws/install/xarm_sdk/lib:/home/serch/xarm_ws/install/xarm_msgs/lib:/home/serch/xarm_ws/install/xarm_planner/lib:/home/serch/xarm_ws/install/xarm_moveit_servo/lib:/home/serch/xarm_ws/install/realsense_gazebo_plugin/lib:/home/serch/VREP:/usr/lib/x86_64-linux-gnu/gazebo-11/plugins:/opt/ros/humble/opt/rviz_ogre_vendor/lib:/opt/ros/humble/lib/x86_64-linux-gnu:/opt/ros/humble/lib PYTHONPATH=/home/serch/xarm_ws/install/uf_ros_lib/lib/python3.10/site-packages:/home/serch/xarm_ws/install/xarm_msgs/local/lib/python3.10/dist-packages:/home/serch/xarm_ws/install/vision_xarm/lib/python3.10/site-packages:/home/serch/xarm_ws/install/pose_estimator/lib/python3.10/site-packages:/home/serch/xarm_ws/install/image_converter/lib/python3.10/site-packages:/home/serch/ros2_ws/install/robot_controller_pkg/lib/python3.10/site-packages:/home/serch/ros2_ws/install/Coppelia_RC/lib/python3.10/site-packages:/opt/ros/humble/lib/python3.10/site-packages:/opt/ros/humble/local/lib/python3.10/dist-packages /usr/bin/cmake --install /home/serch/xarm_ws/build/xarm_planner
[0.131s] -- Install configuration: ""
[0.131s] -- Up-to-date: /home/serch/xarm_ws/install/xarm_planner/include
[0.131s] -- Up-to-date: /home/serch/xarm_ws/install/xarm_planner/include/xarm_planner
[0.131s] -- Up-to-date: /home/serch/xarm_ws/install/xarm_planner/include/xarm_planner/xarm_planner.h
[0.131s] -- Up-to-date: /home/serch/xarm_ws/install/xarm_planner/lib/libxarm_planner.so
[0.132s] -- Up-to-date: /home/serch/xarm_ws/install/xarm_planner/lib/xarm_planner/xarm_planner_node
[0.132s] -- Up-to-date: /home/serch/xarm_ws/install/xarm_planner/lib/xarm_planner/xarm_gripper_planner_node
[0.132s] -- Up-to-date: /home/serch/xarm_ws/install/xarm_planner/lib/xarm_planner/test_xarm_planner_api_joint
[0.132s] -- Up-to-date: /home/serch/xarm_ws/install/xarm_planner/lib/xarm_planner/test_dual_xarm_planner_api_joint
[0.132s] -- Up-to-date: /home/serch/xarm_ws/install/xarm_planner/lib/xarm_planner/test_xarm_planner_api_pose
[0.132s] -- Up-to-date: /home/serch/xarm_ws/install/xarm_planner/lib/xarm_planner/test_xarm_gripper_planner_api_joint
[0.133s] -- Up-to-date: /home/serch/xarm_ws/install/xarm_planner/lib/xarm_planner/test_xarm_planner_client_joint
[0.133s] -- Up-to-date: /home/serch/xarm_ws/install/xarm_planner/lib/xarm_planner/test_xarm_planner_client_pose
[0.133s] -- Up-to-date: /home/serch/xarm_ws/install/xarm_planner/lib/xarm_planner/test_xarm_gripper_planner_client_joint
[0.133s] -- Up-to-date: /home/serch/xarm_ws/install/xarm_planner/lib/xarm_planner/test_lite_gripper_realmove
[0.133s] -- Up-to-date: /home/serch/xarm_ws/install/xarm_planner/share/xarm_planner//launch
[0.133s] -- Up-to-date: /home/serch/xarm_ws/install/xarm_planner/share/xarm_planner//launch/xarm5_planner_fake.launch.py
[0.134s] -- Up-to-date: /home/serch/xarm_ws/install/xarm_planner/share/xarm_planner//launch/xarm5_planner_gazebo.launch.py
[0.134s] -- Up-to-date: /home/serch/xarm_ws/install/xarm_planner/share/xarm_planner//launch/_dual_robot_planner.launch.py
[0.134s] -- Up-to-date: /home/serch/xarm_ws/install/xarm_planner/share/xarm_planner//launch/uf850_planner_gazebo.launch.py
[0.134s] -- Up-to-date: /home/serch/xarm_ws/install/xarm_planner/share/xarm_planner//launch/test_dual_xarm_planner_api_joint.launch.py
[0.134s] -- Up-to-date: /home/serch/xarm_ws/install/xarm_planner/share/xarm_planner//launch/lite6_planner_fake.launch.py
[0.134s] -- Up-to-date: /home/serch/xarm_ws/install/xarm_planner/share/xarm_planner//launch/xarm6_planner_gazebo.launch.py
[0.134s] -- Up-to-date: /home/serch/xarm_ws/install/xarm_planner/share/xarm_planner//launch/xarm7_mirror_planner_realmove.launch.py
[0.134s] -- Up-to-date: /home/serch/xarm_ws/install/xarm_planner/share/xarm_planner//launch/lite6_planner_realmove.launch.py
[0.134s] -- Up-to-date: /home/serch/xarm_ws/install/xarm_planner/share/xarm_planner//launch/test_xarm_planner_client_pose.launch.py
[0.134s] -- Up-to-date: /home/serch/xarm_ws/install/xarm_planner/share/xarm_planner//launch/xarm6_planner_realmove.launch.py
[0.134s] -- Up-to-date: /home/serch/xarm_ws/install/xarm_planner/share/xarm_planner//launch/_robot_planner.launch.py
[0.134s] -- Up-to-date: /home/serch/xarm_ws/install/xarm_planner/share/xarm_planner//launch/test_xarm_planner_api_pose.launch.py
[0.134s] -- Up-to-date: /home/serch/xarm_ws/install/xarm_planner/share/xarm_planner//launch/test_xarm_planner_api_joint.launch.py
[0.134s] -- Up-to-date: /home/serch/xarm_ws/install/xarm_planner/share/xarm_planner//launch/test_xarm_gripper_planner_api_joint.launch.py
[0.134s] -- Up-to-date: /home/serch/xarm_ws/install/xarm_planner/share/xarm_planner//launch/xarm7_planner_gazebo.launch.py
[0.135s] -- Up-to-date: /home/serch/xarm_ws/install/xarm_planner/share/xarm_planner//launch/xarm7_mirror_planner_gazebo.launch.py
[0.135s] -- Up-to-date: /home/serch/xarm_ws/install/xarm_planner/share/xarm_planner//launch/xarm5_planner_realmove.launch.py
[0.135s] -- Up-to-date: /home/serch/xarm_ws/install/xarm_planner/share/xarm_planner//launch/xarm7_mirror_planner_fake.launch.py
[0.135s] -- Up-to-date: /home/serch/xarm_ws/install/xarm_planner/share/xarm_planner//launch/uf850_planner_fake.launch.py
[0.135s] -- Up-to-date: /home/serch/xarm_ws/install/xarm_planner/share/xarm_planner//launch/uf850_planner_realmove.launch.py
[0.135s] -- Up-to-date: /home/serch/xarm_ws/install/xarm_planner/share/xarm_planner//launch/test_xarm_gripper_planner_client_joint.launch.py
[0.135s] -- Up-to-date: /home/serch/xarm_ws/install/xarm_planner/share/xarm_planner//launch/test_xarm_planner_client_joint.launch.py
[0.135s] -- Up-to-date: /home/serch/xarm_ws/install/xarm_planner/share/xarm_planner//launch/lite6_planner_gazebo.launch.py
[0.135s] -- Up-to-date: /home/serch/xarm_ws/install/xarm_planner/share/xarm_planner//launch/xarm6_planner_fake.launch.py
[0.135s] -- Up-to-date: /home/serch/xarm_ws/install/xarm_planner/share/xarm_planner//launch/xarm7_planner_fake.launch.py
[0.135s] -- Up-to-date: /home/serch/xarm_ws/install/xarm_planner/share/xarm_planner//launch/xarm7_planner_realmove.launch.py
[0.135s] -- Up-to-date: /home/serch/xarm_ws/install/xarm_planner/share/xarm_planner//launch/test_lite_gripper_realmove.launch.py
[0.135s] -- Up-to-date: /home/serch/xarm_ws/install/xarm_planner/share/xarm_planner//launch/test_move_group.launch.py
[0.135s] -- Up-to-date: /home/serch/xarm_ws/install/xarm_planner/share/ament_index/resource_index/package_run_dependencies/xarm_planner
[0.135s] -- Up-to-date: /home/serch/xarm_ws/install/xarm_planner/share/ament_index/resource_index/parent_prefix_path/xarm_planner
[0.135s] -- Up-to-date: /home/serch/xarm_ws/install/xarm_planner/share/xarm_planner/environment/ament_prefix_path.sh
[0.135s] -- Up-to-date: /home/serch/xarm_ws/install/xarm_planner/share/xarm_planner/environment/ament_prefix_path.dsv
[0.136s] -- Up-to-date: /home/serch/xarm_ws/install/xarm_planner/share/xarm_planner/environment/path.sh
[0.136s] -- Up-to-date: /home/serch/xarm_ws/install/xarm_planner/share/xarm_planner/environment/path.dsv
[0.136s] -- Up-to-date: /home/serch/xarm_ws/install/xarm_planner/share/xarm_planner/local_setup.bash
[0.136s] -- Up-to-date: /home/serch/xarm_ws/install/xarm_planner/share/xarm_planner/local_setup.sh
[0.136s] -- Up-to-date: /home/serch/xarm_ws/install/xarm_planner/share/xarm_planner/local_setup.zsh
[0.136s] -- Up-to-date: /home/serch/xarm_ws/install/xarm_planner/share/xarm_planner/local_setup.dsv
[0.136s] -- Installing: /home/serch/xarm_ws/install/xarm_planner/share/xarm_planner/package.dsv
[0.136s] -- Up-to-date: /home/serch/xarm_ws/install/xarm_planner/share/ament_index/resource_index/packages/xarm_planner
[0.136s] -- Up-to-date: /home/serch/xarm_ws/install/xarm_planner/share/xarm_planner/cmake/xarm_plannerConfig.cmake
[0.136s] -- Up-to-date: /home/serch/xarm_ws/install/xarm_planner/share/xarm_planner/cmake/xarm_plannerConfig-version.cmake
[0.136s] -- Up-to-date: /home/serch/xarm_ws/install/xarm_planner/share/xarm_planner/package.xml
[0.138s] Invoked command in '/home/serch/xarm_ws/build/xarm_planner' returned '0': AMENT_PREFIX_PATH=/home/serch/xarm_ws/install/uf_ros_lib:/home/serch/xarm_ws/install/xarm_planner:/home/serch/xarm_ws/install/xarm_moveit_servo:/home/serch/xarm_ws/install/xarm_moveit_config:/home/serch/xarm_ws/install/xarm_gazebo:/home/serch/xarm_ws/install/xarm_controller:/home/serch/xarm_ws/install/xarm_api:/home/serch/xarm_ws/install/xarm_sdk:/home/serch/xarm_ws/install/xarm_msgs:/home/serch/xarm_ws/install/xarm_description:/home/serch/xarm_ws/install/vision_xarm:/home/serch/xarm_ws/install/realsense_gazebo_plugin:/home/serch/xarm_ws/install/pose_estimator:/home/serch/xarm_ws/install/mbot_demo:/home/serch/xarm_ws/install/image_converter:/home/serch/xarm_ws/install/azure_kinect_ros_driver:/home/serch/ros2_ws/install/robot_controller_pkg:/home/serch/ros2_ws/install/Coppelia_RC:/opt/ros/humble CMAKE_PREFIX_PATH=/home/serch/xarm_ws/install/xarm_moveit_config:/home/serch/xarm_ws/install/xarm_gazebo:/home/serch/xarm_ws/install/xarm_controller:/home/serch/xarm_ws/install/xarm_api:/home/serch/xarm_ws/install/xarm_sdk:/home/serch/xarm_ws/install/xarm_msgs:/home/serch/xarm_ws/install/xarm_description:/home/serch/xarm_ws/install/xarm_planner:/home/serch/xarm_ws/install/xarm_moveit_servo:/home/serch/xarm_ws/install/realsense_gazebo_plugin:/home/serch/xarm_ws/install/mbot_demo:/home/serch/xarm_ws/install/azure_kinect_ros_driver:/home/serch/VREP:/home/serch/xarm_ws/install/vision_xarm:/home/serch/xarm_ws/install/uf_ros_lib:/home/serch/xarm_ws/install/pose_estimator:/home/serch/xarm_ws/install/image_converter:/home/serch/ros2_ws/install/robot_controller_pkg:/home/serch/ros2_ws/install/Coppelia_RC:/opt/ros/humble LD_LIBRARY_PATH=/home/serch/xarm_ws/install/xarm_gazebo/lib:/home/serch/xarm_ws/install/xarm_controller/lib:/home/serch/xarm_ws/install/xarm_api/lib:/home/serch/xarm_ws/install/xarm_sdk/lib:/home/serch/xarm_ws/install/xarm_msgs/lib:/home/serch/xarm_ws/install/xarm_planner/lib:/home/serch/xarm_ws/install/xarm_moveit_servo/lib:/home/serch/xarm_ws/install/realsense_gazebo_plugin/lib:/home/serch/VREP:/usr/lib/x86_64-linux-gnu/gazebo-11/plugins:/opt/ros/humble/opt/rviz_ogre_vendor/lib:/opt/ros/humble/lib/x86_64-linux-gnu:/opt/ros/humble/lib PYTHONPATH=/home/serch/xarm_ws/install/uf_ros_lib/lib/python3.10/site-packages:/home/serch/xarm_ws/install/xarm_msgs/local/lib/python3.10/dist-packages:/home/serch/xarm_ws/install/vision_xarm/lib/python3.10/site-packages:/home/serch/xarm_ws/install/pose_estimator/lib/python3.10/site-packages:/home/serch/xarm_ws/install/image_converter/lib/python3.10/site-packages:/home/serch/ros2_ws/install/robot_controller_pkg/lib/python3.10/site-packages:/home/serch/ros2_ws/install/Coppelia_RC/lib/python3.10/site-packages:/opt/ros/humble/lib/python3.10/site-packages:/opt/ros/humble/local/lib/python3.10/dist-packages /usr/bin/cmake --install /home/serch/xarm_ws/build/xarm_planner
