[0.019s] Invoking command in '/home/serch/xarm_ws/build/xarm_planner': AMENT_PREFIX_PATH=/home/serch/xarm_ws/install/xarm_moveit_config:/home/serch/xarm_ws/install/xarm_gazebo:/home/serch/xarm_ws/install/xarm_controller:/home/serch/xarm_ws/install/xarm_api:/home/serch/xarm_ws/install/xarm_sdk:/home/serch/xarm_ws/install/xarm_msgs:/home/serch/xarm_ws/install/xarm_description:/home/serch/xarm_ws/install/uf_ros_lib:${AMENT_PREFIX_PATH} CMAKE_PREFIX_PATH=/home/serch/xarm_ws/install/xarm_moveit_config:/home/serch/xarm_ws/install/xarm_gazebo:/home/serch/xarm_ws/install/xarm_controller:/home/serch/xarm_ws/install/xarm_api:/home/serch/xarm_ws/install/xarm_sdk:/home/serch/xarm_ws/install/xarm_msgs:/home/serch/xarm_ws/install/xarm_description:/home/serch/VREP:/home/serch/ros2_ws/install/robot_controller_pkg:/home/serch/ros2_ws/install/Coppelia_RC:/opt/ros/humble LD_LIBRARY_PATH=/home/serch/xarm_ws/install/xarm_gazebo/lib:/home/serch/xarm_ws/install/xarm_controller/lib:/home/serch/xarm_ws/install/xarm_api/lib:/home/serch/xarm_ws/install/xarm_sdk/lib:/home/serch/xarm_ws/install/xarm_msgs/lib:${LD_LIBRARY_PATH} PYTHONPATH=/home/serch/xarm_ws/install/xarm_msgs/local/lib/python3.10/dist-packages:/home/serch/xarm_ws/install/uf_ros_lib/lib/python3.10/site-packages:${PYTHONPATH} /usr/bin/cmake --build /home/serch/xarm_ws/build/xarm_planner -- -j16 -l16
[0.084s] [ 36%] Built target test_xarm_planner_client_pose
[0.084s] [ 36%] Built target test_xarm_gripper_planner_client_joint
[0.084s] [ 36%] Built target test_lite_gripper_realmove
[0.084s] [ 36%] Built target test_xarm_planner_client_joint
[0.093s] [ 45%] Built target xarm_planner
[0.128s] [100%] Built target test_xarm_gripper_planner_api_joint
[0.128s] [100%] Built target xarm_gripper_planner_node
[0.128s] [100%] Built target test_dual_xarm_planner_api_joint
[0.128s] [100%] Built target test_xarm_planner_api_joint
[0.128s] [100%] Built target xarm_planner_node
[0.128s] [100%] Built target test_xarm_planner_api_pose
[0.140s] Invoked command in '/home/serch/xarm_ws/build/xarm_planner' returned '0': AMENT_PREFIX_PATH=/home/serch/xarm_ws/install/xarm_moveit_config:/home/serch/xarm_ws/install/xarm_gazebo:/home/serch/xarm_ws/install/xarm_controller:/home/serch/xarm_ws/install/xarm_api:/home/serch/xarm_ws/install/xarm_sdk:/home/serch/xarm_ws/install/xarm_msgs:/home/serch/xarm_ws/install/xarm_description:/home/serch/xarm_ws/install/uf_ros_lib:${AMENT_PREFIX_PATH} CMAKE_PREFIX_PATH=/home/serch/xarm_ws/install/xarm_moveit_config:/home/serch/xarm_ws/install/xarm_gazebo:/home/serch/xarm_ws/install/xarm_controller:/home/serch/xarm_ws/install/xarm_api:/home/serch/xarm_ws/install/xarm_sdk:/home/serch/xarm_ws/install/xarm_msgs:/home/serch/xarm_ws/install/xarm_description:/home/serch/VREP:/home/serch/ros2_ws/install/robot_controller_pkg:/home/serch/ros2_ws/install/Coppelia_RC:/opt/ros/humble LD_LIBRARY_PATH=/home/serch/xarm_ws/install/xarm_gazebo/lib:/home/serch/xarm_ws/install/xarm_controller/lib:/home/serch/xarm_ws/install/xarm_api/lib:/home/serch/xarm_ws/install/xarm_sdk/lib:/home/serch/xarm_ws/install/xarm_msgs/lib:${LD_LIBRARY_PATH} PYTHONPATH=/home/serch/xarm_ws/install/xarm_msgs/local/lib/python3.10/dist-packages:/home/serch/xarm_ws/install/uf_ros_lib/lib/python3.10/site-packages:${PYTHONPATH} /usr/bin/cmake --build /home/serch/xarm_ws/build/xarm_planner -- -j16 -l16
[0.142s] Invoking command in '/home/serch/xarm_ws/build/xarm_planner': AMENT_PREFIX_PATH=/home/serch/xarm_ws/install/xarm_moveit_config:/home/serch/xarm_ws/install/xarm_gazebo:/home/serch/xarm_ws/install/xarm_controller:/home/serch/xarm_ws/install/xarm_api:/home/serch/xarm_ws/install/xarm_sdk:/home/serch/xarm_ws/install/xarm_msgs:/home/serch/xarm_ws/install/xarm_description:/home/serch/xarm_ws/install/uf_ros_lib:${AMENT_PREFIX_PATH} CMAKE_PREFIX_PATH=/home/serch/xarm_ws/install/xarm_moveit_config:/home/serch/xarm_ws/install/xarm_gazebo:/home/serch/xarm_ws/install/xarm_controller:/home/serch/xarm_ws/install/xarm_api:/home/serch/xarm_ws/install/xarm_sdk:/home/serch/xarm_ws/install/xarm_msgs:/home/serch/xarm_ws/install/xarm_description:/home/serch/VREP:/home/serch/ros2_ws/install/robot_controller_pkg:/home/serch/ros2_ws/install/Coppelia_RC:/opt/ros/humble LD_LIBRARY_PATH=/home/serch/xarm_ws/install/xarm_gazebo/lib:/home/serch/xarm_ws/install/xarm_controller/lib:/home/serch/xarm_ws/install/xarm_api/lib:/home/serch/xarm_ws/install/xarm_sdk/lib:/home/serch/xarm_ws/install/xarm_msgs/lib:${LD_LIBRARY_PATH} PYTHONPATH=/home/serch/xarm_ws/install/xarm_msgs/local/lib/python3.10/dist-packages:/home/serch/xarm_ws/install/uf_ros_lib/lib/python3.10/site-packages:${PYTHONPATH} /usr/bin/cmake --install /home/serch/xarm_ws/build/xarm_planner
[0.150s] -- Install configuration: ""
[0.151s] -- Up-to-date: /home/serch/xarm_ws/install/xarm_planner/include
[0.151s] -- Up-to-date: /home/serch/xarm_ws/install/xarm_planner/include/xarm_planner
[0.151s] -- Up-to-date: /home/serch/xarm_ws/install/xarm_planner/include/xarm_planner/xarm_planner.h
[0.151s] -- Up-to-date: /home/serch/xarm_ws/install/xarm_planner/lib/libxarm_planner.so
[0.152s] -- Up-to-date: /home/serch/xarm_ws/install/xarm_planner/lib/xarm_planner/xarm_planner_node
[0.152s] -- Up-to-date: /home/serch/xarm_ws/install/xarm_planner/lib/xarm_planner/xarm_gripper_planner_node
[0.153s] -- Up-to-date: /home/serch/xarm_ws/install/xarm_planner/lib/xarm_planner/test_xarm_planner_api_joint
[0.153s] -- Up-to-date: /home/serch/xarm_ws/install/xarm_planner/lib/xarm_planner/test_dual_xarm_planner_api_joint
[0.154s] -- Up-to-date: /home/serch/xarm_ws/install/xarm_planner/lib/xarm_planner/test_xarm_planner_api_pose
[0.154s] -- Up-to-date: /home/serch/xarm_ws/install/xarm_planner/lib/xarm_planner/test_xarm_gripper_planner_api_joint
[0.155s] -- Up-to-date: /home/serch/xarm_ws/install/xarm_planner/lib/xarm_planner/test_xarm_planner_client_joint
[0.155s] -- Up-to-date: /home/serch/xarm_ws/install/xarm_planner/lib/xarm_planner/test_xarm_planner_client_pose
[0.156s] -- Up-to-date: /home/serch/xarm_ws/install/xarm_planner/lib/xarm_planner/test_xarm_gripper_planner_client_joint
[0.157s] -- Up-to-date: /home/serch/xarm_ws/install/xarm_planner/lib/xarm_planner/test_lite_gripper_realmove
[0.157s] -- Up-to-date: /home/serch/xarm_ws/install/xarm_planner/share/xarm_planner//launch
[0.158s] -- Up-to-date: /home/serch/xarm_ws/install/xarm_planner/share/xarm_planner//launch/xarm5_planner_fake.launch.py
[0.158s] -- Up-to-date: /home/serch/xarm_ws/install/xarm_planner/share/xarm_planner//launch/xarm5_planner_gazebo.launch.py
[0.158s] -- Up-to-date: /home/serch/xarm_ws/install/xarm_planner/share/xarm_planner//launch/_dual_robot_planner.launch.py
[0.158s] -- Up-to-date: /home/serch/xarm_ws/install/xarm_planner/share/xarm_planner//launch/uf850_planner_gazebo.launch.py
[0.158s] -- Up-to-date: /home/serch/xarm_ws/install/xarm_planner/share/xarm_planner//launch/test_dual_xarm_planner_api_joint.launch.py
[0.158s] -- Up-to-date: /home/serch/xarm_ws/install/xarm_planner/share/xarm_planner//launch/lite6_planner_fake.launch.py
[0.158s] -- Up-to-date: /home/serch/xarm_ws/install/xarm_planner/share/xarm_planner//launch/xarm6_planner_gazebo.launch.py
[0.158s] -- Up-to-date: /home/serch/xarm_ws/install/xarm_planner/share/xarm_planner//launch/xarm7_mirror_planner_realmove.launch.py
[0.158s] -- Up-to-date: /home/serch/xarm_ws/install/xarm_planner/share/xarm_planner//launch/lite6_planner_realmove.launch.py
[0.158s] -- Up-to-date: /home/serch/xarm_ws/install/xarm_planner/share/xarm_planner//launch/test_xarm_planner_client_pose.launch.py
[0.158s] -- Up-to-date: /home/serch/xarm_ws/install/xarm_planner/share/xarm_planner//launch/xarm6_planner_realmove.launch.py
[0.158s] -- Up-to-date: /home/serch/xarm_ws/install/xarm_planner/share/xarm_planner//launch/_robot_planner.launch.py
[0.158s] -- Up-to-date: /home/serch/xarm_ws/install/xarm_planner/share/xarm_planner//launch/test_xarm_planner_api_pose.launch.py
[0.158s] -- Up-to-date: /home/serch/xarm_ws/install/xarm_planner/share/xarm_planner//launch/test_xarm_planner_api_joint.launch.py
[0.158s] -- Up-to-date: /home/serch/xarm_ws/install/xarm_planner/share/xarm_planner//launch/test_xarm_gripper_planner_api_joint.launch.py
[0.158s] -- Up-to-date: /home/serch/xarm_ws/install/xarm_planner/share/xarm_planner//launch/xarm7_planner_gazebo.launch.py
[0.158s] -- Up-to-date: /home/serch/xarm_ws/install/xarm_planner/share/xarm_planner//launch/xarm7_mirror_planner_gazebo.launch.py
[0.158s] -- Up-to-date: /home/serch/xarm_ws/install/xarm_planner/share/xarm_planner//launch/xarm5_planner_realmove.launch.py
[0.159s] -- Up-to-date: /home/serch/xarm_ws/install/xarm_planner/share/xarm_planner//launch/xarm7_mirror_planner_fake.launch.py
[0.159s] -- Up-to-date: /home/serch/xarm_ws/install/xarm_planner/share/xarm_planner//launch/uf850_planner_fake.launch.py
[0.159s] -- Up-to-date: /home/serch/xarm_ws/install/xarm_planner/share/xarm_planner//launch/uf850_planner_realmove.launch.py
[0.159s] -- Up-to-date: /home/serch/xarm_ws/install/xarm_planner/share/xarm_planner//launch/test_xarm_gripper_planner_client_joint.launch.py
[0.159s] -- Up-to-date: /home/serch/xarm_ws/install/xarm_planner/share/xarm_planner//launch/test_xarm_planner_client_joint.launch.py
[0.159s] -- Up-to-date: /home/serch/xarm_ws/install/xarm_planner/share/xarm_planner//launch/lite6_planner_gazebo.launch.py
[0.159s] -- Up-to-date: /home/serch/xarm_ws/install/xarm_planner/share/xarm_planner//launch/xarm6_planner_fake.launch.py
[0.159s] -- Up-to-date: /home/serch/xarm_ws/install/xarm_planner/share/xarm_planner//launch/xarm7_planner_fake.launch.py
[0.159s] -- Up-to-date: /home/serch/xarm_ws/install/xarm_planner/share/xarm_planner//launch/xarm7_planner_realmove.launch.py
[0.159s] -- Up-to-date: /home/serch/xarm_ws/install/xarm_planner/share/xarm_planner//launch/test_lite_gripper_realmove.launch.py
[0.159s] -- Up-to-date: /home/serch/xarm_ws/install/xarm_planner/share/xarm_planner//launch/test_move_group.launch.py
[0.159s] -- Up-to-date: /home/serch/xarm_ws/install/xarm_planner/share/ament_index/resource_index/package_run_dependencies/xarm_planner
[0.159s] -- Up-to-date: /home/serch/xarm_ws/install/xarm_planner/share/ament_index/resource_index/parent_prefix_path/xarm_planner
[0.159s] -- Up-to-date: /home/serch/xarm_ws/install/xarm_planner/share/xarm_planner/environment/ament_prefix_path.sh
[0.159s] -- Up-to-date: /home/serch/xarm_ws/install/xarm_planner/share/xarm_planner/environment/ament_prefix_path.dsv
[0.159s] -- Up-to-date: /home/serch/xarm_ws/install/xarm_planner/share/xarm_planner/environment/path.sh
[0.160s] -- Up-to-date: /home/serch/xarm_ws/install/xarm_planner/share/xarm_planner/environment/path.dsv
[0.160s] -- Up-to-date: /home/serch/xarm_ws/install/xarm_planner/share/xarm_planner/local_setup.bash
[0.160s] -- Up-to-date: /home/serch/xarm_ws/install/xarm_planner/share/xarm_planner/local_setup.sh
[0.160s] -- Up-to-date: /home/serch/xarm_ws/install/xarm_planner/share/xarm_planner/local_setup.zsh
[0.160s] -- Up-to-date: /home/serch/xarm_ws/install/xarm_planner/share/xarm_planner/local_setup.dsv
[0.160s] -- Installing: /home/serch/xarm_ws/install/xarm_planner/share/xarm_planner/package.dsv
[0.160s] -- Up-to-date: /home/serch/xarm_ws/install/xarm_planner/share/ament_index/resource_index/packages/xarm_planner
[0.160s] -- Up-to-date: /home/serch/xarm_ws/install/xarm_planner/share/xarm_planner/cmake/xarm_plannerConfig.cmake
[0.160s] -- Up-to-date: /home/serch/xarm_ws/install/xarm_planner/share/xarm_planner/cmake/xarm_plannerConfig-version.cmake
[0.160s] -- Up-to-date: /home/serch/xarm_ws/install/xarm_planner/share/xarm_planner/package.xml
[0.162s] Invoked command in '/home/serch/xarm_ws/build/xarm_planner' returned '0': AMENT_PREFIX_PATH=/home/serch/xarm_ws/install/xarm_moveit_config:/home/serch/xarm_ws/install/xarm_gazebo:/home/serch/xarm_ws/install/xarm_controller:/home/serch/xarm_ws/install/xarm_api:/home/serch/xarm_ws/install/xarm_sdk:/home/serch/xarm_ws/install/xarm_msgs:/home/serch/xarm_ws/install/xarm_description:/home/serch/xarm_ws/install/uf_ros_lib:${AMENT_PREFIX_PATH} CMAKE_PREFIX_PATH=/home/serch/xarm_ws/install/xarm_moveit_config:/home/serch/xarm_ws/install/xarm_gazebo:/home/serch/xarm_ws/install/xarm_controller:/home/serch/xarm_ws/install/xarm_api:/home/serch/xarm_ws/install/xarm_sdk:/home/serch/xarm_ws/install/xarm_msgs:/home/serch/xarm_ws/install/xarm_description:/home/serch/VREP:/home/serch/ros2_ws/install/robot_controller_pkg:/home/serch/ros2_ws/install/Coppelia_RC:/opt/ros/humble LD_LIBRARY_PATH=/home/serch/xarm_ws/install/xarm_gazebo/lib:/home/serch/xarm_ws/install/xarm_controller/lib:/home/serch/xarm_ws/install/xarm_api/lib:/home/serch/xarm_ws/install/xarm_sdk/lib:/home/serch/xarm_ws/install/xarm_msgs/lib:${LD_LIBRARY_PATH} PYTHONPATH=/home/serch/xarm_ws/install/xarm_msgs/local/lib/python3.10/dist-packages:/home/serch/xarm_ws/install/uf_ros_lib/lib/python3.10/site-packages:${PYTHONPATH} /usr/bin/cmake --install /home/serch/xarm_ws/build/xarm_planner
