[1.511s] Invoking command in '/home/serch/xarm_ws/src/xarm_ros2/uf_ros_lib': PYTHONPATH=/home/serch/xarm_ws/build/uf_ros_lib/prefix_override:/usr/lib/python3/dist-packages/colcon_core/task/python/colcon_distutils_commands:/home/serch/xarm_ws/install/uf_ros_lib/lib/python3.10/site-packages:${PYTHONPATH} /usr/bin/python3 -W ignore:setup.py install is deprecated -W ignore:easy_install command is deprecated setup.py egg_info --egg-base ../../../build/uf_ros_lib build --build-base /home/serch/xarm_ws/build/uf_ros_lib/build install --record /home/serch/xarm_ws/build/uf_ros_lib/install.log --single-version-externally-managed install_data
[1.727s] running egg_info
[1.728s] writing ../../../build/uf_ros_lib/uf_ros_lib.egg-info/PKG-INFO
[1.728s] writing dependency_links to ../../../build/uf_ros_lib/uf_ros_lib.egg-info/dependency_links.txt
[1.728s] writing entry points to ../../../build/uf_ros_lib/uf_ros_lib.egg-info/entry_points.txt
[1.728s] writing requirements to ../../../build/uf_ros_lib/uf_ros_lib.egg-info/requires.txt
[1.728s] writing top-level names to ../../../build/uf_ros_lib/uf_ros_lib.egg-info/top_level.txt
[1.730s] reading manifest file '../../../build/uf_ros_lib/uf_ros_lib.egg-info/SOURCES.txt'
[1.730s] writing manifest file '../../../build/uf_ros_lib/uf_ros_lib.egg-info/SOURCES.txt'
[1.730s] running build
[1.730s] running build_py
[1.731s] running install
[1.731s] running install_lib
[1.733s] running install_data
[1.733s] running install_egg_info
[1.734s] removing '/home/serch/xarm_ws/install/uf_ros_lib/lib/python3.10/site-packages/uf_ros_lib-0.0.0-py3.10.egg-info' (and everything under it)
[1.734s] Copying ../../../build/uf_ros_lib/uf_ros_lib.egg-info to /home/serch/xarm_ws/install/uf_ros_lib/lib/python3.10/site-packages/uf_ros_lib-0.0.0-py3.10.egg-info
[1.735s] running install_scripts
[1.752s] writing list of installed files to '/home/serch/xarm_ws/build/uf_ros_lib/install.log'
[1.810s] Invoked command in '/home/serch/xarm_ws/src/xarm_ros2/uf_ros_lib' returned '0': PYTHONPATH=/home/serch/xarm_ws/build/uf_ros_lib/prefix_override:/usr/lib/python3/dist-packages/colcon_core/task/python/colcon_distutils_commands:/home/serch/xarm_ws/install/uf_ros_lib/lib/python3.10/site-packages:${PYTHONPATH} /usr/bin/python3 -W ignore:setup.py install is deprecated -W ignore:easy_install command is deprecated setup.py egg_info --egg-base ../../../build/uf_ros_lib build --build-base /home/serch/xarm_ws/build/uf_ros_lib/build install --record /home/serch/xarm_ws/build/uf_ros_lib/install.log --single-version-externally-managed install_data
