[1.992s] Invoking command in '/home/serch/xarm_ws/src/image_converter': PYTHONPATH=/home/serch/xarm_ws/build/image_converter/prefix_override:/usr/lib/python3/dist-packages/colcon_core/task/python/colcon_distutils_commands:/home/serch/xarm_ws/install/image_converter/lib/python3.10/site-packages:${PYTHONPATH} /usr/bin/python3 -W ignore:setup.py install is deprecated -W ignore:easy_install command is deprecated setup.py egg_info --egg-base ../../build/image_converter build --build-base /home/serch/xarm_ws/build/image_converter/build install --record /home/serch/xarm_ws/build/image_converter/install.log --single-version-externally-managed install_data
[2.320s] running egg_info
[2.321s] writing ../../build/image_converter/image_converter.egg-info/PKG-INFO
[2.321s] writing dependency_links to ../../build/image_converter/image_converter.egg-info/dependency_links.txt
[2.321s] writing entry points to ../../build/image_converter/image_converter.egg-info/entry_points.txt
[2.323s] writing requirements to ../../build/image_converter/image_converter.egg-info/requires.txt
[2.323s] writing top-level names to ../../build/image_converter/image_converter.egg-info/top_level.txt
[2.323s] reading manifest file '../../build/image_converter/image_converter.egg-info/SOURCES.txt'
[2.323s] adding license file 'LICENSE'
[2.324s] writing manifest file '../../build/image_converter/image_converter.egg-info/SOURCES.txt'
[2.324s] running build
[2.324s] running build_py
[2.326s] copying image_converter/rgbd_to_pc.py -> /home/serch/xarm_ws/build/image_converter/build/lib/image_converter
[2.326s] running install
[2.326s] running install_lib
[2.326s] copying /home/serch/xarm_ws/build/image_converter/build/lib/image_converter/rgbd_to_pc.py -> /home/serch/xarm_ws/install/image_converter/lib/python3.10/site-packages/image_converter
[2.326s] byte-compiling /home/serch/xarm_ws/install/image_converter/lib/python3.10/site-packages/image_converter/rgbd_to_pc.py to rgbd_to_pc.cpython-310.pyc
[2.329s] running install_data
[2.329s] running install_egg_info
[2.332s] removing '/home/serch/xarm_ws/install/image_converter/lib/python3.10/site-packages/image_converter-0.0.0-py3.10.egg-info' (and everything under it)
[2.332s] Copying ../../build/image_converter/image_converter.egg-info to /home/serch/xarm_ws/install/image_converter/lib/python3.10/site-packages/image_converter-0.0.0-py3.10.egg-info
[2.333s] running install_scripts
[2.358s] Installing image_to_rgbd script to /home/serch/xarm_ws/install/image_converter/lib/image_converter
[2.359s] Installing point_cloud_gen script to /home/serch/xarm_ws/install/image_converter/lib/image_converter
[2.359s] Installing rgbd_to_pc script to /home/serch/xarm_ws/install/image_converter/lib/image_converter
[2.359s] writing list of installed files to '/home/serch/xarm_ws/build/image_converter/install.log'
[2.394s] Invoked command in '/home/serch/xarm_ws/src/image_converter' returned '0': PYTHONPATH=/home/serch/xarm_ws/build/image_converter/prefix_override:/usr/lib/python3/dist-packages/colcon_core/task/python/colcon_distutils_commands:/home/serch/xarm_ws/install/image_converter/lib/python3.10/site-packages:${PYTHONPATH} /usr/bin/python3 -W ignore:setup.py install is deprecated -W ignore:easy_install command is deprecated setup.py egg_info --egg-base ../../build/image_converter build --build-base /home/serch/xarm_ws/build/image_converter/build install --record /home/serch/xarm_ws/build/image_converter/install.log --single-version-externally-managed install_data
