[2.025s] Invoking command in '/home/serch/xarm_ws/src/vision_xarm': PYTHONPATH=/home/serch/xarm_ws/build/vision_xarm/prefix_override:/usr/lib/python3/dist-packages/colcon_core/task/python/colcon_distutils_commands:/home/serch/xarm_ws/install/vision_xarm/lib/python3.10/site-packages:${PYTHONPATH} /usr/bin/python3 -W ignore:setup.py install is deprecated -W ignore:easy_install command is deprecated setup.py egg_info --egg-base ../../build/vision_xarm build --build-base /home/serch/xarm_ws/build/vision_xarm/build install --record /home/serch/xarm_ws/build/vision_xarm/install.log --single-version-externally-managed install_data
[2.304s] running egg_info
[2.304s] writing ../../build/vision_xarm/vision_xarm.egg-info/PKG-INFO
[2.304s] writing dependency_links to ../../build/vision_xarm/vision_xarm.egg-info/dependency_links.txt
[2.304s] writing entry points to ../../build/vision_xarm/vision_xarm.egg-info/entry_points.txt
[2.305s] writing requirements to ../../build/vision_xarm/vision_xarm.egg-info/requires.txt
[2.305s] writing top-level names to ../../build/vision_xarm/vision_xarm.egg-info/top_level.txt
[2.307s] reading manifest file '../../build/vision_xarm/vision_xarm.egg-info/SOURCES.txt'
[2.307s] writing manifest file '../../build/vision_xarm/vision_xarm.egg-info/SOURCES.txt'
[2.307s] running build
[2.307s] running build_py
[2.308s] running install
[2.308s] running install_lib
[2.310s] running install_data
[2.310s] running install_egg_info
[2.312s] removing '/home/serch/xarm_ws/install/vision_xarm/lib/python3.10/site-packages/vision_xarm-0.0.0-py3.10.egg-info' (and everything under it)
[2.312s] Copying ../../build/vision_xarm/vision_xarm.egg-info to /home/serch/xarm_ws/install/vision_xarm/lib/python3.10/site-packages/vision_xarm-0.0.0-py3.10.egg-info
[2.313s] running install_scripts
[2.335s] Installing color_map script to /home/serch/xarm_ws/install/vision_xarm/lib/vision_xarm
[2.338s] Installing nube_kinect script to /home/serch/xarm_ws/install/vision_xarm/lib/vision_xarm
[2.338s] writing list of installed files to '/home/serch/xarm_ws/build/vision_xarm/install.log'
[2.392s] Invoked command in '/home/serch/xarm_ws/src/vision_xarm' returned '0': PYTHONPATH=/home/serch/xarm_ws/build/vision_xarm/prefix_override:/usr/lib/python3/dist-packages/colcon_core/task/python/colcon_distutils_commands:/home/serch/xarm_ws/install/vision_xarm/lib/python3.10/site-packages:${PYTHONPATH} /usr/bin/python3 -W ignore:setup.py install is deprecated -W ignore:easy_install command is deprecated setup.py egg_info --egg-base ../../build/vision_xarm build --build-base /home/serch/xarm_ws/build/vision_xarm/build install --record /home/serch/xarm_ws/build/vision_xarm/install.log --single-version-externally-managed install_data
