[1.127s] Invoking command in '/home/serch/xarm_ws/src/image_converter': PYTHONPATH=/home/serch/xarm_ws/build/image_converter/prefix_override:/usr/lib/python3/dist-packages/colcon_core/task/python/colcon_distutils_commands:/home/serch/xarm_ws/install/image_converter/lib/python3.10/site-packages:${PYTHONPATH} /usr/bin/python3 -W ignore:setup.py install is deprecated -W ignore:easy_install command is deprecated setup.py egg_info --egg-base ../../build/image_converter build --build-base /home/serch/xarm_ws/build/image_converter/build install --record /home/serch/xarm_ws/build/image_converter/install.log --single-version-externally-managed install_data
[1.314s] running egg_info
[1.315s] writing ../../build/image_converter/image_converter.egg-info/PKG-INFO
[1.315s] writing dependency_links to ../../build/image_converter/image_converter.egg-info/dependency_links.txt
[1.315s] writing entry points to ../../build/image_converter/image_converter.egg-info/entry_points.txt
[1.315s] writing requirements to ../../build/image_converter/image_converter.egg-info/requires.txt
[1.315s] writing top-level names to ../../build/image_converter/image_converter.egg-info/top_level.txt
[1.316s] reading manifest file '../../build/image_converter/image_converter.egg-info/SOURCES.txt'
[1.316s] adding license file 'LICENSE'
[1.317s] writing manifest file '../../build/image_converter/image_converter.egg-info/SOURCES.txt'
[1.317s] running build
[1.317s] running build_py
[1.317s] running install
[1.317s] running install_lib
[1.318s] running install_data
[1.318s] running install_egg_info
[1.320s] removing '/home/serch/xarm_ws/install/image_converter/lib/python3.10/site-packages/image_converter-0.0.0-py3.10.egg-info' (and everything under it)
[1.320s] Copying ../../build/image_converter/image_converter.egg-info to /home/serch/xarm_ws/install/image_converter/lib/python3.10/site-packages/image_converter-0.0.0-py3.10.egg-info
[1.321s] running install_scripts
[1.336s] Installing image_to_rgbd script to /home/serch/xarm_ws/install/image_converter/lib/image_converter
[1.336s] Installing point_cloud_gen script to /home/serch/xarm_ws/install/image_converter/lib/image_converter
[1.336s] Installing rgbd_to_pc script to /home/serch/xarm_ws/install/image_converter/lib/image_converter
[1.336s] writing list of installed files to '/home/serch/xarm_ws/build/image_converter/install.log'
[1.370s] Invoked command in '/home/serch/xarm_ws/src/image_converter' returned '0': PYTHONPATH=/home/serch/xarm_ws/build/image_converter/prefix_override:/usr/lib/python3/dist-packages/colcon_core/task/python/colcon_distutils_commands:/home/serch/xarm_ws/install/image_converter/lib/python3.10/site-packages:${PYTHONPATH} /usr/bin/python3 -W ignore:setup.py install is deprecated -W ignore:easy_install command is deprecated setup.py egg_info --egg-base ../../build/image_converter build --build-base /home/serch/xarm_ws/build/image_converter/build install --record /home/serch/xarm_ws/build/image_converter/install.log --single-version-externally-managed install_data
