[0.016s] Invoking command in '/home/serch/xarm_ws/build/xarm_planner': AMENT_PREFIX_PATH=/home/serch/xarm_ws/install/xarm_moveit_config:/home/serch/xarm_ws/install/xarm_gazebo:/home/serch/xarm_ws/install/xarm_controller:/home/serch/xarm_ws/install/xarm_api:/home/serch/xarm_ws/install/xarm_sdk:/home/serch/xarm_ws/install/xarm_msgs:/home/serch/xarm_ws/install/xarm_description:/home/serch/xarm_ws/install/uf_ros_lib:${AMENT_PREFIX_PATH} CMAKE_PREFIX_PATH=/home/serch/xarm_ws/install/xarm_moveit_config:/home/serch/xarm_ws/install/xarm_gazebo:/home/serch/xarm_ws/install/xarm_controller:/home/serch/xarm_ws/install/xarm_api:/home/serch/xarm_ws/install/xarm_sdk:/home/serch/xarm_ws/install/xarm_msgs:/home/serch/xarm_ws/install/xarm_description:/home/serch/VREP:/home/serch/ros2_ws/install/robot_controller_pkg:/home/serch/ros2_ws/install/Coppelia_RC:/opt/ros/humble LD_LIBRARY_PATH=/home/serch/xarm_ws/install/xarm_gazebo/lib:/home/serch/xarm_ws/install/xarm_controller/lib:/home/serch/xarm_ws/install/xarm_api/lib:/home/serch/xarm_ws/install/xarm_sdk/lib:/home/serch/xarm_ws/install/xarm_msgs/lib:${LD_LIBRARY_PATH} PYTHONPATH=/home/serch/xarm_ws/install/xarm_msgs/local/lib/python3.10/dist-packages:/home/serch/xarm_ws/install/uf_ros_lib/lib/python3.10/site-packages:${PYTHONPATH} /usr/bin/cmake /home/serch/xarm_ws/src/xarm_ros2/xarm_planner -DCMAKE_INSTALL_PREFIX=/home/serch/xarm_ws/install/xarm_planner
[0.061s] -- The C compiler identification is GNU 11.4.0
[0.104s] -- The CXX compiler identification is GNU 11.4.0
[0.111s] -- Detecting C compiler ABI info
[0.169s] -- Detecting C compiler ABI info - done
[0.175s] -- Check for working C compiler: /usr/bin/cc - skipped
[0.175s] -- Detecting C compile features
[0.176s] -- Detecting C compile features - done
[0.178s] -- Detecting CXX compiler ABI info
[0.243s] -- Detecting CXX compiler ABI info - done
[0.248s] -- Check for working CXX compiler: /usr/bin/c++ - skipped
[0.248s] -- Detecting CXX compile features
[0.248s] -- Detecting CXX compile features - done
[0.251s] -- Found ament_cmake: 1.3.11 (/opt/ros/humble/share/ament_cmake/cmake)
[0.366s] -- Found Python3: /usr/bin/python3 (found version "3.10.12") found components: Interpreter 
[0.455s] -- Found moveit: 2.5.9 (/opt/ros/humble/share/moveit/cmake)
[0.457s] -- Found moveit_ros_planning_interface: 2.5.9 (/opt/ros/humble/share/moveit_ros_planning_interface/cmake)
[0.621s] -- Found Boost: /usr/lib/x86_64-linux-gnu/cmake/Boost-1.74.0/BoostConfig.cmake (found version "1.74.0") found components: date_time filesystem program_options system thread 
[0.660s] -- Found rosidl_generator_c: 3.1.6 (/opt/ros/humble/share/rosidl_generator_c/cmake)
[0.665s] -- Found rosidl_adapter: 3.1.6 (/opt/ros/humble/share/rosidl_adapter/cmake)
[0.672s] -- Found rosidl_generator_cpp: 3.1.6 (/opt/ros/humble/share/rosidl_generator_cpp/cmake)
[0.682s] -- Using all available rosidl_typesupport_c: rosidl_typesupport_fastrtps_c;rosidl_typesupport_introspection_c
[0.696s] -- Using all available rosidl_typesupport_cpp: rosidl_typesupport_fastrtps_cpp;rosidl_typesupport_introspection_cpp
[0.871s] -- Found Boost: /usr/lib/x86_64-linux-gnu/cmake/Boost-1.74.0/BoostConfig.cmake (found version "1.74.0") found components: chrono date_time filesystem iostreams program_options regex serialization system thread 
[0.917s] -- Found parameter_traits: 0.4.0 (/opt/ros/humble/share/parameter_traits/cmake)
[0.955s] -- Found rmw_implementation_cmake: 6.1.2 (/opt/ros/humble/share/rmw_implementation_cmake/cmake)
[0.957s] -- Found rmw_fastrtps_cpp: 6.2.7 (/opt/ros/humble/share/rmw_fastrtps_cpp/cmake)
[1.052s] -- Found OpenSSL: /usr/lib/x86_64-linux-gnu/libcrypto.so (found version "3.0.2")  
[1.073s] -- Found FastRTPS: /opt/ros/humble/include  
[1.111s] -- Using RMW implementation 'rmw_fastrtps_cpp' as default
[1.119s] -- Found Threads: TRUE  
[1.153s] -- Found Eigen3: TRUE (found version "3.4.0") 
[1.156s] -- Found rclcpp_lifecycle: 16.0.12 (/opt/ros/humble/share/rclcpp_lifecycle/cmake)
[1.175s] -- Found Boost: /usr/lib/x86_64-linux-gnu/cmake/Boost-1.74.0/BoostConfig.cmake (found version "1.74.0") found components: filesystem 
[1.277s] -- library: /usr/lib/x86_64-linux-gnu/libcurl.so
[1.306s] -- Ensuring Eigen3 include directory is part of orocos-kdl CMake target
[1.422s] -- Found Boost: /usr/lib/x86_64-linux-gnu/cmake/Boost-1.74.0/BoostConfig.cmake (found version "1.74.0") found components: system filesystem date_time program_options thread chrono 
[1.445s] -- Found Boost: /usr/lib/x86_64-linux-gnu/cmake/Boost-1.74.0/BoostConfig.cmake (found version "1.74.0") found components: thread system filesystem regex date_time program_options 
[1.464s] -- Found Boost: /usr/lib/x86_64-linux-gnu/cmake/Boost-1.74.0/BoostConfig.cmake (found version "1.74.0") found components: system filesystem date_time program_options thread 
[1.485s] -- Found xarm_msgs: 0.0.0 (/home/serch/xarm_ws/install/xarm_msgs/share/xarm_msgs/cmake)
[1.514s] -- Found ament_lint_auto: 0.12.12 (/opt/ros/humble/share/ament_lint_auto/cmake)
[1.579s] -- Added test 'copyright' to check source files copyright and LICENSE
[1.582s] -- Added test 'cppcheck' to perform static code analysis on C / C++ code
[1.582s] -- Configured cppcheck include dirs: /home/serch/xarm_ws/src/xarm_ros2/xarm_planner/include
[1.582s] -- Configured cppcheck exclude dirs and/or files: 
[1.584s] -- Added test 'cpplint' to check C / C++ code against the Google style
[1.584s] -- Configured cpplint exclude dirs and/or files: 
[1.585s] -- Added test 'flake8' to check Python code syntax and style conventions
[1.586s] -- Added test 'lint_cmake' to check CMake code style
[1.586s] -- Added test 'pep257' to check Python code against some of the docstring style conventions in PEP 257
[1.588s] -- Added test 'uncrustify' to check C / C++ code style
[1.588s] -- Configured uncrustify additional arguments: 
[1.589s] -- Added test 'xmllint' to check XML markup files
[1.590s] -- Configuring done
[1.673s] -- Generating done
[1.699s] -- Build files have been written to: /home/serch/xarm_ws/build/xarm_planner
[1.713s] Invoked command in '/home/serch/xarm_ws/build/xarm_planner' returned '0': AMENT_PREFIX_PATH=/home/serch/xarm_ws/install/xarm_moveit_config:/home/serch/xarm_ws/install/xarm_gazebo:/home/serch/xarm_ws/install/xarm_controller:/home/serch/xarm_ws/install/xarm_api:/home/serch/xarm_ws/install/xarm_sdk:/home/serch/xarm_ws/install/xarm_msgs:/home/serch/xarm_ws/install/xarm_description:/home/serch/xarm_ws/install/uf_ros_lib:${AMENT_PREFIX_PATH} CMAKE_PREFIX_PATH=/home/serch/xarm_ws/install/xarm_moveit_config:/home/serch/xarm_ws/install/xarm_gazebo:/home/serch/xarm_ws/install/xarm_controller:/home/serch/xarm_ws/install/xarm_api:/home/serch/xarm_ws/install/xarm_sdk:/home/serch/xarm_ws/install/xarm_msgs:/home/serch/xarm_ws/install/xarm_description:/home/serch/VREP:/home/serch/ros2_ws/install/robot_controller_pkg:/home/serch/ros2_ws/install/Coppelia_RC:/opt/ros/humble LD_LIBRARY_PATH=/home/serch/xarm_ws/install/xarm_gazebo/lib:/home/serch/xarm_ws/install/xarm_controller/lib:/home/serch/xarm_ws/install/xarm_api/lib:/home/serch/xarm_ws/install/xarm_sdk/lib:/home/serch/xarm_ws/install/xarm_msgs/lib:${LD_LIBRARY_PATH} PYTHONPATH=/home/serch/xarm_ws/install/xarm_msgs/local/lib/python3.10/dist-packages:/home/serch/xarm_ws/install/uf_ros_lib/lib/python3.10/site-packages:${PYTHONPATH} /usr/bin/cmake /home/serch/xarm_ws/src/xarm_ros2/xarm_planner -DCMAKE_INSTALL_PREFIX=/home/serch/xarm_ws/install/xarm_planner
[1.714s] Invoking command in '/home/serch/xarm_ws/build/xarm_planner': AMENT_PREFIX_PATH=/home/serch/xarm_ws/install/xarm_moveit_config:/home/serch/xarm_ws/install/xarm_gazebo:/home/serch/xarm_ws/install/xarm_controller:/home/serch/xarm_ws/install/xarm_api:/home/serch/xarm_ws/install/xarm_sdk:/home/serch/xarm_ws/install/xarm_msgs:/home/serch/xarm_ws/install/xarm_description:/home/serch/xarm_ws/install/uf_ros_lib:${AMENT_PREFIX_PATH} CMAKE_PREFIX_PATH=/home/serch/xarm_ws/install/xarm_moveit_config:/home/serch/xarm_ws/install/xarm_gazebo:/home/serch/xarm_ws/install/xarm_controller:/home/serch/xarm_ws/install/xarm_api:/home/serch/xarm_ws/install/xarm_sdk:/home/serch/xarm_ws/install/xarm_msgs:/home/serch/xarm_ws/install/xarm_description:/home/serch/VREP:/home/serch/ros2_ws/install/robot_controller_pkg:/home/serch/ros2_ws/install/Coppelia_RC:/opt/ros/humble LD_LIBRARY_PATH=/home/serch/xarm_ws/install/xarm_gazebo/lib:/home/serch/xarm_ws/install/xarm_controller/lib:/home/serch/xarm_ws/install/xarm_api/lib:/home/serch/xarm_ws/install/xarm_sdk/lib:/home/serch/xarm_ws/install/xarm_msgs/lib:${LD_LIBRARY_PATH} PYTHONPATH=/home/serch/xarm_ws/install/xarm_msgs/local/lib/python3.10/dist-packages:/home/serch/xarm_ws/install/uf_ros_lib/lib/python3.10/site-packages:${PYTHONPATH} /usr/bin/cmake --build /home/serch/xarm_ws/build/xarm_planner -- -j16 -l16
[1.764s] [ 22%] [32mBuilding CXX object CMakeFiles/xarm_planner.dir/src/xarm_planner.cpp.o[0m
[1.764s] [ 22%] [32mBuilding CXX object CMakeFiles/test_lite_gripper_realmove.dir/test/test_lite_gripper_realmove.cpp.o[0m
[1.764s] [ 22%] [32mBuilding CXX object CMakeFiles/test_xarm_gripper_planner_client_joint.dir/test/test_xarm_gripper_planner_client_joint.cpp.o[0m
[1.764s] [ 22%] [32mBuilding CXX object CMakeFiles/test_xarm_planner_client_pose.dir/test/test_xarm_planner_client_pose.cpp.o[0m
[1.764s] [ 22%] [32mBuilding CXX object CMakeFiles/test_xarm_planner_client_joint.dir/test/test_xarm_planner_client_joint.cpp.o[0m
[4.742s] [ 27%] [32m[1mLinking CXX executable test_lite_gripper_realmove[0m
[4.914s] [ 27%] Built target test_lite_gripper_realmove
[5.121s] [ 31%] [32m[1mLinking CXX executable test_xarm_gripper_planner_client_joint[0m
[5.128s] [ 36%] [32m[1mLinking CXX executable test_xarm_planner_client_pose[0m
[5.135s] [ 40%] [32m[1mLinking CXX executable test_xarm_planner_client_joint[0m
[5.308s] [ 40%] Built target test_xarm_gripper_planner_client_joint
[5.320s] [ 40%] Built target test_xarm_planner_client_pose
[5.327s] [ 40%] Built target test_xarm_planner_client_joint
[7.978s] [ 45%] [32m[1mLinking CXX shared library libxarm_planner.so[0m
[8.124s] [ 45%] Built target xarm_planner
[8.144s] [ 72%] [32mBuilding CXX object CMakeFiles/test_xarm_planner_api_pose.dir/test/test_xarm_planner_api_pose.cpp.o[0m
[8.144s] [ 72%] [32mBuilding CXX object CMakeFiles/xarm_planner_node.dir/src/xarm_planner_node.cpp.o[0m
[8.144s] [ 72%] [32mBuilding CXX object CMakeFiles/xarm_gripper_planner_node.dir/src/xarm_gripper_planner_node.cpp.o[0m
[8.144s] [ 72%] [32mBuilding CXX object CMakeFiles/test_xarm_gripper_planner_api_joint.dir/test/test_xarm_gripper_planner_api_joint.cpp.o[0m
[8.144s] [ 72%] [32mBuilding CXX object CMakeFiles/test_xarm_planner_api_joint.dir/test/test_xarm_planner_api_joint.cpp.o[0m
[8.144s] [ 72%] [32mBuilding CXX object CMakeFiles/test_dual_xarm_planner_api_joint.dir/test/test_dual_xarm_planner_api_joint.cpp.o[0m
[14.495s] [ 77%] [32m[1mLinking CXX executable test_xarm_planner_api_pose[0m
[14.557s] [ 81%] [32m[1mLinking CXX executable test_xarm_gripper_planner_api_joint[0m
[14.570s] [ 86%] [32m[1mLinking CXX executable test_dual_xarm_planner_api_joint[0m
[14.599s] [ 90%] [32m[1mLinking CXX executable test_xarm_planner_api_joint[0m
[14.778s] [ 90%] Built target test_xarm_planner_api_pose
[14.827s] [ 90%] Built target test_xarm_gripper_planner_api_joint
[14.858s] [ 90%] Built target test_dual_xarm_planner_api_joint
[14.860s] [ 90%] Built target test_xarm_planner_api_joint
[15.369s] [ 95%] [32m[1mLinking CXX executable xarm_gripper_planner_node[0m
[15.656s] [ 95%] Built target xarm_gripper_planner_node
[16.222s] [100%] [32m[1mLinking CXX executable xarm_planner_node[0m
[16.538s] [100%] Built target xarm_planner_node
[16.549s] Invoked command in '/home/serch/xarm_ws/build/xarm_planner' returned '0': AMENT_PREFIX_PATH=/home/serch/xarm_ws/install/xarm_moveit_config:/home/serch/xarm_ws/install/xarm_gazebo:/home/serch/xarm_ws/install/xarm_controller:/home/serch/xarm_ws/install/xarm_api:/home/serch/xarm_ws/install/xarm_sdk:/home/serch/xarm_ws/install/xarm_msgs:/home/serch/xarm_ws/install/xarm_description:/home/serch/xarm_ws/install/uf_ros_lib:${AMENT_PREFIX_PATH} CMAKE_PREFIX_PATH=/home/serch/xarm_ws/install/xarm_moveit_config:/home/serch/xarm_ws/install/xarm_gazebo:/home/serch/xarm_ws/install/xarm_controller:/home/serch/xarm_ws/install/xarm_api:/home/serch/xarm_ws/install/xarm_sdk:/home/serch/xarm_ws/install/xarm_msgs:/home/serch/xarm_ws/install/xarm_description:/home/serch/VREP:/home/serch/ros2_ws/install/robot_controller_pkg:/home/serch/ros2_ws/install/Coppelia_RC:/opt/ros/humble LD_LIBRARY_PATH=/home/serch/xarm_ws/install/xarm_gazebo/lib:/home/serch/xarm_ws/install/xarm_controller/lib:/home/serch/xarm_ws/install/xarm_api/lib:/home/serch/xarm_ws/install/xarm_sdk/lib:/home/serch/xarm_ws/install/xarm_msgs/lib:${LD_LIBRARY_PATH} PYTHONPATH=/home/serch/xarm_ws/install/xarm_msgs/local/lib/python3.10/dist-packages:/home/serch/xarm_ws/install/uf_ros_lib/lib/python3.10/site-packages:${PYTHONPATH} /usr/bin/cmake --build /home/serch/xarm_ws/build/xarm_planner -- -j16 -l16
[16.550s] Invoking command in '/home/serch/xarm_ws/build/xarm_planner': AMENT_PREFIX_PATH=/home/serch/xarm_ws/install/xarm_moveit_config:/home/serch/xarm_ws/install/xarm_gazebo:/home/serch/xarm_ws/install/xarm_controller:/home/serch/xarm_ws/install/xarm_api:/home/serch/xarm_ws/install/xarm_sdk:/home/serch/xarm_ws/install/xarm_msgs:/home/serch/xarm_ws/install/xarm_description:/home/serch/xarm_ws/install/uf_ros_lib:${AMENT_PREFIX_PATH} CMAKE_PREFIX_PATH=/home/serch/xarm_ws/install/xarm_moveit_config:/home/serch/xarm_ws/install/xarm_gazebo:/home/serch/xarm_ws/install/xarm_controller:/home/serch/xarm_ws/install/xarm_api:/home/serch/xarm_ws/install/xarm_sdk:/home/serch/xarm_ws/install/xarm_msgs:/home/serch/xarm_ws/install/xarm_description:/home/serch/VREP:/home/serch/ros2_ws/install/robot_controller_pkg:/home/serch/ros2_ws/install/Coppelia_RC:/opt/ros/humble LD_LIBRARY_PATH=/home/serch/xarm_ws/install/xarm_gazebo/lib:/home/serch/xarm_ws/install/xarm_controller/lib:/home/serch/xarm_ws/install/xarm_api/lib:/home/serch/xarm_ws/install/xarm_sdk/lib:/home/serch/xarm_ws/install/xarm_msgs/lib:${LD_LIBRARY_PATH} PYTHONPATH=/home/serch/xarm_ws/install/xarm_msgs/local/lib/python3.10/dist-packages:/home/serch/xarm_ws/install/uf_ros_lib/lib/python3.10/site-packages:${PYTHONPATH} /usr/bin/cmake --install /home/serch/xarm_ws/build/xarm_planner
[16.557s] -- Install configuration: ""
[16.557s] -- Installing: /home/serch/xarm_ws/install/xarm_planner/include
[16.558s] -- Installing: /home/serch/xarm_ws/install/xarm_planner/include/xarm_planner
[16.558s] -- Installing: /home/serch/xarm_ws/install/xarm_planner/include/xarm_planner/xarm_planner.h
[16.558s] -- Installing: /home/serch/xarm_ws/install/xarm_planner/lib/libxarm_planner.so
[16.558s] -- Set runtime path of "/home/serch/xarm_ws/install/xarm_planner/lib/libxarm_planner.so" to ""
[16.558s] -- Installing: /home/serch/xarm_ws/install/xarm_planner/lib/xarm_planner/xarm_planner_node
[16.560s] -- Set runtime path of "/home/serch/xarm_ws/install/xarm_planner/lib/xarm_planner/xarm_planner_node" to ""
[16.560s] -- Installing: /home/serch/xarm_ws/install/xarm_planner/lib/xarm_planner/xarm_gripper_planner_node
[16.561s] -- Set runtime path of "/home/serch/xarm_ws/install/xarm_planner/lib/xarm_planner/xarm_gripper_planner_node" to ""
[16.561s] -- Installing: /home/serch/xarm_ws/install/xarm_planner/lib/xarm_planner/test_xarm_planner_api_joint
[16.561s] -- Set runtime path of "/home/serch/xarm_ws/install/xarm_planner/lib/xarm_planner/test_xarm_planner_api_joint" to ""
[16.561s] -- Installing: /home/serch/xarm_ws/install/xarm_planner/lib/xarm_planner/test_dual_xarm_planner_api_joint
[16.562s] -- Set runtime path of "/home/serch/xarm_ws/install/xarm_planner/lib/xarm_planner/test_dual_xarm_planner_api_joint" to ""
[16.562s] -- Installing: /home/serch/xarm_ws/install/xarm_planner/lib/xarm_planner/test_xarm_planner_api_pose
[16.562s] -- Set runtime path of "/home/serch/xarm_ws/install/xarm_planner/lib/xarm_planner/test_xarm_planner_api_pose" to ""
[16.562s] -- Installing: /home/serch/xarm_ws/install/xarm_planner/lib/xarm_planner/test_xarm_gripper_planner_api_joint
[16.563s] -- Set runtime path of "/home/serch/xarm_ws/install/xarm_planner/lib/xarm_planner/test_xarm_gripper_planner_api_joint" to ""
[16.563s] -- Installing: /home/serch/xarm_ws/install/xarm_planner/lib/xarm_planner/test_xarm_planner_client_joint
[16.564s] -- Set runtime path of "/home/serch/xarm_ws/install/xarm_planner/lib/xarm_planner/test_xarm_planner_client_joint" to ""
[16.564s] -- Installing: /home/serch/xarm_ws/install/xarm_planner/lib/xarm_planner/test_xarm_planner_client_pose
[16.565s] -- Set runtime path of "/home/serch/xarm_ws/install/xarm_planner/lib/xarm_planner/test_xarm_planner_client_pose" to ""
[16.565s] -- Installing: /home/serch/xarm_ws/install/xarm_planner/lib/xarm_planner/test_xarm_gripper_planner_client_joint
[16.566s] -- Set runtime path of "/home/serch/xarm_ws/install/xarm_planner/lib/xarm_planner/test_xarm_gripper_planner_client_joint" to ""
[16.566s] -- Installing: /home/serch/xarm_ws/install/xarm_planner/lib/xarm_planner/test_lite_gripper_realmove
[16.567s] -- Set runtime path of "/home/serch/xarm_ws/install/xarm_planner/lib/xarm_planner/test_lite_gripper_realmove" to ""
[16.567s] -- Installing: /home/serch/xarm_ws/install/xarm_planner/share/xarm_planner//launch
[16.567s] -- Installing: /home/serch/xarm_ws/install/xarm_planner/share/xarm_planner//launch/xarm5_planner_fake.launch.py
[16.568s] -- Installing: /home/serch/xarm_ws/install/xarm_planner/share/xarm_planner//launch/xarm5_planner_gazebo.launch.py
[16.568s] -- Installing: /home/serch/xarm_ws/install/xarm_planner/share/xarm_planner//launch/_dual_robot_planner.launch.py
[16.568s] -- Installing: /home/serch/xarm_ws/install/xarm_planner/share/xarm_planner//launch/uf850_planner_gazebo.launch.py
[16.569s] -- Installing: /home/serch/xarm_ws/install/xarm_planner/share/xarm_planner//launch/test_dual_xarm_planner_api_joint.launch.py
[16.569s] -- Installing: /home/serch/xarm_ws/install/xarm_planner/share/xarm_planner//launch/lite6_planner_fake.launch.py
[16.569s] -- Installing: /home/serch/xarm_ws/install/xarm_planner/share/xarm_planner//launch/xarm6_planner_gazebo.launch.py
[16.570s] -- Installing: /home/serch/xarm_ws/install/xarm_planner/share/xarm_planner//launch/xarm7_mirror_planner_realmove.launch.py
[16.570s] -- Installing: /home/serch/xarm_ws/install/xarm_planner/share/xarm_planner//launch/lite6_planner_realmove.launch.py
[16.570s] -- Installing: /home/serch/xarm_ws/install/xarm_planner/share/xarm_planner//launch/test_xarm_planner_client_pose.launch.py
[16.571s] -- Installing: /home/serch/xarm_ws/install/xarm_planner/share/xarm_planner//launch/xarm6_planner_realmove.launch.py
[16.571s] -- Installing: /home/serch/xarm_ws/install/xarm_planner/share/xarm_planner//launch/_robot_planner.launch.py
[16.572s] -- Installing: /home/serch/xarm_ws/install/xarm_planner/share/xarm_planner//launch/test_xarm_planner_api_pose.launch.py
[16.572s] -- Installing: /home/serch/xarm_ws/install/xarm_planner/share/xarm_planner//launch/test_xarm_planner_api_joint.launch.py
[16.572s] -- Installing: /home/serch/xarm_ws/install/xarm_planner/share/xarm_planner//launch/test_xarm_gripper_planner_api_joint.launch.py
[16.573s] -- Installing: /home/serch/xarm_ws/install/xarm_planner/share/xarm_planner//launch/xarm7_planner_gazebo.launch.py
[16.573s] -- Installing: /home/serch/xarm_ws/install/xarm_planner/share/xarm_planner//launch/xarm7_mirror_planner_gazebo.launch.py
[16.573s] -- Installing: /home/serch/xarm_ws/install/xarm_planner/share/xarm_planner//launch/xarm5_planner_realmove.launch.py
[16.574s] -- Installing: /home/serch/xarm_ws/install/xarm_planner/share/xarm_planner//launch/xarm7_mirror_planner_fake.launch.py
[16.574s] -- Installing: /home/serch/xarm_ws/install/xarm_planner/share/xarm_planner//launch/uf850_planner_fake.launch.py
[16.574s] -- Installing: /home/serch/xarm_ws/install/xarm_planner/share/xarm_planner//launch/uf850_planner_realmove.launch.py
[16.575s] -- Installing: /home/serch/xarm_ws/install/xarm_planner/share/xarm_planner//launch/test_xarm_gripper_planner_client_joint.launch.py
[16.575s] -- Installing: /home/serch/xarm_ws/install/xarm_planner/share/xarm_planner//launch/test_xarm_planner_client_joint.launch.py
[16.575s] -- Installing: /home/serch/xarm_ws/install/xarm_planner/share/xarm_planner//launch/lite6_planner_gazebo.launch.py
[16.576s] -- Installing: /home/serch/xarm_ws/install/xarm_planner/share/xarm_planner//launch/xarm6_planner_fake.launch.py
[16.576s] -- Installing: /home/serch/xarm_ws/install/xarm_planner/share/xarm_planner//launch/xarm7_planner_fake.launch.py
[16.576s] -- Installing: /home/serch/xarm_ws/install/xarm_planner/share/xarm_planner//launch/xarm7_planner_realmove.launch.py
[16.577s] -- Installing: /home/serch/xarm_ws/install/xarm_planner/share/xarm_planner//launch/test_lite_gripper_realmove.launch.py
[16.577s] -- Installing: /home/serch/xarm_ws/install/xarm_planner/share/xarm_planner//launch/test_move_group.launch.py
[16.577s] -- Installing: /home/serch/xarm_ws/install/xarm_planner/share/ament_index/resource_index/package_run_dependencies/xarm_planner
[16.577s] -- Installing: /home/serch/xarm_ws/install/xarm_planner/share/ament_index/resource_index/parent_prefix_path/xarm_planner
[16.578s] -- Installing: /home/serch/xarm_ws/install/xarm_planner/share/xarm_planner/environment/ament_prefix_path.sh
[16.578s] -- Installing: /home/serch/xarm_ws/install/xarm_planner/share/xarm_planner/environment/ament_prefix_path.dsv
[16.578s] -- Installing: /home/serch/xarm_ws/install/xarm_planner/share/xarm_planner/environment/path.sh
[16.578s] -- Installing: /home/serch/xarm_ws/install/xarm_planner/share/xarm_planner/environment/path.dsv
[16.578s] -- Installing: /home/serch/xarm_ws/install/xarm_planner/share/xarm_planner/local_setup.bash
[16.578s] -- Installing: /home/serch/xarm_ws/install/xarm_planner/share/xarm_planner/local_setup.sh
[16.578s] -- Installing: /home/serch/xarm_ws/install/xarm_planner/share/xarm_planner/local_setup.zsh
[16.578s] -- Installing: /home/serch/xarm_ws/install/xarm_planner/share/xarm_planner/local_setup.dsv
[16.578s] -- Installing: /home/serch/xarm_ws/install/xarm_planner/share/xarm_planner/package.dsv
[16.579s] -- Installing: /home/serch/xarm_ws/install/xarm_planner/share/ament_index/resource_index/packages/xarm_planner
[16.579s] -- Installing: /home/serch/xarm_ws/install/xarm_planner/share/xarm_planner/cmake/xarm_plannerConfig.cmake
[16.579s] -- Installing: /home/serch/xarm_ws/install/xarm_planner/share/xarm_planner/cmake/xarm_plannerConfig-version.cmake
[16.579s] -- Installing: /home/serch/xarm_ws/install/xarm_planner/share/xarm_planner/package.xml
[16.581s] Invoked command in '/home/serch/xarm_ws/build/xarm_planner' returned '0': AMENT_PREFIX_PATH=/home/serch/xarm_ws/install/xarm_moveit_config:/home/serch/xarm_ws/install/xarm_gazebo:/home/serch/xarm_ws/install/xarm_controller:/home/serch/xarm_ws/install/xarm_api:/home/serch/xarm_ws/install/xarm_sdk:/home/serch/xarm_ws/install/xarm_msgs:/home/serch/xarm_ws/install/xarm_description:/home/serch/xarm_ws/install/uf_ros_lib:${AMENT_PREFIX_PATH} CMAKE_PREFIX_PATH=/home/serch/xarm_ws/install/xarm_moveit_config:/home/serch/xarm_ws/install/xarm_gazebo:/home/serch/xarm_ws/install/xarm_controller:/home/serch/xarm_ws/install/xarm_api:/home/serch/xarm_ws/install/xarm_sdk:/home/serch/xarm_ws/install/xarm_msgs:/home/serch/xarm_ws/install/xarm_description:/home/serch/VREP:/home/serch/ros2_ws/install/robot_controller_pkg:/home/serch/ros2_ws/install/Coppelia_RC:/opt/ros/humble LD_LIBRARY_PATH=/home/serch/xarm_ws/install/xarm_gazebo/lib:/home/serch/xarm_ws/install/xarm_controller/lib:/home/serch/xarm_ws/install/xarm_api/lib:/home/serch/xarm_ws/install/xarm_sdk/lib:/home/serch/xarm_ws/install/xarm_msgs/lib:${LD_LIBRARY_PATH} PYTHONPATH=/home/serch/xarm_ws/install/xarm_msgs/local/lib/python3.10/dist-packages:/home/serch/xarm_ws/install/uf_ros_lib/lib/python3.10/site-packages:${PYTHONPATH} /usr/bin/cmake --install /home/serch/xarm_ws/build/xarm_planner
