running egg_info
creating ../../build/image_converter/image_converter.egg-info
writing ../../build/image_converter/image_converter.egg-info/PKG-INFO
writing dependency_links to ../../build/image_converter/image_converter.egg-info/dependency_links.txt
writing entry points to ../../build/image_converter/image_converter.egg-info/entry_points.txt
writing requirements to ../../build/image_converter/image_converter.egg-info/requires.txt
writing top-level names to ../../build/image_converter/image_converter.egg-info/top_level.txt
writing manifest file '../../build/image_converter/image_converter.egg-info/SOURCES.txt'
reading manifest file '../../build/image_converter/image_converter.egg-info/SOURCES.txt'
adding license file 'LICENSE'
writing manifest file '../../build/image_converter/image_converter.egg-info/SOURCES.txt'
running build
running build_py
creating /home/serch/xarm_ws/build/image_converter/build
creating /home/serch/xarm_ws/build/image_converter/build/lib
creating /home/serch/xarm_ws/build/image_converter/build/lib/image_converter
copying image_converter/__init__.py -> /home/serch/xarm_ws/build/image_converter/build/lib/image_converter
copying image_converter/pointcloud_generator.py -> /home/serch/xarm_ws/build/image_converter/build/lib/image_converter
copying image_converter/image_to_rgbd.py -> /home/serch/xarm_ws/build/image_converter/build/lib/image_converter
copying image_converter/rgbd_to_pc.py -> /home/serch/xarm_ws/build/image_converter/build/lib/image_converter
running install
running install_lib
creating /home/serch/xarm_ws/install/image_converter/lib/python3.10/site-packages/image_converter
copying /home/serch/xarm_ws/build/image_converter/build/lib/image_converter/__init__.py -> /home/serch/xarm_ws/install/image_converter/lib/python3.10/site-packages/image_converter
copying /home/serch/xarm_ws/build/image_converter/build/lib/image_converter/pointcloud_generator.py -> /home/serch/xarm_ws/install/image_converter/lib/python3.10/site-packages/image_converter
copying /home/serch/xarm_ws/build/image_converter/build/lib/image_converter/image_to_rgbd.py -> /home/serch/xarm_ws/install/image_converter/lib/python3.10/site-packages/image_converter
copying /home/serch/xarm_ws/build/image_converter/build/lib/image_converter/rgbd_to_pc.py -> /home/serch/xarm_ws/install/image_converter/lib/python3.10/site-packages/image_converter
byte-compiling /home/serch/xarm_ws/install/image_converter/lib/python3.10/site-packages/image_converter/__init__.py to __init__.cpython-310.pyc
byte-compiling /home/serch/xarm_ws/install/image_converter/lib/python3.10/site-packages/image_converter/pointcloud_generator.py to pointcloud_generator.cpython-310.pyc
byte-compiling /home/serch/xarm_ws/install/image_converter/lib/python3.10/site-packages/image_converter/image_to_rgbd.py to image_to_rgbd.cpython-310.pyc
byte-compiling /home/serch/xarm_ws/install/image_converter/lib/python3.10/site-packages/image_converter/rgbd_to_pc.py to rgbd_to_pc.cpython-310.pyc
running install_data
creating /home/serch/xarm_ws/install/image_converter/share/ament_index
creating /home/serch/xarm_ws/install/image_converter/share/ament_index/resource_index
creating /home/serch/xarm_ws/install/image_converter/share/ament_index/resource_index/packages
copying resource/image_converter -> /home/serch/xarm_ws/install/image_converter/share/ament_index/resource_index/packages
copying package.xml -> /home/serch/xarm_ws/install/image_converter/share/image_converter
running install_egg_info
Copying ../../build/image_converter/image_converter.egg-info to /home/serch/xarm_ws/install/image_converter/lib/python3.10/site-packages/image_converter-0.0.0-py3.10.egg-info
running install_scripts
Installing image_to_rgbd script to /home/serch/xarm_ws/install/image_converter/lib/image_converter
Installing point_cloud_gen script to /home/serch/xarm_ws/install/image_converter/lib/image_converter
Installing rgbd_to_pc script to /home/serch/xarm_ws/install/image_converter/lib/image_converter
writing list of installed files to '/home/serch/xarm_ws/build/image_converter/install.log'
