[2.005s] Invoking command in '/home/serch/xarm_ws/src/image_converter': PYTHONPATH=/home/serch/xarm_ws/build/image_converter/prefix_override:/usr/lib/python3/dist-packages/colcon_core/task/python/colcon_distutils_commands:/home/serch/xarm_ws/install/image_converter/lib/python3.10/site-packages:${PYTHONPATH} /usr/bin/python3 -W ignore:setup.py install is deprecated -W ignore:easy_install command is deprecated setup.py egg_info --egg-base ../../build/image_converter build --build-base /home/serch/xarm_ws/build/image_converter/build install --record /home/serch/xarm_ws/build/image_converter/install.log --single-version-externally-managed install_data
[2.495s] running egg_info
[2.496s] creating ../../build/image_converter/image_converter.egg-info
[2.502s] writing ../../build/image_converter/image_converter.egg-info/PKG-INFO
[2.502s] writing dependency_links to ../../build/image_converter/image_converter.egg-info/dependency_links.txt
[2.502s] writing entry points to ../../build/image_converter/image_converter.egg-info/entry_points.txt
[2.503s] writing requirements to ../../build/image_converter/image_converter.egg-info/requires.txt
[2.503s] writing top-level names to ../../build/image_converter/image_converter.egg-info/top_level.txt
[2.503s] writing manifest file '../../build/image_converter/image_converter.egg-info/SOURCES.txt'
[2.503s] reading manifest file '../../build/image_converter/image_converter.egg-info/SOURCES.txt'
[2.504s] adding license file 'LICENSE'
[2.505s] writing manifest file '../../build/image_converter/image_converter.egg-info/SOURCES.txt'
[2.506s] running build
[2.506s] running build_py
[2.506s] creating /home/serch/xarm_ws/build/image_converter/build
[2.506s] creating /home/serch/xarm_ws/build/image_converter/build/lib
[2.506s] creating /home/serch/xarm_ws/build/image_converter/build/lib/image_converter
[2.507s] copying image_converter/__init__.py -> /home/serch/xarm_ws/build/image_converter/build/lib/image_converter
[2.507s] copying image_converter/pointcloud_generator.py -> /home/serch/xarm_ws/build/image_converter/build/lib/image_converter
[2.508s] copying image_converter/image_to_rgbd.py -> /home/serch/xarm_ws/build/image_converter/build/lib/image_converter
[2.508s] copying image_converter/rgbd_to_pc.py -> /home/serch/xarm_ws/build/image_converter/build/lib/image_converter
[2.509s] running install
[2.510s] running install_lib
[2.512s] creating /home/serch/xarm_ws/install/image_converter/lib/python3.10/site-packages/image_converter
[2.513s] copying /home/serch/xarm_ws/build/image_converter/build/lib/image_converter/__init__.py -> /home/serch/xarm_ws/install/image_converter/lib/python3.10/site-packages/image_converter
[2.513s] copying /home/serch/xarm_ws/build/image_converter/build/lib/image_converter/pointcloud_generator.py -> /home/serch/xarm_ws/install/image_converter/lib/python3.10/site-packages/image_converter
[2.514s] copying /home/serch/xarm_ws/build/image_converter/build/lib/image_converter/image_to_rgbd.py -> /home/serch/xarm_ws/install/image_converter/lib/python3.10/site-packages/image_converter
[2.514s] copying /home/serch/xarm_ws/build/image_converter/build/lib/image_converter/rgbd_to_pc.py -> /home/serch/xarm_ws/install/image_converter/lib/python3.10/site-packages/image_converter
[2.519s] byte-compiling /home/serch/xarm_ws/install/image_converter/lib/python3.10/site-packages/image_converter/__init__.py to __init__.cpython-310.pyc
[2.519s] byte-compiling /home/serch/xarm_ws/install/image_converter/lib/python3.10/site-packages/image_converter/pointcloud_generator.py to pointcloud_generator.cpython-310.pyc
[2.521s] byte-compiling /home/serch/xarm_ws/install/image_converter/lib/python3.10/site-packages/image_converter/image_to_rgbd.py to image_to_rgbd.cpython-310.pyc
[2.523s] byte-compiling /home/serch/xarm_ws/install/image_converter/lib/python3.10/site-packages/image_converter/rgbd_to_pc.py to rgbd_to_pc.cpython-310.pyc
[2.525s] running install_data
[2.525s] creating /home/serch/xarm_ws/install/image_converter/share/ament_index
[2.526s] creating /home/serch/xarm_ws/install/image_converter/share/ament_index/resource_index
[2.526s] creating /home/serch/xarm_ws/install/image_converter/share/ament_index/resource_index/packages
[2.527s] copying resource/image_converter -> /home/serch/xarm_ws/install/image_converter/share/ament_index/resource_index/packages
[2.527s] copying package.xml -> /home/serch/xarm_ws/install/image_converter/share/image_converter
[2.527s] running install_egg_info
[2.539s] Copying ../../build/image_converter/image_converter.egg-info to /home/serch/xarm_ws/install/image_converter/lib/python3.10/site-packages/image_converter-0.0.0-py3.10.egg-info
[2.540s] running install_scripts
[2.570s] Installing image_to_rgbd script to /home/serch/xarm_ws/install/image_converter/lib/image_converter
[2.570s] Installing point_cloud_gen script to /home/serch/xarm_ws/install/image_converter/lib/image_converter
[2.571s] Installing rgbd_to_pc script to /home/serch/xarm_ws/install/image_converter/lib/image_converter
[2.571s] writing list of installed files to '/home/serch/xarm_ws/build/image_converter/install.log'
[2.643s] Invoked command in '/home/serch/xarm_ws/src/image_converter' returned '0': PYTHONPATH=/home/serch/xarm_ws/build/image_converter/prefix_override:/usr/lib/python3/dist-packages/colcon_core/task/python/colcon_distutils_commands:/home/serch/xarm_ws/install/image_converter/lib/python3.10/site-packages:${PYTHONPATH} /usr/bin/python3 -W ignore:setup.py install is deprecated -W ignore:easy_install command is deprecated setup.py egg_info --egg-base ../../build/image_converter build --build-base /home/serch/xarm_ws/build/image_converter/build install --record /home/serch/xarm_ws/build/image_converter/install.log --single-version-externally-managed install_data
