[1.891s] Invoking command in '/home/serch/xarm_ws/src/pose_estimator': PYTHONPATH=/home/serch/xarm_ws/build/pose_estimator/prefix_override:/usr/lib/python3/dist-packages/colcon_core/task/python/colcon_distutils_commands:/home/serch/xarm_ws/install/pose_estimator/lib/python3.10/site-packages:${PYTHONPATH} /usr/bin/python3 -W ignore:setup.py install is deprecated -W ignore:easy_install command is deprecated setup.py egg_info --egg-base ../../build/pose_estimator build --build-base /home/serch/xarm_ws/build/pose_estimator/build install --record /home/serch/xarm_ws/build/pose_estimator/install.log --single-version-externally-managed install_data
[2.178s] running egg_info
[2.179s] writing ../../build/pose_estimator/pose_estimator.egg-info/PKG-INFO
[2.180s] writing dependency_links to ../../build/pose_estimator/pose_estimator.egg-info/dependency_links.txt
[2.180s] writing entry points to ../../build/pose_estimator/pose_estimator.egg-info/entry_points.txt
[2.180s] writing requirements to ../../build/pose_estimator/pose_estimator.egg-info/requires.txt
[2.180s] writing top-level names to ../../build/pose_estimator/pose_estimator.egg-info/top_level.txt
[2.182s] reading manifest file '../../build/pose_estimator/pose_estimator.egg-info/SOURCES.txt'
[2.183s] adding license file 'LICENSE'
[2.183s] writing manifest file '../../build/pose_estimator/pose_estimator.egg-info/SOURCES.txt'
[2.183s] running build
[2.183s] running build_py
[2.184s] copying pose_estimator/pose_controller.py -> /home/serch/xarm_ws/build/pose_estimator/build/lib/pose_estimator
[2.184s] running install
[2.184s] running install_lib
[2.186s] copying /home/serch/xarm_ws/build/pose_estimator/build/lib/pose_estimator/pose_controller.py -> /home/serch/xarm_ws/install/pose_estimator/lib/python3.10/site-packages/pose_estimator
[2.187s] byte-compiling /home/serch/xarm_ws/install/pose_estimator/lib/python3.10/site-packages/pose_estimator/pose_controller.py to pose_controller.cpython-310.pyc
[2.190s] running install_data
[2.190s] running install_egg_info
[2.194s] removing '/home/serch/xarm_ws/install/pose_estimator/lib/python3.10/site-packages/pose_estimator-0.0.0-py3.10.egg-info' (and everything under it)
[2.194s] Copying ../../build/pose_estimator/pose_estimator.egg-info to /home/serch/xarm_ws/install/pose_estimator/lib/python3.10/site-packages/pose_estimator-0.0.0-py3.10.egg-info
[2.196s] running install_scripts
[2.220s] Installing match_pointcloud script to /home/serch/xarm_ws/install/pose_estimator/lib/pose_estimator
[2.220s] Installing xarm_pose_controller script to /home/serch/xarm_ws/install/pose_estimator/lib/pose_estimator
[2.221s] writing list of installed files to '/home/serch/xarm_ws/build/pose_estimator/install.log'
[2.284s] Invoked command in '/home/serch/xarm_ws/src/pose_estimator' returned '0': PYTHONPATH=/home/serch/xarm_ws/build/pose_estimator/prefix_override:/usr/lib/python3/dist-packages/colcon_core/task/python/colcon_distutils_commands:/home/serch/xarm_ws/install/pose_estimator/lib/python3.10/site-packages:${PYTHONPATH} /usr/bin/python3 -W ignore:setup.py install is deprecated -W ignore:easy_install command is deprecated setup.py egg_info --egg-base ../../build/pose_estimator build --build-base /home/serch/xarm_ws/build/pose_estimator/build install --record /home/serch/xarm_ws/build/pose_estimator/install.log --single-version-externally-managed install_data
