[0.017s] Invoking command in '/home/serch/xarm_ws/build/xarm_gazebo': AMENT_PREFIX_PATH=/home/serch/xarm_ws/install/xarm_controller:/home/serch/xarm_ws/install/xarm_api:/home/serch/xarm_ws/install/xarm_sdk:/home/serch/xarm_ws/install/xarm_msgs:/home/serch/xarm_ws/install/xarm_description:/home/serch/xarm_ws/install/uf_ros_lib:${AMENT_PREFIX_PATH} CMAKE_PREFIX_PATH=/home/serch/xarm_ws/install/xarm_controller:/home/serch/xarm_ws/install/xarm_api:/home/serch/xarm_ws/install/xarm_sdk:/home/serch/xarm_ws/install/xarm_msgs:/home/serch/xarm_ws/install/xarm_description:/home/serch/VREP:/home/serch/ros2_ws/install/robot_controller_pkg:/home/serch/ros2_ws/install/Coppelia_RC:/opt/ros/humble LD_LIBRARY_PATH=/home/serch/xarm_ws/install/xarm_controller/lib:/home/serch/xarm_ws/install/xarm_api/lib:/home/serch/xarm_ws/install/xarm_sdk/lib:/home/serch/xarm_ws/install/xarm_msgs/lib:${LD_LIBRARY_PATH} PYTHONPATH=/home/serch/xarm_ws/install/xarm_msgs/local/lib/python3.10/dist-packages:/home/serch/xarm_ws/install/uf_ros_lib/lib/python3.10/site-packages:${PYTHONPATH} /usr/bin/cmake /home/serch/xarm_ws/src/xarm_ros2/xarm_gazebo -DCMAKE_INSTALL_PREFIX=/home/serch/xarm_ws/install/xarm_gazebo
[0.066s] -- The C compiler identification is GNU 11.4.0
[0.110s] -- The CXX compiler identification is GNU 11.4.0
[0.116s] -- Detecting C compiler ABI info
[0.183s] -- Detecting C compiler ABI info - done
[0.188s] -- Check for working C compiler: /usr/bin/cc - skipped
[0.188s] -- Detecting C compile features
[0.188s] -- Detecting C compile features - done
[0.190s] -- Detecting CXX compiler ABI info
[0.262s] -- Detecting CXX compiler ABI info - done
[0.266s] -- Check for working CXX compiler: /usr/bin/c++ - skipped
[0.266s] -- Detecting CXX compile features
[0.267s] -- Detecting CXX compile features - done
[0.269s] -- Found ament_cmake: 1.3.11 (/opt/ros/humble/share/ament_cmake/cmake)
[0.386s] -- Found Python3: /usr/bin/python3 (found version "3.10.12") found components: Interpreter 
[0.457s] -- Found rclcpp: 16.0.12 (/opt/ros/humble/share/rclcpp/cmake)
[0.492s] -- Found rosidl_generator_c: 3.1.6 (/opt/ros/humble/share/rosidl_generator_c/cmake)
[0.497s] -- Found rosidl_adapter: 3.1.6 (/opt/ros/humble/share/rosidl_adapter/cmake)
[0.504s] -- Found rosidl_generator_cpp: 3.1.6 (/opt/ros/humble/share/rosidl_generator_cpp/cmake)
[0.513s] -- Using all available rosidl_typesupport_c: rosidl_typesupport_fastrtps_c;rosidl_typesupport_introspection_c
[0.525s] -- Using all available rosidl_typesupport_cpp: rosidl_typesupport_fastrtps_cpp;rosidl_typesupport_introspection_cpp
[0.560s] -- Found rmw_implementation_cmake: 6.1.2 (/opt/ros/humble/share/rmw_implementation_cmake/cmake)
[0.562s] -- Found rmw_fastrtps_cpp: 6.2.7 (/opt/ros/humble/share/rmw_fastrtps_cpp/cmake)
[0.649s] -- Found OpenSSL: /usr/lib/x86_64-linux-gnu/libcrypto.so (found version "3.0.2")  
[0.672s] -- Found FastRTPS: /opt/ros/humble/include  
[0.707s] -- Using RMW implementation 'rmw_fastrtps_cpp' as default
[0.715s] -- Looking for pthread.h
[0.778s] -- Looking for pthread.h - found
[0.779s] -- Performing Test CMAKE_HAVE_LIBC_PTHREAD
[0.847s] -- Performing Test CMAKE_HAVE_LIBC_PTHREAD - Success
[0.847s] -- Found Threads: TRUE  
[0.885s] -- Found control_toolbox: 3.6.1 (/opt/ros/humble/share/control_toolbox/cmake)
[1.044s] -- Found controller_manager: 2.50.0 (/opt/ros/humble/share/controller_manager/cmake)
[1.072s] -- Found gazebo_ros: 3.9.0 (/opt/ros/humble/share/gazebo_ros/cmake)
[1.082s] -- Found PkgConfig: /usr/bin/pkg-config (found version "0.29.2") 
[1.083s] -- Checking for module 'bullet>=2.82'
[1.097s] --   Found bullet, version 3.05
[1.204s] -- Found fcl: /usr/include (found suitable version "0.7.0", minimum required is "0.5.0") 
[1.260s] -- Found assimp: /usr/include (found version "5.2.0") 
[1.270s] -- Found DART: /usr/include (Required is at least version "6.6") found components: dart 
[1.294s] -- Found Boost: /usr/lib/x86_64-linux-gnu/cmake/Boost-1.74.0/BoostConfig.cmake (found suitable version "1.74.0", minimum required is "1.40.0") found components: thread system filesystem program_options regex iostreams date_time 
[1.305s] -- Found Protobuf: /usr/lib/x86_64-linux-gnu/libprotobuf.so (found version "3.12.4") 
[1.310s] -- Looking for ignition-math6 -- found version 6.15.1
[1.315s] -- Searching for dependencies of ignition-math6
[1.316s] -- Looking for OGRE...
[1.316s] -- OGRE_PREFIX_WATCH changed.
[1.320s] -- Checking for module 'OGRE'
[1.334s] --   Found OGRE, version 1.9.0
[1.371s] -- Found Ogre Ghadamon (1.9.0)
[1.376s] -- Found OGRE: optimized;/usr/lib/x86_64-linux-gnu/libOgreMain.so;debug;/usr/lib/x86_64-linux-gnu/libOgreMain.so
[1.383s] -- Looking for OGRE_Paging...
[1.387s] -- Found OGRE_Paging: optimized;/usr/lib/x86_64-linux-gnu/libOgrePaging.so;debug;/usr/lib/x86_64-linux-gnu/libOgrePaging.so
[1.388s] -- Looking for OGRE_Terrain...
[1.391s] -- Found OGRE_Terrain: optimized;/usr/lib/x86_64-linux-gnu/libOgreTerrain.so;debug;/usr/lib/x86_64-linux-gnu/libOgreTerrain.so
[1.391s] -- Looking for OGRE_Property...
[1.395s] -- Found OGRE_Property: optimized;/usr/lib/x86_64-linux-gnu/libOgreProperty.so;debug;/usr/lib/x86_64-linux-gnu/libOgreProperty.so
[1.395s] -- Looking for OGRE_RTShaderSystem...
[1.399s] -- Found OGRE_RTShaderSystem: optimized;/usr/lib/x86_64-linux-gnu/libOgreRTShaderSystem.so;debug;/usr/lib/x86_64-linux-gnu/libOgreRTShaderSystem.so
[1.399s] -- Looking for OGRE_Volume...
[1.402s] -- Found OGRE_Volume: optimized;/usr/lib/x86_64-linux-gnu/libOgreVolume.so;debug;/usr/lib/x86_64-linux-gnu/libOgreVolume.so
[1.402s] -- Looking for OGRE_Overlay...
[1.406s] -- Found OGRE_Overlay: optimized;/usr/lib/x86_64-linux-gnu/libOgreOverlay.so;debug;/usr/lib/x86_64-linux-gnu/libOgreOverlay.so
[1.490s] -- Looking for ignition-math6 -- found version 6.15.1
[1.492s] -- Looking for ignition-transport8 -- found version 8.2.1
[1.493s] -- Searching for dependencies of ignition-transport8
[1.509s] -- Found Protobuf: /usr/lib/x86_64-linux-gnu/libprotobuf.so (found suitable version "3.12.4", minimum required is "3") 
[1.518s] -- Config-file not installed for ZeroMQ -- checking for pkg-config
[1.522s] -- Checking for module 'libzmq >= 4'
[1.538s] --   Found libzmq , version 4.3.4
[1.580s] -- Found ZeroMQ: TRUE (Required is at least version "4") 
[1.585s] -- Checking for module 'uuid'
[1.602s] --   Found uuid, version 2.37.2
[1.641s] -- Found UUID: TRUE  
[1.643s] -- Looking for ignition-msgs5 -- found version 5.8.1
[1.643s] -- Searching for dependencies of ignition-msgs5
[1.660s] -- Looking for ignition-math6 -- found version 6.15.1
[1.665s] -- Checking for module 'tinyxml2'
[1.679s] --   Found tinyxml2, version 9.0.0
[1.721s] -- Looking for ignition-msgs5 -- found version 5.8.1
[1.723s] -- Looking for ignition-common3 -- found version 3.14.0
[1.724s] -- Searching for dependencies of ignition-common3
[1.724s] -- Looking for dlfcn.h - found
[1.725s] -- Looking for libdl - found
[1.726s] -- Found DL: TRUE  
[1.736s] -- Found tinyobjloader: /usr/lib/x86_64-linux-gnu/cmake/tinyobjloader/tinyobjloader-config.cmake (found version "2.0.0") 
[1.736s] -- Searching for <ignition-common3> component [graphics]
[1.738s] -- Looking for ignition-common3-graphics -- found version 3.14.0
[1.738s] -- Searching for dependencies of ignition-common3-graphics
[1.739s] -- Looking for ignition-math6 -- found version 6.15.1
[1.741s] -- Looking for ignition-fuel_tools4 -- found version 4.4.0
[1.741s] -- Searching for dependencies of ignition-fuel_tools4
[1.825s] -- Found CURL: /usr/lib/x86_64-linux-gnu/libcurl.so (found version "7.81.0")  
[1.833s] -- Checking for module 'jsoncpp'
[1.848s] --   Found jsoncpp, version 1.9.5
[1.884s] -- Found JSONCPP: TRUE  
[1.890s] -- Checking for module 'libzip'
[1.905s] --   Found libzip, version 1.7.3
[1.944s] -- Found ZIP: TRUE  
[1.944s] -- Looking for ignition-common3 -- found version 3.14.0
[1.944s] -- Looking for ignition-math6 -- found version 6.15.1
[1.944s] -- Looking for ignition-msgs5 -- found version 5.8.1
[1.948s] -- Gazebo version: 11.10
[1.948s] -- Checking for module 'tbb'
[1.963s] --   Found tbb, version 2021.5.0
[2.004s] -- Found ament_lint_auto: 0.12.12 (/opt/ros/humble/share/ament_lint_auto/cmake)
[2.078s] -- Added test 'copyright' to check source files copyright and LICENSE
[2.081s] -- Added test 'cppcheck' to perform static code analysis on C / C++ code
[2.081s] -- Configured cppcheck include dirs: /home/serch/xarm_ws/src/xarm_ros2/xarm_gazebo/include
[2.081s] -- Configured cppcheck exclude dirs and/or files: 
[2.082s] -- Added test 'cpplint' to check C / C++ code against the Google style
[2.082s] -- Configured cpplint exclude dirs and/or files: 
[2.083s] -- Added test 'flake8' to check Python code syntax and style conventions
[2.083s] -- Added test 'lint_cmake' to check CMake code style
[2.084s] -- Added test 'pep257' to check Python code against some of the docstring style conventions in PEP 257
[2.085s] -- Added test 'uncrustify' to check C / C++ code style
[2.085s] -- Configured uncrustify additional arguments: 
[2.085s] -- Added test 'xmllint' to check XML markup files
[2.086s] -- Configuring done
[2.116s] -- Generating done
[2.120s] -- Build files have been written to: /home/serch/xarm_ws/build/xarm_gazebo
[2.131s] Invoked command in '/home/serch/xarm_ws/build/xarm_gazebo' returned '0': AMENT_PREFIX_PATH=/home/serch/xarm_ws/install/xarm_controller:/home/serch/xarm_ws/install/xarm_api:/home/serch/xarm_ws/install/xarm_sdk:/home/serch/xarm_ws/install/xarm_msgs:/home/serch/xarm_ws/install/xarm_description:/home/serch/xarm_ws/install/uf_ros_lib:${AMENT_PREFIX_PATH} CMAKE_PREFIX_PATH=/home/serch/xarm_ws/install/xarm_controller:/home/serch/xarm_ws/install/xarm_api:/home/serch/xarm_ws/install/xarm_sdk:/home/serch/xarm_ws/install/xarm_msgs:/home/serch/xarm_ws/install/xarm_description:/home/serch/VREP:/home/serch/ros2_ws/install/robot_controller_pkg:/home/serch/ros2_ws/install/Coppelia_RC:/opt/ros/humble LD_LIBRARY_PATH=/home/serch/xarm_ws/install/xarm_controller/lib:/home/serch/xarm_ws/install/xarm_api/lib:/home/serch/xarm_ws/install/xarm_sdk/lib:/home/serch/xarm_ws/install/xarm_msgs/lib:${LD_LIBRARY_PATH} PYTHONPATH=/home/serch/xarm_ws/install/xarm_msgs/local/lib/python3.10/dist-packages:/home/serch/xarm_ws/install/uf_ros_lib/lib/python3.10/site-packages:${PYTHONPATH} /usr/bin/cmake /home/serch/xarm_ws/src/xarm_ros2/xarm_gazebo -DCMAKE_INSTALL_PREFIX=/home/serch/xarm_ws/install/xarm_gazebo
[2.132s] Invoking command in '/home/serch/xarm_ws/build/xarm_gazebo': AMENT_PREFIX_PATH=/home/serch/xarm_ws/install/xarm_controller:/home/serch/xarm_ws/install/xarm_api:/home/serch/xarm_ws/install/xarm_sdk:/home/serch/xarm_ws/install/xarm_msgs:/home/serch/xarm_ws/install/xarm_description:/home/serch/xarm_ws/install/uf_ros_lib:${AMENT_PREFIX_PATH} CMAKE_PREFIX_PATH=/home/serch/xarm_ws/install/xarm_controller:/home/serch/xarm_ws/install/xarm_api:/home/serch/xarm_ws/install/xarm_sdk:/home/serch/xarm_ws/install/xarm_msgs:/home/serch/xarm_ws/install/xarm_description:/home/serch/VREP:/home/serch/ros2_ws/install/robot_controller_pkg:/home/serch/ros2_ws/install/Coppelia_RC:/opt/ros/humble LD_LIBRARY_PATH=/home/serch/xarm_ws/install/xarm_controller/lib:/home/serch/xarm_ws/install/xarm_api/lib:/home/serch/xarm_ws/install/xarm_sdk/lib:/home/serch/xarm_ws/install/xarm_msgs/lib:${LD_LIBRARY_PATH} PYTHONPATH=/home/serch/xarm_ws/install/xarm_msgs/local/lib/python3.10/dist-packages:/home/serch/xarm_ws/install/uf_ros_lib/lib/python3.10/site-packages:${PYTHONPATH} /usr/bin/cmake --build /home/serch/xarm_ws/build/xarm_gazebo -- -j16 -l16
[2.184s] [ 50%] [32mBuilding CXX object CMakeFiles/gazebo_mimic_joint_plugin.dir/src/mimic_joint_plugin.cpp.o[0m
[10.904s] [100%] [32m[1mLinking CXX shared library libgazebo_mimic_joint_plugin.so[0m
[11.249s] [100%] Built target gazebo_mimic_joint_plugin
[11.260s] Invoked command in '/home/serch/xarm_ws/build/xarm_gazebo' returned '0': AMENT_PREFIX_PATH=/home/serch/xarm_ws/install/xarm_controller:/home/serch/xarm_ws/install/xarm_api:/home/serch/xarm_ws/install/xarm_sdk:/home/serch/xarm_ws/install/xarm_msgs:/home/serch/xarm_ws/install/xarm_description:/home/serch/xarm_ws/install/uf_ros_lib:${AMENT_PREFIX_PATH} CMAKE_PREFIX_PATH=/home/serch/xarm_ws/install/xarm_controller:/home/serch/xarm_ws/install/xarm_api:/home/serch/xarm_ws/install/xarm_sdk:/home/serch/xarm_ws/install/xarm_msgs:/home/serch/xarm_ws/install/xarm_description:/home/serch/VREP:/home/serch/ros2_ws/install/robot_controller_pkg:/home/serch/ros2_ws/install/Coppelia_RC:/opt/ros/humble LD_LIBRARY_PATH=/home/serch/xarm_ws/install/xarm_controller/lib:/home/serch/xarm_ws/install/xarm_api/lib:/home/serch/xarm_ws/install/xarm_sdk/lib:/home/serch/xarm_ws/install/xarm_msgs/lib:${LD_LIBRARY_PATH} PYTHONPATH=/home/serch/xarm_ws/install/xarm_msgs/local/lib/python3.10/dist-packages:/home/serch/xarm_ws/install/uf_ros_lib/lib/python3.10/site-packages:${PYTHONPATH} /usr/bin/cmake --build /home/serch/xarm_ws/build/xarm_gazebo -- -j16 -l16
[11.261s] Invoking command in '/home/serch/xarm_ws/build/xarm_gazebo': AMENT_PREFIX_PATH=/home/serch/xarm_ws/install/xarm_controller:/home/serch/xarm_ws/install/xarm_api:/home/serch/xarm_ws/install/xarm_sdk:/home/serch/xarm_ws/install/xarm_msgs:/home/serch/xarm_ws/install/xarm_description:/home/serch/xarm_ws/install/uf_ros_lib:${AMENT_PREFIX_PATH} CMAKE_PREFIX_PATH=/home/serch/xarm_ws/install/xarm_controller:/home/serch/xarm_ws/install/xarm_api:/home/serch/xarm_ws/install/xarm_sdk:/home/serch/xarm_ws/install/xarm_msgs:/home/serch/xarm_ws/install/xarm_description:/home/serch/VREP:/home/serch/ros2_ws/install/robot_controller_pkg:/home/serch/ros2_ws/install/Coppelia_RC:/opt/ros/humble LD_LIBRARY_PATH=/home/serch/xarm_ws/install/xarm_controller/lib:/home/serch/xarm_ws/install/xarm_api/lib:/home/serch/xarm_ws/install/xarm_sdk/lib:/home/serch/xarm_ws/install/xarm_msgs/lib:${LD_LIBRARY_PATH} PYTHONPATH=/home/serch/xarm_ws/install/xarm_msgs/local/lib/python3.10/dist-packages:/home/serch/xarm_ws/install/uf_ros_lib/lib/python3.10/site-packages:${PYTHONPATH} /usr/bin/cmake --install /home/serch/xarm_ws/build/xarm_gazebo
[11.268s] -- Install configuration: ""
[11.268s] -- Installing: /home/serch/xarm_ws/install/xarm_gazebo/include
[11.268s] -- Installing: /home/serch/xarm_ws/install/xarm_gazebo/include/xarm_gazebo
[11.268s] -- Installing: /home/serch/xarm_ws/install/xarm_gazebo/include/xarm_gazebo/mimic_joint_plugin.h
[11.268s] -- Installing: /home/serch/xarm_ws/install/xarm_gazebo/lib/libgazebo_mimic_joint_plugin.so
[11.270s] -- Set runtime path of "/home/serch/xarm_ws/install/xarm_gazebo/lib/libgazebo_mimic_joint_plugin.so" to ""
[11.270s] -- Installing: /home/serch/xarm_ws/install/xarm_gazebo/share/xarm_gazebo//worlds
[11.270s] -- Installing: /home/serch/xarm_ws/install/xarm_gazebo/share/xarm_gazebo//worlds/table.world
[11.271s] -- Installing: /home/serch/xarm_ws/install/xarm_gazebo/share/xarm_gazebo//launch
[11.272s] -- Installing: /home/serch/xarm_ws/install/xarm_gazebo/share/xarm_gazebo//launch/xarm7_beside_table_gazebo.launch.py
[11.272s] -- Installing: /home/serch/xarm_ws/install/xarm_gazebo/share/xarm_gazebo//launch/uf850_beside_table_gazebo.launch.py
[11.273s] -- Installing: /home/serch/xarm_ws/install/xarm_gazebo/share/xarm_gazebo//launch/xarm5_beside_table_gazebo.launch.py
[11.273s] -- Installing: /home/serch/xarm_ws/install/xarm_gazebo/share/xarm_gazebo//launch/xarm6_beside_table_gazebo.launch.py
[11.274s] -- Installing: /home/serch/xarm_ws/install/xarm_gazebo/share/xarm_gazebo//launch/_robot_beside_table_gazebo.launch.py
[11.274s] -- Installing: /home/serch/xarm_ws/install/xarm_gazebo/share/xarm_gazebo//launch/_robot_beside_table_ignition.launch.py
[11.274s] -- Installing: /home/serch/xarm_ws/install/xarm_gazebo/share/xarm_gazebo//launch/lite6_beside_table_gazebo.launch.py
[11.275s] -- Installing: /home/serch/xarm_ws/install/xarm_gazebo/share/xarm_gazebo//launch/xarm7_mirror_beside_table_gazebo.launch.py
[11.275s] -- Installing: /home/serch/xarm_ws/install/xarm_gazebo/share/xarm_gazebo//launch/_dual_robot_beside_table_gazebo.launch.py
[11.276s] -- Installing: /home/serch/xarm_ws/install/xarm_gazebo/share/ament_index/resource_index/package_run_dependencies/xarm_gazebo
[11.276s] -- Installing: /home/serch/xarm_ws/install/xarm_gazebo/share/ament_index/resource_index/parent_prefix_path/xarm_gazebo
[11.276s] -- Installing: /home/serch/xarm_ws/install/xarm_gazebo/share/xarm_gazebo/environment/ament_prefix_path.sh
[11.276s] -- Installing: /home/serch/xarm_ws/install/xarm_gazebo/share/xarm_gazebo/environment/ament_prefix_path.dsv
[11.276s] -- Installing: /home/serch/xarm_ws/install/xarm_gazebo/share/xarm_gazebo/environment/path.sh
[11.276s] -- Installing: /home/serch/xarm_ws/install/xarm_gazebo/share/xarm_gazebo/environment/path.dsv
[11.277s] -- Installing: /home/serch/xarm_ws/install/xarm_gazebo/share/xarm_gazebo/local_setup.bash
[11.277s] -- Installing: /home/serch/xarm_ws/install/xarm_gazebo/share/xarm_gazebo/local_setup.sh
[11.277s] -- Installing: /home/serch/xarm_ws/install/xarm_gazebo/share/xarm_gazebo/local_setup.zsh
[11.277s] -- Installing: /home/serch/xarm_ws/install/xarm_gazebo/share/xarm_gazebo/local_setup.dsv
[11.277s] -- Installing: /home/serch/xarm_ws/install/xarm_gazebo/share/xarm_gazebo/package.dsv
[11.277s] -- Installing: /home/serch/xarm_ws/install/xarm_gazebo/share/ament_index/resource_index/packages/xarm_gazebo
[11.277s] -- Installing: /home/serch/xarm_ws/install/xarm_gazebo/share/xarm_gazebo/cmake/xarm_gazeboConfig.cmake
[11.277s] -- Installing: /home/serch/xarm_ws/install/xarm_gazebo/share/xarm_gazebo/cmake/xarm_gazeboConfig-version.cmake
[11.277s] -- Installing: /home/serch/xarm_ws/install/xarm_gazebo/share/xarm_gazebo/package.xml
[11.279s] Invoked command in '/home/serch/xarm_ws/build/xarm_gazebo' returned '0': AMENT_PREFIX_PATH=/home/serch/xarm_ws/install/xarm_controller:/home/serch/xarm_ws/install/xarm_api:/home/serch/xarm_ws/install/xarm_sdk:/home/serch/xarm_ws/install/xarm_msgs:/home/serch/xarm_ws/install/xarm_description:/home/serch/xarm_ws/install/uf_ros_lib:${AMENT_PREFIX_PATH} CMAKE_PREFIX_PATH=/home/serch/xarm_ws/install/xarm_controller:/home/serch/xarm_ws/install/xarm_api:/home/serch/xarm_ws/install/xarm_sdk:/home/serch/xarm_ws/install/xarm_msgs:/home/serch/xarm_ws/install/xarm_description:/home/serch/VREP:/home/serch/ros2_ws/install/robot_controller_pkg:/home/serch/ros2_ws/install/Coppelia_RC:/opt/ros/humble LD_LIBRARY_PATH=/home/serch/xarm_ws/install/xarm_controller/lib:/home/serch/xarm_ws/install/xarm_api/lib:/home/serch/xarm_ws/install/xarm_sdk/lib:/home/serch/xarm_ws/install/xarm_msgs/lib:${LD_LIBRARY_PATH} PYTHONPATH=/home/serch/xarm_ws/install/xarm_msgs/local/lib/python3.10/dist-packages:/home/serch/xarm_ws/install/uf_ros_lib/lib/python3.10/site-packages:${PYTHONPATH} /usr/bin/cmake --install /home/serch/xarm_ws/build/xarm_gazebo
