[0.034s] Invoking command in '/home/serch/xarm_ws/build/xarm_controller': CMAKE_PREFIX_PATH=/home/serch/xarm_ws/install/xarm_api:/home/serch/xarm_ws/install/xarm_sdk:/home/serch/xarm_ws/install/xarm_msgs:/home/serch/xarm_ws/install/xarm_description:/home/serch/xarm_ws/install/xarm_planner:/home/serch/xarm_ws/install/xarm_moveit_servo:/home/serch/xarm_ws/install/xarm_moveit_config:/home/serch/xarm_ws/install/xarm_gazebo:/home/serch/xarm_ws/install/xarm_controller:/home/serch/xarm_ws/install/realsense_gazebo_plugin:/home/serch/xarm_ws/install/mbot_demo:/home/serch/xarm_ws/install/azure_kinect_ros_driver:/home/serch/VREP:/home/serch/xarm_ws/install/vision_xarm:/home/serch/xarm_ws/install/uf_ros_lib:/home/serch/xarm_ws/install/pose_estimator:/home/serch/xarm_ws/install/image_converter:/home/serch/ros2_ws/install/robot_controller_pkg:/home/serch/ros2_ws/install/Coppelia_RC:/opt/ros/humble LD_LIBRARY_PATH=/home/serch/xarm_ws/install/xarm_api/lib:/home/serch/xarm_ws/install/xarm_sdk/lib:/home/serch/xarm_ws/install/xarm_msgs/lib:/home/serch/xarm_ws/install/xarm_planner/lib:/home/serch/xarm_ws/install/xarm_moveit_servo/lib:/home/serch/xarm_ws/install/xarm_gazebo/lib:/home/serch/xarm_ws/install/xarm_controller/lib:/home/serch/xarm_ws/install/realsense_gazebo_plugin/lib:/home/serch/VREP:/usr/lib/x86_64-linux-gnu/gazebo-11/plugins:/opt/ros/humble/opt/rviz_ogre_vendor/lib:/opt/ros/humble/lib/x86_64-linux-gnu:/opt/ros/humble/lib /usr/bin/cmake --build /home/serch/xarm_ws/build/xarm_controller -- -j16 -l16
[0.125s] [100%] Built target uf_robot_hardware
[0.139s] Invoked command in '/home/serch/xarm_ws/build/xarm_controller' returned '0': CMAKE_PREFIX_PATH=/home/serch/xarm_ws/install/xarm_api:/home/serch/xarm_ws/install/xarm_sdk:/home/serch/xarm_ws/install/xarm_msgs:/home/serch/xarm_ws/install/xarm_description:/home/serch/xarm_ws/install/xarm_planner:/home/serch/xarm_ws/install/xarm_moveit_servo:/home/serch/xarm_ws/install/xarm_moveit_config:/home/serch/xarm_ws/install/xarm_gazebo:/home/serch/xarm_ws/install/xarm_controller:/home/serch/xarm_ws/install/realsense_gazebo_plugin:/home/serch/xarm_ws/install/mbot_demo:/home/serch/xarm_ws/install/azure_kinect_ros_driver:/home/serch/VREP:/home/serch/xarm_ws/install/vision_xarm:/home/serch/xarm_ws/install/uf_ros_lib:/home/serch/xarm_ws/install/pose_estimator:/home/serch/xarm_ws/install/image_converter:/home/serch/ros2_ws/install/robot_controller_pkg:/home/serch/ros2_ws/install/Coppelia_RC:/opt/ros/humble LD_LIBRARY_PATH=/home/serch/xarm_ws/install/xarm_api/lib:/home/serch/xarm_ws/install/xarm_sdk/lib:/home/serch/xarm_ws/install/xarm_msgs/lib:/home/serch/xarm_ws/install/xarm_planner/lib:/home/serch/xarm_ws/install/xarm_moveit_servo/lib:/home/serch/xarm_ws/install/xarm_gazebo/lib:/home/serch/xarm_ws/install/xarm_controller/lib:/home/serch/xarm_ws/install/realsense_gazebo_plugin/lib:/home/serch/VREP:/usr/lib/x86_64-linux-gnu/gazebo-11/plugins:/opt/ros/humble/opt/rviz_ogre_vendor/lib:/opt/ros/humble/lib/x86_64-linux-gnu:/opt/ros/humble/lib /usr/bin/cmake --build /home/serch/xarm_ws/build/xarm_controller -- -j16 -l16
[0.140s] Invoking command in '/home/serch/xarm_ws/build/xarm_controller': CMAKE_PREFIX_PATH=/home/serch/xarm_ws/install/xarm_api:/home/serch/xarm_ws/install/xarm_sdk:/home/serch/xarm_ws/install/xarm_msgs:/home/serch/xarm_ws/install/xarm_description:/home/serch/xarm_ws/install/xarm_planner:/home/serch/xarm_ws/install/xarm_moveit_servo:/home/serch/xarm_ws/install/xarm_moveit_config:/home/serch/xarm_ws/install/xarm_gazebo:/home/serch/xarm_ws/install/xarm_controller:/home/serch/xarm_ws/install/realsense_gazebo_plugin:/home/serch/xarm_ws/install/mbot_demo:/home/serch/xarm_ws/install/azure_kinect_ros_driver:/home/serch/VREP:/home/serch/xarm_ws/install/vision_xarm:/home/serch/xarm_ws/install/uf_ros_lib:/home/serch/xarm_ws/install/pose_estimator:/home/serch/xarm_ws/install/image_converter:/home/serch/ros2_ws/install/robot_controller_pkg:/home/serch/ros2_ws/install/Coppelia_RC:/opt/ros/humble LD_LIBRARY_PATH=/home/serch/xarm_ws/install/xarm_api/lib:/home/serch/xarm_ws/install/xarm_sdk/lib:/home/serch/xarm_ws/install/xarm_msgs/lib:/home/serch/xarm_ws/install/xarm_planner/lib:/home/serch/xarm_ws/install/xarm_moveit_servo/lib:/home/serch/xarm_ws/install/xarm_gazebo/lib:/home/serch/xarm_ws/install/xarm_controller/lib:/home/serch/xarm_ws/install/realsense_gazebo_plugin/lib:/home/serch/VREP:/usr/lib/x86_64-linux-gnu/gazebo-11/plugins:/opt/ros/humble/opt/rviz_ogre_vendor/lib:/opt/ros/humble/lib/x86_64-linux-gnu:/opt/ros/humble/lib /usr/bin/cmake --install /home/serch/xarm_ws/build/xarm_controller
[0.150s] -- Install configuration: ""
[0.150s] -- Up-to-date: /home/serch/xarm_ws/install/xarm_controller/share/xarm_controller/uf_hardware_interface_plugins.xml
[0.150s] -- Up-to-date: /home/serch/xarm_ws/install/xarm_controller/include
[0.150s] -- Up-to-date: /home/serch/xarm_ws/install/xarm_controller/include/xarm_controller
[0.150s] -- Up-to-date: /home/serch/xarm_ws/install/xarm_controller/include/xarm_controller/hardware
[0.150s] -- Up-to-date: /home/serch/xarm_ws/install/xarm_controller/include/xarm_controller/hardware/uf_robot_fake_system_hardware.h
[0.150s] -- Up-to-date: /home/serch/xarm_ws/install/xarm_controller/include/xarm_controller/hardware/uf_robot_system_hardware.h
[0.150s] -- Up-to-date: /home/serch/xarm_ws/install/xarm_controller/lib/libuf_robot_hardware.so
[0.150s] -- Up-to-date: /home/serch/xarm_ws/install/xarm_controller/share/xarm_controller//launch
[0.150s] -- Up-to-date: /home/serch/xarm_ws/install/xarm_controller/share/xarm_controller//launch/xarm5_control_rviz_display.launch.py
[0.150s] -- Up-to-date: /home/serch/xarm_ws/install/xarm_controller/share/xarm_controller//launch/_dual_ros2_control.launch.py
[0.150s] -- Up-to-date: /home/serch/xarm_ws/install/xarm_controller/share/xarm_controller//launch/xarm7_mirror_control_rviz_display.launch.py
[0.151s] -- Up-to-date: /home/serch/xarm_ws/install/xarm_controller/share/xarm_controller//launch/xarm6_control_rviz_display.launch.py
[0.151s] -- Up-to-date: /home/serch/xarm_ws/install/xarm_controller/share/xarm_controller//launch/lib
[0.151s] -- Up-to-date: /home/serch/xarm_ws/install/xarm_controller/share/xarm_controller//launch/lib/robot_controller_lib.py
[0.151s] -- Up-to-date: /home/serch/xarm_ws/install/xarm_controller/share/xarm_controller//launch/lite6_control_rviz_display.launch.py
[0.151s] -- Up-to-date: /home/serch/xarm_ws/install/xarm_controller/share/xarm_controller//launch/xarm7_control_rviz_display.launch.py
[0.151s] -- Up-to-date: /home/serch/xarm_ws/install/xarm_controller/share/xarm_controller//launch/_robot_ros2_control.launch.py
[0.151s] -- Up-to-date: /home/serch/xarm_ws/install/xarm_controller/share/xarm_controller//launch/uf850_control_rviz_display.launch.py
[0.151s] -- Up-to-date: /home/serch/xarm_ws/install/xarm_controller/share/xarm_controller//launch/_ros2_control.launch.py
[0.151s] -- Up-to-date: /home/serch/xarm_ws/install/xarm_controller/share/xarm_controller//config
[0.151s] -- Up-to-date: /home/serch/xarm_ws/install/xarm_controller/share/xarm_controller//config/xarm7_mirror_gripper_controllers.yaml
[0.151s] -- Up-to-date: /home/serch/xarm_ws/install/xarm_controller/share/xarm_controller//config/xarm7_controllers.yaml
[0.151s] -- Up-to-date: /home/serch/xarm_ws/install/xarm_controller/share/xarm_controller//config/uf850_gripper_controllers.yaml
[0.151s] -- Up-to-date: /home/serch/xarm_ws/install/xarm_controller/share/xarm_controller//config/lite6_controllers.yaml
[0.152s] -- Up-to-date: /home/serch/xarm_ws/install/xarm_controller/share/xarm_controller//config/uf850_controllers.yaml
[0.152s] -- Up-to-date: /home/serch/xarm_ws/install/xarm_controller/share/xarm_controller//config/bio_gripper_controllers.yaml
[0.152s] -- Up-to-date: /home/serch/xarm_ws/install/xarm_controller/share/xarm_controller//config/xarm7_mirror_controllers.yaml
[0.152s] -- Up-to-date: /home/serch/xarm_ws/install/xarm_controller/share/xarm_controller//config/xarm_gripper_controllers.yaml
[0.152s] -- Up-to-date: /home/serch/xarm_ws/install/xarm_controller/share/xarm_controller//config/xarm6_controllers.yaml
[0.152s] -- Up-to-date: /home/serch/xarm_ws/install/xarm_controller/share/xarm_controller//config/xarm5_controllers.yaml
[0.152s] -- Up-to-date: /home/serch/xarm_ws/install/xarm_controller/share/xarm_controller/environment/library_path.sh
[0.152s] -- Up-to-date: /home/serch/xarm_ws/install/xarm_controller/share/xarm_controller/environment/library_path.dsv
[0.152s] -- Up-to-date: /home/serch/xarm_ws/install/xarm_controller/share/ament_index/resource_index/package_run_dependencies/xarm_controller
[0.152s] -- Up-to-date: /home/serch/xarm_ws/install/xarm_controller/share/ament_index/resource_index/parent_prefix_path/xarm_controller
[0.152s] -- Up-to-date: /home/serch/xarm_ws/install/xarm_controller/share/xarm_controller/environment/ament_prefix_path.sh
[0.152s] -- Up-to-date: /home/serch/xarm_ws/install/xarm_controller/share/xarm_controller/environment/ament_prefix_path.dsv
[0.152s] -- Up-to-date: /home/serch/xarm_ws/install/xarm_controller/share/xarm_controller/environment/path.sh
[0.152s] -- Up-to-date: /home/serch/xarm_ws/install/xarm_controller/share/xarm_controller/environment/path.dsv
[0.153s] -- Up-to-date: /home/serch/xarm_ws/install/xarm_controller/share/xarm_controller/local_setup.bash
[0.153s] -- Up-to-date: /home/serch/xarm_ws/install/xarm_controller/share/xarm_controller/local_setup.sh
[0.153s] -- Up-to-date: /home/serch/xarm_ws/install/xarm_controller/share/xarm_controller/local_setup.zsh
[0.153s] -- Up-to-date: /home/serch/xarm_ws/install/xarm_controller/share/xarm_controller/local_setup.dsv
[0.153s] -- Installing: /home/serch/xarm_ws/install/xarm_controller/share/xarm_controller/package.dsv
[0.153s] -- Up-to-date: /home/serch/xarm_ws/install/xarm_controller/share/ament_index/resource_index/packages/xarm_controller
[0.153s] -- Up-to-date: /home/serch/xarm_ws/install/xarm_controller/share/ament_index/resource_index/hardware_interface__pluginlib__plugin/xarm_controller
[0.153s] -- Up-to-date: /home/serch/xarm_ws/install/xarm_controller/share/xarm_controller/cmake/ament_cmake_export_include_directories-extras.cmake
[0.153s] -- Up-to-date: /home/serch/xarm_ws/install/xarm_controller/share/xarm_controller/cmake/ament_cmake_export_libraries-extras.cmake
[0.153s] -- Up-to-date: /home/serch/xarm_ws/install/xarm_controller/share/xarm_controller/cmake/ament_cmake_export_dependencies-extras.cmake
[0.153s] -- Up-to-date: /home/serch/xarm_ws/install/xarm_controller/share/xarm_controller/cmake/xarm_controllerConfig.cmake
[0.153s] -- Up-to-date: /home/serch/xarm_ws/install/xarm_controller/share/xarm_controller/cmake/xarm_controllerConfig-version.cmake
[0.153s] -- Up-to-date: /home/serch/xarm_ws/install/xarm_controller/share/xarm_controller/package.xml
[0.155s] Invoked command in '/home/serch/xarm_ws/build/xarm_controller' returned '0': CMAKE_PREFIX_PATH=/home/serch/xarm_ws/install/xarm_api:/home/serch/xarm_ws/install/xarm_sdk:/home/serch/xarm_ws/install/xarm_msgs:/home/serch/xarm_ws/install/xarm_description:/home/serch/xarm_ws/install/xarm_planner:/home/serch/xarm_ws/install/xarm_moveit_servo:/home/serch/xarm_ws/install/xarm_moveit_config:/home/serch/xarm_ws/install/xarm_gazebo:/home/serch/xarm_ws/install/xarm_controller:/home/serch/xarm_ws/install/realsense_gazebo_plugin:/home/serch/xarm_ws/install/mbot_demo:/home/serch/xarm_ws/install/azure_kinect_ros_driver:/home/serch/VREP:/home/serch/xarm_ws/install/vision_xarm:/home/serch/xarm_ws/install/uf_ros_lib:/home/serch/xarm_ws/install/pose_estimator:/home/serch/xarm_ws/install/image_converter:/home/serch/ros2_ws/install/robot_controller_pkg:/home/serch/ros2_ws/install/Coppelia_RC:/opt/ros/humble LD_LIBRARY_PATH=/home/serch/xarm_ws/install/xarm_api/lib:/home/serch/xarm_ws/install/xarm_sdk/lib:/home/serch/xarm_ws/install/xarm_msgs/lib:/home/serch/xarm_ws/install/xarm_planner/lib:/home/serch/xarm_ws/install/xarm_moveit_servo/lib:/home/serch/xarm_ws/install/xarm_gazebo/lib:/home/serch/xarm_ws/install/xarm_controller/lib:/home/serch/xarm_ws/install/realsense_gazebo_plugin/lib:/home/serch/VREP:/usr/lib/x86_64-linux-gnu/gazebo-11/plugins:/opt/ros/humble/opt/rviz_ogre_vendor/lib:/opt/ros/humble/lib/x86_64-linux-gnu:/opt/ros/humble/lib /usr/bin/cmake --install /home/serch/xarm_ws/build/xarm_controller
