[1.378s] Invoking command in '/home/serch/xarm_ws/src/pose_estimator': PYTHONPATH=/home/serch/xarm_ws/build/pose_estimator/prefix_override:/usr/lib/python3/dist-packages/colcon_core/task/python/colcon_distutils_commands:/home/serch/xarm_ws/install/pose_estimator/lib/python3.10/site-packages:${PYTHONPATH} /usr/bin/python3 -W ignore:setup.py install is deprecated -W ignore:easy_install command is deprecated setup.py egg_info --egg-base ../../build/pose_estimator build --build-base /home/serch/xarm_ws/build/pose_estimator/build install --record /home/serch/xarm_ws/build/pose_estimator/install.log --single-version-externally-managed install_data
[1.583s] running egg_info
[1.584s] writing ../../build/pose_estimator/pose_estimator.egg-info/PKG-INFO
[1.584s] writing dependency_links to ../../build/pose_estimator/pose_estimator.egg-info/dependency_links.txt
[1.584s] writing entry points to ../../build/pose_estimator/pose_estimator.egg-info/entry_points.txt
[1.584s] writing requirements to ../../build/pose_estimator/pose_estimator.egg-info/requires.txt
[1.584s] writing top-level names to ../../build/pose_estimator/pose_estimator.egg-info/top_level.txt
[1.586s] reading manifest file '../../build/pose_estimator/pose_estimator.egg-info/SOURCES.txt'
[1.586s] adding license file 'LICENSE'
[1.586s] writing manifest file '../../build/pose_estimator/pose_estimator.egg-info/SOURCES.txt'
[1.586s] running build
[1.586s] running build_py
[1.586s] running install
[1.586s] running install_lib
[1.587s] running install_data
[1.587s] running install_egg_info
[1.589s] removing '/home/serch/xarm_ws/install/pose_estimator/lib/python3.10/site-packages/pose_estimator-0.0.0-py3.10.egg-info' (and everything under it)
[1.589s] Copying ../../build/pose_estimator/pose_estimator.egg-info to /home/serch/xarm_ws/install/pose_estimator/lib/python3.10/site-packages/pose_estimator-0.0.0-py3.10.egg-info
[1.590s] running install_scripts
[1.605s] Installing match_pointcloud script to /home/serch/xarm_ws/install/pose_estimator/lib/pose_estimator
[1.606s] writing list of installed files to '/home/serch/xarm_ws/build/pose_estimator/install.log'
[1.627s] Invoked command in '/home/serch/xarm_ws/src/pose_estimator' returned '0': PYTHONPATH=/home/serch/xarm_ws/build/pose_estimator/prefix_override:/usr/lib/python3/dist-packages/colcon_core/task/python/colcon_distutils_commands:/home/serch/xarm_ws/install/pose_estimator/lib/python3.10/site-packages:${PYTHONPATH} /usr/bin/python3 -W ignore:setup.py install is deprecated -W ignore:easy_install command is deprecated setup.py egg_info --egg-base ../../build/pose_estimator build --build-base /home/serch/xarm_ws/build/pose_estimator/build install --record /home/serch/xarm_ws/build/pose_estimator/install.log --single-version-externally-managed install_data
