[0.015s] Invoking command in '/home/serch/xarm_ws/build/xarm_controller': AMENT_PREFIX_PATH=/home/serch/xarm_ws/install/xarm_api:/home/serch/xarm_ws/install/xarm_sdk:/home/serch/xarm_ws/install/xarm_msgs:/home/serch/xarm_ws/install/xarm_description:${AMENT_PREFIX_PATH} CMAKE_PREFIX_PATH=/home/serch/xarm_ws/install/xarm_api:/home/serch/xarm_ws/install/xarm_sdk:/home/serch/xarm_ws/install/xarm_msgs:/home/serch/xarm_ws/install/xarm_description:/home/serch/VREP:/home/serch/ros2_ws/install/robot_controller_pkg:/home/serch/ros2_ws/install/Coppelia_RC:/opt/ros/humble LD_LIBRARY_PATH=/home/serch/xarm_ws/install/xarm_api/lib:/home/serch/xarm_ws/install/xarm_sdk/lib:/home/serch/xarm_ws/install/xarm_msgs/lib:${LD_LIBRARY_PATH} PYTHONPATH=/home/serch/xarm_ws/install/xarm_msgs/local/lib/python3.10/dist-packages:${PYTHONPATH} /usr/bin/cmake /home/serch/xarm_ws/src/xarm_ros2/xarm_controller -DCMAKE_INSTALL_PREFIX=/home/serch/xarm_ws/install/xarm_controller
[0.062s] -- The C compiler identification is GNU 11.4.0
[0.104s] -- The CXX compiler identification is GNU 11.4.0
[0.110s] -- Detecting C compiler ABI info
[0.174s] -- Detecting C compiler ABI info - done
[0.178s] -- Check for working C compiler: /usr/bin/cc - skipped
[0.179s] -- Detecting C compile features
[0.179s] -- Detecting C compile features - done
[0.181s] -- Detecting CXX compiler ABI info
[0.249s] -- Detecting CXX compiler ABI info - done
[0.253s] -- Check for working CXX compiler: /usr/bin/c++ - skipped
[0.254s] -- Detecting CXX compile features
[0.254s] -- Detecting CXX compile features - done
[0.256s] -- Found ament_cmake: 1.3.11 (/opt/ros/humble/share/ament_cmake/cmake)
[0.372s] -- Found Python3: /usr/bin/python3 (found version "3.10.12") found components: Interpreter 
[0.441s] -- Found ament_lint_auto: 0.12.12 (/opt/ros/humble/share/ament_lint_auto/cmake)
[0.503s] -- Found hardware_interface: 2.50.0 (/opt/ros/humble/share/hardware_interface/cmake)
[0.538s] -- Found rosidl_generator_c: 3.1.6 (/opt/ros/humble/share/rosidl_generator_c/cmake)
[0.542s] -- Found rosidl_adapter: 3.1.6 (/opt/ros/humble/share/rosidl_adapter/cmake)
[0.549s] -- Found rosidl_generator_cpp: 3.1.6 (/opt/ros/humble/share/rosidl_generator_cpp/cmake)
[0.558s] -- Using all available rosidl_typesupport_c: rosidl_typesupport_fastrtps_c;rosidl_typesupport_introspection_c
[0.571s] -- Using all available rosidl_typesupport_cpp: rosidl_typesupport_fastrtps_cpp;rosidl_typesupport_introspection_cpp
[0.731s] -- Found rmw_implementation_cmake: 6.1.2 (/opt/ros/humble/share/rmw_implementation_cmake/cmake)
[0.734s] -- Found rmw_fastrtps_cpp: 6.2.7 (/opt/ros/humble/share/rmw_fastrtps_cpp/cmake)
[0.754s] -- Found TinyXML2 via Config file: TinyXML2_DIR-NOTFOUND
[0.809s] -- Found OpenSSL: /usr/lib/x86_64-linux-gnu/libcrypto.so (found version "3.0.2")  
[0.810s] -- Found TinyXML2 via Config file: TinyXML2_DIR-NOTFOUND
[0.822s] -- Found FastRTPS: /opt/ros/humble/include  
[0.824s] -- Found TinyXML2 via Config file: TinyXML2_DIR-NOTFOUND
[0.831s] -- Found TinyXML2 via Config file: TinyXML2_DIR-NOTFOUND
[0.839s] -- Using RMW implementation 'rmw_fastrtps_cpp' as default
[0.847s] -- Looking for pthread.h
[0.913s] -- Looking for pthread.h - found
[0.914s] -- Performing Test CMAKE_HAVE_LIBC_PTHREAD
[0.982s] -- Performing Test CMAKE_HAVE_LIBC_PTHREAD - Success
[0.982s] -- Found Threads: TRUE  
[1.017s] -- Found rclcpp_action: 16.0.12 (/opt/ros/humble/share/rclcpp_action/cmake)
[1.026s] -- Found controller_manager_msgs: 2.50.0 (/opt/ros/humble/share/controller_manager_msgs/cmake)
[1.038s] -- Found xarm_msgs: 0.0.0 (/home/serch/xarm_ws/install/xarm_msgs/share/xarm_msgs/cmake)
[1.047s] -- Found xarm_api: 0.0.0 (/home/serch/xarm_ws/install/xarm_api/share/xarm_api/cmake)
[1.048s] -- Found xarm_sdk: 0.0.0 (/home/serch/xarm_ws/install/xarm_sdk/share/xarm_sdk/cmake)
[1.056s] -- Added test 'copyright' to check source files copyright and LICENSE
[1.059s] -- Added test 'cppcheck' to perform static code analysis on C / C++ code
[1.059s] -- Configured cppcheck include dirs: /home/serch/xarm_ws/src/xarm_ros2/xarm_controller/include
[1.059s] -- Configured cppcheck exclude dirs and/or files: 
[1.061s] -- Added test 'cpplint' to check C / C++ code against the Google style
[1.061s] -- Configured cpplint exclude dirs and/or files: 
[1.061s] -- Added test 'flake8' to check Python code syntax and style conventions
[1.062s] -- Added test 'lint_cmake' to check CMake code style
[1.062s] -- Added test 'pep257' to check Python code against some of the docstring style conventions in PEP 257
[1.064s] -- Added test 'uncrustify' to check C / C++ code style
[1.064s] -- Configured uncrustify additional arguments: 
[1.064s] -- Added test 'xmllint' to check XML markup files
[1.068s] -- Configuring done
[1.092s] -- Generating done
[1.095s] -- Build files have been written to: /home/serch/xarm_ws/build/xarm_controller
[1.104s] Invoked command in '/home/serch/xarm_ws/build/xarm_controller' returned '0': AMENT_PREFIX_PATH=/home/serch/xarm_ws/install/xarm_api:/home/serch/xarm_ws/install/xarm_sdk:/home/serch/xarm_ws/install/xarm_msgs:/home/serch/xarm_ws/install/xarm_description:${AMENT_PREFIX_PATH} CMAKE_PREFIX_PATH=/home/serch/xarm_ws/install/xarm_api:/home/serch/xarm_ws/install/xarm_sdk:/home/serch/xarm_ws/install/xarm_msgs:/home/serch/xarm_ws/install/xarm_description:/home/serch/VREP:/home/serch/ros2_ws/install/robot_controller_pkg:/home/serch/ros2_ws/install/Coppelia_RC:/opt/ros/humble LD_LIBRARY_PATH=/home/serch/xarm_ws/install/xarm_api/lib:/home/serch/xarm_ws/install/xarm_sdk/lib:/home/serch/xarm_ws/install/xarm_msgs/lib:${LD_LIBRARY_PATH} PYTHONPATH=/home/serch/xarm_ws/install/xarm_msgs/local/lib/python3.10/dist-packages:${PYTHONPATH} /usr/bin/cmake /home/serch/xarm_ws/src/xarm_ros2/xarm_controller -DCMAKE_INSTALL_PREFIX=/home/serch/xarm_ws/install/xarm_controller
[1.105s] Invoking command in '/home/serch/xarm_ws/build/xarm_controller': AMENT_PREFIX_PATH=/home/serch/xarm_ws/install/xarm_api:/home/serch/xarm_ws/install/xarm_sdk:/home/serch/xarm_ws/install/xarm_msgs:/home/serch/xarm_ws/install/xarm_description:${AMENT_PREFIX_PATH} CMAKE_PREFIX_PATH=/home/serch/xarm_ws/install/xarm_api:/home/serch/xarm_ws/install/xarm_sdk:/home/serch/xarm_ws/install/xarm_msgs:/home/serch/xarm_ws/install/xarm_description:/home/serch/VREP:/home/serch/ros2_ws/install/robot_controller_pkg:/home/serch/ros2_ws/install/Coppelia_RC:/opt/ros/humble LD_LIBRARY_PATH=/home/serch/xarm_ws/install/xarm_api/lib:/home/serch/xarm_ws/install/xarm_sdk/lib:/home/serch/xarm_ws/install/xarm_msgs/lib:${LD_LIBRARY_PATH} PYTHONPATH=/home/serch/xarm_ws/install/xarm_msgs/local/lib/python3.10/dist-packages:${PYTHONPATH} /usr/bin/cmake --build /home/serch/xarm_ws/build/xarm_controller -- -j16 -l16
[1.151s] [ 33%] [32mBuilding CXX object CMakeFiles/uf_robot_hardware.dir/src/hardware/uf_robot_system_hardware.cpp.o[0m
[1.151s] [ 66%] [32mBuilding CXX object CMakeFiles/uf_robot_hardware.dir/src/hardware/uf_robot_fake_system_hardware.cpp.o[0m
[6.897s] [100%] [32m[1mLinking CXX shared library libuf_robot_hardware.so[0m
[7.630s] [100%] Built target uf_robot_hardware
[7.641s] Invoked command in '/home/serch/xarm_ws/build/xarm_controller' returned '0': AMENT_PREFIX_PATH=/home/serch/xarm_ws/install/xarm_api:/home/serch/xarm_ws/install/xarm_sdk:/home/serch/xarm_ws/install/xarm_msgs:/home/serch/xarm_ws/install/xarm_description:${AMENT_PREFIX_PATH} CMAKE_PREFIX_PATH=/home/serch/xarm_ws/install/xarm_api:/home/serch/xarm_ws/install/xarm_sdk:/home/serch/xarm_ws/install/xarm_msgs:/home/serch/xarm_ws/install/xarm_description:/home/serch/VREP:/home/serch/ros2_ws/install/robot_controller_pkg:/home/serch/ros2_ws/install/Coppelia_RC:/opt/ros/humble LD_LIBRARY_PATH=/home/serch/xarm_ws/install/xarm_api/lib:/home/serch/xarm_ws/install/xarm_sdk/lib:/home/serch/xarm_ws/install/xarm_msgs/lib:${LD_LIBRARY_PATH} PYTHONPATH=/home/serch/xarm_ws/install/xarm_msgs/local/lib/python3.10/dist-packages:${PYTHONPATH} /usr/bin/cmake --build /home/serch/xarm_ws/build/xarm_controller -- -j16 -l16
[7.643s] Invoking command in '/home/serch/xarm_ws/build/xarm_controller': AMENT_PREFIX_PATH=/home/serch/xarm_ws/install/xarm_api:/home/serch/xarm_ws/install/xarm_sdk:/home/serch/xarm_ws/install/xarm_msgs:/home/serch/xarm_ws/install/xarm_description:${AMENT_PREFIX_PATH} CMAKE_PREFIX_PATH=/home/serch/xarm_ws/install/xarm_api:/home/serch/xarm_ws/install/xarm_sdk:/home/serch/xarm_ws/install/xarm_msgs:/home/serch/xarm_ws/install/xarm_description:/home/serch/VREP:/home/serch/ros2_ws/install/robot_controller_pkg:/home/serch/ros2_ws/install/Coppelia_RC:/opt/ros/humble LD_LIBRARY_PATH=/home/serch/xarm_ws/install/xarm_api/lib:/home/serch/xarm_ws/install/xarm_sdk/lib:/home/serch/xarm_ws/install/xarm_msgs/lib:${LD_LIBRARY_PATH} PYTHONPATH=/home/serch/xarm_ws/install/xarm_msgs/local/lib/python3.10/dist-packages:${PYTHONPATH} /usr/bin/cmake --install /home/serch/xarm_ws/build/xarm_controller
[7.648s] -- Install configuration: ""
[7.648s] -- Installing: /home/serch/xarm_ws/install/xarm_controller/share/xarm_controller/uf_hardware_interface_plugins.xml
[7.649s] -- Installing: /home/serch/xarm_ws/install/xarm_controller/include
[7.649s] -- Installing: /home/serch/xarm_ws/install/xarm_controller/include/xarm_controller
[7.649s] -- Installing: /home/serch/xarm_ws/install/xarm_controller/include/xarm_controller/hardware
[7.649s] -- Installing: /home/serch/xarm_ws/install/xarm_controller/include/xarm_controller/hardware/uf_robot_fake_system_hardware.h
[7.649s] -- Installing: /home/serch/xarm_ws/install/xarm_controller/include/xarm_controller/hardware/uf_robot_system_hardware.h
[7.650s] -- Installing: /home/serch/xarm_ws/install/xarm_controller/lib/libuf_robot_hardware.so
[7.653s] -- Set runtime path of "/home/serch/xarm_ws/install/xarm_controller/lib/libuf_robot_hardware.so" to ""
[7.653s] -- Installing: /home/serch/xarm_ws/install/xarm_controller/share/xarm_controller//launch
[7.653s] -- Installing: /home/serch/xarm_ws/install/xarm_controller/share/xarm_controller//launch/xarm5_control_rviz_display.launch.py
[7.654s] -- Installing: /home/serch/xarm_ws/install/xarm_controller/share/xarm_controller//launch/_dual_ros2_control.launch.py
[7.654s] -- Installing: /home/serch/xarm_ws/install/xarm_controller/share/xarm_controller//launch/xarm7_mirror_control_rviz_display.launch.py
[7.654s] -- Installing: /home/serch/xarm_ws/install/xarm_controller/share/xarm_controller//launch/xarm6_control_rviz_display.launch.py
[7.655s] -- Installing: /home/serch/xarm_ws/install/xarm_controller/share/xarm_controller//launch/lib
[7.655s] -- Installing: /home/serch/xarm_ws/install/xarm_controller/share/xarm_controller//launch/lib/robot_controller_lib.py
[7.655s] -- Installing: /home/serch/xarm_ws/install/xarm_controller/share/xarm_controller//launch/lite6_control_rviz_display.launch.py
[7.656s] -- Installing: /home/serch/xarm_ws/install/xarm_controller/share/xarm_controller//launch/xarm7_control_rviz_display.launch.py
[7.656s] -- Installing: /home/serch/xarm_ws/install/xarm_controller/share/xarm_controller//launch/_robot_ros2_control.launch.py
[7.656s] -- Installing: /home/serch/xarm_ws/install/xarm_controller/share/xarm_controller//launch/uf850_control_rviz_display.launch.py
[7.657s] -- Installing: /home/serch/xarm_ws/install/xarm_controller/share/xarm_controller//launch/_ros2_control.launch.py
[7.657s] -- Installing: /home/serch/xarm_ws/install/xarm_controller/share/xarm_controller//config
[7.657s] -- Installing: /home/serch/xarm_ws/install/xarm_controller/share/xarm_controller//config/xarm7_mirror_gripper_controllers.yaml
[7.657s] -- Installing: /home/serch/xarm_ws/install/xarm_controller/share/xarm_controller//config/xarm7_controllers.yaml
[7.658s] -- Installing: /home/serch/xarm_ws/install/xarm_controller/share/xarm_controller//config/uf850_gripper_controllers.yaml
[7.658s] -- Installing: /home/serch/xarm_ws/install/xarm_controller/share/xarm_controller//config/lite6_controllers.yaml
[7.658s] -- Installing: /home/serch/xarm_ws/install/xarm_controller/share/xarm_controller//config/uf850_controllers.yaml
[7.659s] -- Installing: /home/serch/xarm_ws/install/xarm_controller/share/xarm_controller//config/bio_gripper_controllers.yaml
[7.659s] -- Installing: /home/serch/xarm_ws/install/xarm_controller/share/xarm_controller//config/xarm7_mirror_controllers.yaml
[7.659s] -- Installing: /home/serch/xarm_ws/install/xarm_controller/share/xarm_controller//config/xarm_gripper_controllers.yaml
[7.660s] -- Installing: /home/serch/xarm_ws/install/xarm_controller/share/xarm_controller//config/xarm6_controllers.yaml
[7.660s] -- Installing: /home/serch/xarm_ws/install/xarm_controller/share/xarm_controller//config/xarm5_controllers.yaml
[7.661s] -- Installing: /home/serch/xarm_ws/install/xarm_controller/share/xarm_controller/environment/library_path.sh
[7.661s] -- Installing: /home/serch/xarm_ws/install/xarm_controller/share/xarm_controller/environment/library_path.dsv
[7.661s] -- Installing: /home/serch/xarm_ws/install/xarm_controller/share/ament_index/resource_index/package_run_dependencies/xarm_controller
[7.661s] -- Installing: /home/serch/xarm_ws/install/xarm_controller/share/ament_index/resource_index/parent_prefix_path/xarm_controller
[7.661s] -- Installing: /home/serch/xarm_ws/install/xarm_controller/share/xarm_controller/environment/ament_prefix_path.sh
[7.661s] -- Installing: /home/serch/xarm_ws/install/xarm_controller/share/xarm_controller/environment/ament_prefix_path.dsv
[7.661s] -- Installing: /home/serch/xarm_ws/install/xarm_controller/share/xarm_controller/environment/path.sh
[7.661s] -- Installing: /home/serch/xarm_ws/install/xarm_controller/share/xarm_controller/environment/path.dsv
[7.662s] -- Installing: /home/serch/xarm_ws/install/xarm_controller/share/xarm_controller/local_setup.bash
[7.662s] -- Installing: /home/serch/xarm_ws/install/xarm_controller/share/xarm_controller/local_setup.sh
[7.662s] -- Installing: /home/serch/xarm_ws/install/xarm_controller/share/xarm_controller/local_setup.zsh
[7.662s] -- Installing: /home/serch/xarm_ws/install/xarm_controller/share/xarm_controller/local_setup.dsv
[7.662s] -- Installing: /home/serch/xarm_ws/install/xarm_controller/share/xarm_controller/package.dsv
[7.662s] -- Installing: /home/serch/xarm_ws/install/xarm_controller/share/ament_index/resource_index/packages/xarm_controller
[7.662s] -- Installing: /home/serch/xarm_ws/install/xarm_controller/share/ament_index/resource_index/hardware_interface__pluginlib__plugin/xarm_controller
[7.663s] -- Installing: /home/serch/xarm_ws/install/xarm_controller/share/xarm_controller/cmake/ament_cmake_export_include_directories-extras.cmake
[7.663s] -- Installing: /home/serch/xarm_ws/install/xarm_controller/share/xarm_controller/cmake/ament_cmake_export_libraries-extras.cmake
[7.663s] -- Installing: /home/serch/xarm_ws/install/xarm_controller/share/xarm_controller/cmake/ament_cmake_export_dependencies-extras.cmake
[7.663s] -- Installing: /home/serch/xarm_ws/install/xarm_controller/share/xarm_controller/cmake/xarm_controllerConfig.cmake
[7.663s] -- Installing: /home/serch/xarm_ws/install/xarm_controller/share/xarm_controller/cmake/xarm_controllerConfig-version.cmake
[7.663s] -- Installing: /home/serch/xarm_ws/install/xarm_controller/share/xarm_controller/package.xml
[7.665s] Invoked command in '/home/serch/xarm_ws/build/xarm_controller' returned '0': AMENT_PREFIX_PATH=/home/serch/xarm_ws/install/xarm_api:/home/serch/xarm_ws/install/xarm_sdk:/home/serch/xarm_ws/install/xarm_msgs:/home/serch/xarm_ws/install/xarm_description:${AMENT_PREFIX_PATH} CMAKE_PREFIX_PATH=/home/serch/xarm_ws/install/xarm_api:/home/serch/xarm_ws/install/xarm_sdk:/home/serch/xarm_ws/install/xarm_msgs:/home/serch/xarm_ws/install/xarm_description:/home/serch/VREP:/home/serch/ros2_ws/install/robot_controller_pkg:/home/serch/ros2_ws/install/Coppelia_RC:/opt/ros/humble LD_LIBRARY_PATH=/home/serch/xarm_ws/install/xarm_api/lib:/home/serch/xarm_ws/install/xarm_sdk/lib:/home/serch/xarm_ws/install/xarm_msgs/lib:${LD_LIBRARY_PATH} PYTHONPATH=/home/serch/xarm_ws/install/xarm_msgs/local/lib/python3.10/dist-packages:${PYTHONPATH} /usr/bin/cmake --install /home/serch/xarm_ws/build/xarm_controller
