/home/serch/xarm_ws/install/image_converter/lib/python3.10/site-packages/image_converter/__init__.py
/home/serch/xarm_ws/install/image_converter/lib/python3.10/site-packages/image_converter/pointcloud_generator.py
/home/serch/xarm_ws/install/image_converter/lib/python3.10/site-packages/image_converter/image_to_rgbd.py
/home/serch/xarm_ws/install/image_converter/lib/python3.10/site-packages/image_converter/rgbd_to_pc.py
/home/serch/xarm_ws/install/image_converter/lib/python3.10/site-packages/image_converter/__pycache__/__init__.cpython-310.pyc
/home/serch/xarm_ws/install/image_converter/lib/python3.10/site-packages/image_converter/__pycache__/pointcloud_generator.cpython-310.pyc
/home/serch/xarm_ws/install/image_converter/lib/python3.10/site-packages/image_converter/__pycache__/image_to_rgbd.cpython-310.pyc
/home/serch/xarm_ws/install/image_converter/lib/python3.10/site-packages/image_converter/__pycache__/rgbd_to_pc.cpython-310.pyc
/home/serch/xarm_ws/install/image_converter/share/ament_index/resource_index/packages/image_converter
/home/serch/xarm_ws/install/image_converter/share/image_converter/package.xml
/home/serch/xarm_ws/install/image_converter/lib/python3.10/site-packages/image_converter-0.0.0-py3.10.egg-info/zip-safe
/home/serch/xarm_ws/install/image_converter/lib/python3.10/site-packages/image_converter-0.0.0-py3.10.egg-info/entry_points.txt
/home/serch/xarm_ws/install/image_converter/lib/python3.10/site-packages/image_converter-0.0.0-py3.10.egg-info/top_level.txt
/home/serch/xarm_ws/install/image_converter/lib/python3.10/site-packages/image_converter-0.0.0-py3.10.egg-info/requires.txt
/home/serch/xarm_ws/install/image_converter/lib/python3.10/site-packages/image_converter-0.0.0-py3.10.egg-info/PKG-INFO
/home/serch/xarm_ws/install/image_converter/lib/python3.10/site-packages/image_converter-0.0.0-py3.10.egg-info/dependency_links.txt
/home/serch/xarm_ws/install/image_converter/lib/python3.10/site-packages/image_converter-0.0.0-py3.10.egg-info/SOURCES.txt
/home/serch/xarm_ws/install/image_converter/lib/image_converter/image_to_rgbd
/home/serch/xarm_ws/install/image_converter/lib/image_converter/point_cloud_gen
/home/serch/xarm_ws/install/image_converter/lib/image_converter/rgbd_to_pc
