running egg_info
creating ../../build/pose_estimator/pose_estimator.egg-info
writing ../../build/pose_estimator/pose_estimator.egg-info/PKG-INFO
writing dependency_links to ../../build/pose_estimator/pose_estimator.egg-info/dependency_links.txt
writing entry points to ../../build/pose_estimator/pose_estimator.egg-info/entry_points.txt
writing requirements to ../../build/pose_estimator/pose_estimator.egg-info/requires.txt
writing top-level names to ../../build/pose_estimator/pose_estimator.egg-info/top_level.txt
writing manifest file '../../build/pose_estimator/pose_estimator.egg-info/SOURCES.txt'
reading manifest file '../../build/pose_estimator/pose_estimator.egg-info/SOURCES.txt'
adding license file 'LICENSE'
writing manifest file '../../build/pose_estimator/pose_estimator.egg-info/SOURCES.txt'
running build
running build_py
creating /home/serch/xarm_ws/build/pose_estimator/build
creating /home/serch/xarm_ws/build/pose_estimator/build/lib
creating /home/serch/xarm_ws/build/pose_estimator/build/lib/pose_estimator
copying pose_estimator/__init__.py -> /home/serch/xarm_ws/build/pose_estimator/build/lib/pose_estimator
copying pose_estimator/pc_matcher.py -> /home/serch/xarm_ws/build/pose_estimator/build/lib/pose_estimator
running install
running install_lib
creating /home/serch/xarm_ws/install/pose_estimator/lib/python3.10/site-packages/pose_estimator
copying /home/serch/xarm_ws/build/pose_estimator/build/lib/pose_estimator/__init__.py -> /home/serch/xarm_ws/install/pose_estimator/lib/python3.10/site-packages/pose_estimator
copying /home/serch/xarm_ws/build/pose_estimator/build/lib/pose_estimator/pc_matcher.py -> /home/serch/xarm_ws/install/pose_estimator/lib/python3.10/site-packages/pose_estimator
byte-compiling /home/serch/xarm_ws/install/pose_estimator/lib/python3.10/site-packages/pose_estimator/__init__.py to __init__.cpython-310.pyc
byte-compiling /home/serch/xarm_ws/install/pose_estimator/lib/python3.10/site-packages/pose_estimator/pc_matcher.py to pc_matcher.cpython-310.pyc
running install_data
creating /home/serch/xarm_ws/install/pose_estimator/share/ament_index
creating /home/serch/xarm_ws/install/pose_estimator/share/ament_index/resource_index
creating /home/serch/xarm_ws/install/pose_estimator/share/ament_index/resource_index/packages
copying resource/pose_estimator -> /home/serch/xarm_ws/install/pose_estimator/share/ament_index/resource_index/packages
copying package.xml -> /home/serch/xarm_ws/install/pose_estimator/share/pose_estimator
running install_egg_info
Copying ../../build/pose_estimator/pose_estimator.egg-info to /home/serch/xarm_ws/install/pose_estimator/lib/python3.10/site-packages/pose_estimator-0.0.0-py3.10.egg-info
running install_scripts
Installing match_pointcloud script to /home/serch/xarm_ws/install/pose_estimator/lib/pose_estimator
writing list of installed files to '/home/serch/xarm_ws/build/pose_estimator/install.log'
