[2.044s] Invoking command in '/home/serch/xarm_ws/src/pose_estimator': PYTHONPATH=/home/serch/xarm_ws/build/pose_estimator/prefix_override:/usr/lib/python3/dist-packages/colcon_core/task/python/colcon_distutils_commands:/home/serch/xarm_ws/install/pose_estimator/lib/python3.10/site-packages:${PYTHONPATH} /usr/bin/python3 -W ignore:setup.py install is deprecated -W ignore:easy_install command is deprecated setup.py egg_info --egg-base ../../build/pose_estimator build --build-base /home/serch/xarm_ws/build/pose_estimator/build install --record /home/serch/xarm_ws/build/pose_estimator/install.log --single-version-externally-managed install_data
[2.482s] running egg_info
[2.483s] creating ../../build/pose_estimator/pose_estimator.egg-info
[2.483s] writing ../../build/pose_estimator/pose_estimator.egg-info/PKG-INFO
[2.484s] writing dependency_links to ../../build/pose_estimator/pose_estimator.egg-info/dependency_links.txt
[2.484s] writing entry points to ../../build/pose_estimator/pose_estimator.egg-info/entry_points.txt
[2.484s] writing requirements to ../../build/pose_estimator/pose_estimator.egg-info/requires.txt
[2.484s] writing top-level names to ../../build/pose_estimator/pose_estimator.egg-info/top_level.txt
[2.485s] writing manifest file '../../build/pose_estimator/pose_estimator.egg-info/SOURCES.txt'
[2.488s] reading manifest file '../../build/pose_estimator/pose_estimator.egg-info/SOURCES.txt'
[2.488s] adding license file 'LICENSE'
[2.494s] writing manifest file '../../build/pose_estimator/pose_estimator.egg-info/SOURCES.txt'
[2.494s] running build
[2.494s] running build_py
[2.494s] creating /home/serch/xarm_ws/build/pose_estimator/build
[2.495s] creating /home/serch/xarm_ws/build/pose_estimator/build/lib
[2.495s] creating /home/serch/xarm_ws/build/pose_estimator/build/lib/pose_estimator
[2.495s] copying pose_estimator/__init__.py -> /home/serch/xarm_ws/build/pose_estimator/build/lib/pose_estimator
[2.495s] copying pose_estimator/pc_matcher.py -> /home/serch/xarm_ws/build/pose_estimator/build/lib/pose_estimator
[2.497s] running install
[2.497s] running install_lib
[2.498s] creating /home/serch/xarm_ws/install/pose_estimator/lib/python3.10/site-packages/pose_estimator
[2.498s] copying /home/serch/xarm_ws/build/pose_estimator/build/lib/pose_estimator/__init__.py -> /home/serch/xarm_ws/install/pose_estimator/lib/python3.10/site-packages/pose_estimator
[2.499s] copying /home/serch/xarm_ws/build/pose_estimator/build/lib/pose_estimator/pc_matcher.py -> /home/serch/xarm_ws/install/pose_estimator/lib/python3.10/site-packages/pose_estimator
[2.500s] byte-compiling /home/serch/xarm_ws/install/pose_estimator/lib/python3.10/site-packages/pose_estimator/__init__.py to __init__.cpython-310.pyc
[2.500s] byte-compiling /home/serch/xarm_ws/install/pose_estimator/lib/python3.10/site-packages/pose_estimator/pc_matcher.py to pc_matcher.cpython-310.pyc
[2.507s] running install_data
[2.508s] creating /home/serch/xarm_ws/install/pose_estimator/share/ament_index
[2.508s] creating /home/serch/xarm_ws/install/pose_estimator/share/ament_index/resource_index
[2.508s] creating /home/serch/xarm_ws/install/pose_estimator/share/ament_index/resource_index/packages
[2.508s] copying resource/pose_estimator -> /home/serch/xarm_ws/install/pose_estimator/share/ament_index/resource_index/packages
[2.508s] copying package.xml -> /home/serch/xarm_ws/install/pose_estimator/share/pose_estimator
[2.509s] running install_egg_info
[2.512s] Copying ../../build/pose_estimator/pose_estimator.egg-info to /home/serch/xarm_ws/install/pose_estimator/lib/python3.10/site-packages/pose_estimator-0.0.0-py3.10.egg-info
[2.513s] running install_scripts
[2.548s] Installing match_pointcloud script to /home/serch/xarm_ws/install/pose_estimator/lib/pose_estimator
[2.549s] writing list of installed files to '/home/serch/xarm_ws/build/pose_estimator/install.log'
[2.624s] Invoked command in '/home/serch/xarm_ws/src/pose_estimator' returned '0': PYTHONPATH=/home/serch/xarm_ws/build/pose_estimator/prefix_override:/usr/lib/python3/dist-packages/colcon_core/task/python/colcon_distutils_commands:/home/serch/xarm_ws/install/pose_estimator/lib/python3.10/site-packages:${PYTHONPATH} /usr/bin/python3 -W ignore:setup.py install is deprecated -W ignore:easy_install command is deprecated setup.py egg_info --egg-base ../../build/pose_estimator build --build-base /home/serch/xarm_ws/build/pose_estimator/build install --record /home/serch/xarm_ws/build/pose_estimator/install.log --single-version-externally-managed install_data
