[0.032s] Invoking command in '/home/serch/xarm_ws/build/xarm_sdk': CMAKE_PREFIX_PATH=${CMAKE_PREFIX_PATH}:/home/serch/ros2_ws/install/robot_controller_pkg:/home/serch/ros2_ws/install/Coppelia_RC:/opt/ros/humble /usr/bin/cmake /home/serch/xarm_ws/src/xarm_ros2/xarm_sdk -DCMAKE_INSTALL_PREFIX=/home/serch/xarm_ws/install/xarm_sdk
[0.666s] -- The C compiler identification is GNU 11.4.0
[0.666s] -- The CXX compiler identification is GNU 11.4.0
[0.667s] -- Detecting C compiler ABI info
[0.667s] -- Detecting C compiler ABI info - done
[0.667s] -- Check for working C compiler: /usr/bin/cc - skipped
[0.667s] -- Detecting C compile features
[0.667s] -- Detecting C compile features - done
[0.667s] -- Detecting CXX compiler ABI info
[0.667s] -- Detecting CXX compiler ABI info - done
[0.667s] -- Check for working CXX compiler: /usr/bin/c++ - skipped
[0.667s] -- Detecting CXX compile features
[0.667s] -- Detecting CXX compile features - done
[0.667s] -- Found ament_cmake: 1.3.11 (/opt/ros/humble/share/ament_cmake/cmake)
[0.667s] -- Found Python3: /usr/bin/python3 (found version "3.10.12") found components: Interpreter 
[0.667s] -- Found ament_lint_auto: 0.12.12 (/opt/ros/humble/share/ament_lint_auto/cmake)
[0.667s] -- Added test 'copyright' to check source files copyright and LICENSE
[0.667s] -- Added test 'cppcheck' to perform static code analysis on C / C++ code
[0.667s] -- Configured cppcheck include dirs: /home/serch/xarm_ws/src/xarm_ros2/xarm_sdk/cxx/include
[0.667s] -- Configured cppcheck exclude dirs and/or files: 
[0.667s] -- Added test 'cpplint' to check C / C++ code against the Google style
[0.667s] -- Configured cpplint exclude dirs and/or files: 
[0.667s] -- Added test 'lint_cmake' to check CMake code style
[0.669s] -- Added test 'uncrustify' to check C / C++ code style
[0.669s] -- Configured uncrustify additional arguments: 
[0.669s] -- Added test 'xmllint' to check XML markup files
[0.669s] -- Configuring done
[0.675s] -- Generating done
[0.677s] -- Build files have been written to: /home/serch/xarm_ws/build/xarm_sdk
[0.893s] Invoked command in '/home/serch/xarm_ws/build/xarm_sdk' returned '0': CMAKE_PREFIX_PATH=${CMAKE_PREFIX_PATH}:/home/serch/ros2_ws/install/robot_controller_pkg:/home/serch/ros2_ws/install/Coppelia_RC:/opt/ros/humble /usr/bin/cmake /home/serch/xarm_ws/src/xarm_ros2/xarm_sdk -DCMAKE_INSTALL_PREFIX=/home/serch/xarm_ws/install/xarm_sdk
[0.896s] Invoking command in '/home/serch/xarm_ws/build/xarm_sdk': CMAKE_PREFIX_PATH=${CMAKE_PREFIX_PATH}:/home/serch/ros2_ws/install/robot_controller_pkg:/home/serch/ros2_ws/install/Coppelia_RC:/opt/ros/humble /usr/bin/cmake --build /home/serch/xarm_ws/build/xarm_sdk -- -j16 -l16
[0.950s] [  6%] [32mBuilding CXX object CMakeFiles/xarm_cxx_sdk.dir/cxx/src/serial/serial.cc.o[0m
[0.950s] [  6%] [32mBuilding CXX object CMakeFiles/xarm_cxx_sdk.dir/cxx/src/serial/impl/unix.cc.o[0m
[0.950s] [  9%] [32mBuilding CXX object CMakeFiles/xarm_cxx_sdk.dir/cxx/src/serial/impl/win.cc.o[0m
[0.951s] [ 12%] [32mBuilding CXX object CMakeFiles/xarm_cxx_sdk.dir/cxx/src/serial/impl/list_ports/list_ports_win.cc.o[0m
[0.951s] [ 15%] [32mBuilding CXX object CMakeFiles/xarm_cxx_sdk.dir/cxx/src/serial/impl/list_ports/list_ports_osx.cc.o[0m
[0.951s] [ 18%] [32mBuilding CXX object CMakeFiles/xarm_cxx_sdk.dir/cxx/src/xarm/core/common/crc16.cc.o[0m
[0.952s] [ 21%] [32mBuilding CXX object CMakeFiles/xarm_cxx_sdk.dir/cxx/src/serial/impl/list_ports/list_ports_linux.cc.o[0m
[0.954s] [ 25%] [32mBuilding CXX object CMakeFiles/xarm_cxx_sdk.dir/cxx/src/xarm/core/common/queue_memcpy.cc.o[0m
[0.958s] [ 28%] [32mBuilding CXX object CMakeFiles/xarm_cxx_sdk.dir/cxx/src/xarm/core/connect.cc.o[0m
[0.960s] [ 34%] [32mBuilding CXX object CMakeFiles/xarm_cxx_sdk.dir/cxx/src/xarm/core/debug/debug_print.cc.o[0m
[0.960s] [ 34%] [32mBuilding CXX object CMakeFiles/xarm_cxx_sdk.dir/cxx/src/xarm/core/instruction/uxbus_cmd.cc.o[0m
[0.981s] [ 37%] [32mBuilding CXX object CMakeFiles/xarm_cxx_sdk.dir/cxx/src/xarm/core/instruction/uxbus_cmd_tcp.cc.o[0m
[0.987s] [ 43%] [32mBuilding CXX object CMakeFiles/xarm_cxx_sdk.dir/cxx/src/xarm/core/report_data.cc.o[0m
[0.987s] [ 43%] [32mBuilding CXX object CMakeFiles/xarm_cxx_sdk.dir/cxx/src/xarm/core/port/ser.cc.o[0m
[0.988s] [ 46%] [32mBuilding CXX object CMakeFiles/xarm_cxx_sdk.dir/cxx/src/xarm/core/os/network.cc.o[0m
[0.991s] [ 50%] [32mBuilding CXX object CMakeFiles/xarm_cxx_sdk.dir/cxx/src/xarm/core/instruction/uxbus_cmd_ser.cc.o[0m
[0.998s] [ 53%] [32mBuilding CXX object CMakeFiles/xarm_cxx_sdk.dir/cxx/src/xarm/wrapper/xarm_bio.cc.o[0m
[0.998s] [ 56%] [32mBuilding CXX object CMakeFiles/xarm_cxx_sdk.dir/cxx/src/xarm/core/port/socket.cc.o[0m
[1.002s] [ 59%] [32mBuilding CXX object CMakeFiles/xarm_cxx_sdk.dir/cxx/src/xarm/wrapper/xarm_api.cc.o[0m
[1.030s] [ 62%] [32mBuilding CXX object CMakeFiles/xarm_cxx_sdk.dir/cxx/src/xarm/wrapper/xarm_events.cc.o[0m
[1.036s] [ 65%] [32mBuilding CXX object CMakeFiles/xarm_cxx_sdk.dir/cxx/src/xarm/wrapper/xarm_ft_sensor.cc.o[0m
[1.455s] [ 68%] [32mBuilding CXX object CMakeFiles/xarm_cxx_sdk.dir/cxx/src/xarm/wrapper/xarm_gpio.cc.o[0m
[1.499s] [ 71%] [32mBuilding CXX object CMakeFiles/xarm_cxx_sdk.dir/cxx/src/xarm/wrapper/xarm_gripper.cc.o[0m
[1.563s] [ 75%] [32mBuilding CXX object CMakeFiles/xarm_cxx_sdk.dir/cxx/src/xarm/wrapper/xarm_modbus_tcp.cc.o[0m
[1.635s] [ 78%] [32mBuilding CXX object CMakeFiles/xarm_cxx_sdk.dir/cxx/src/xarm/wrapper/xarm_motion.cc.o[0m
[1.671s] [ 81%] [32mBuilding CXX object CMakeFiles/xarm_cxx_sdk.dir/cxx/src/xarm/wrapper/xarm_params.cc.o[0m
[1.687s] [ 84%] [32mBuilding CXX object CMakeFiles/xarm_cxx_sdk.dir/cxx/src/xarm/wrapper/xarm_record.cc.o[0m
[1.737s] [ 87%] [32mBuilding CXX object CMakeFiles/xarm_cxx_sdk.dir/cxx/src/xarm/wrapper/xarm_report.cc.o[0m
[1.782s] [ 90%] [32mBuilding CXX object CMakeFiles/xarm_cxx_sdk.dir/cxx/src/xarm/wrapper/xarm_robotiq.cc.o[0m
[1.787s] [ 93%] [32mBuilding CXX object CMakeFiles/xarm_cxx_sdk.dir/cxx/src/xarm/wrapper/xarm_servo.cc.o[0m
[1.791s] [ 96%] [32mBuilding CXX object CMakeFiles/xarm_cxx_sdk.dir/cxx/src/xarm/wrapper/xarm_track.cc.o[0m
[4.278s] [100%] [32m[1mLinking CXX shared library libxarm_cxx_sdk.so[0m
[4.461s] [100%] Built target xarm_cxx_sdk
[4.473s] Invoked command in '/home/serch/xarm_ws/build/xarm_sdk' returned '0': CMAKE_PREFIX_PATH=${CMAKE_PREFIX_PATH}:/home/serch/ros2_ws/install/robot_controller_pkg:/home/serch/ros2_ws/install/Coppelia_RC:/opt/ros/humble /usr/bin/cmake --build /home/serch/xarm_ws/build/xarm_sdk -- -j16 -l16
[4.474s] Invoking command in '/home/serch/xarm_ws/build/xarm_sdk': CMAKE_PREFIX_PATH=${CMAKE_PREFIX_PATH}:/home/serch/ros2_ws/install/robot_controller_pkg:/home/serch/ros2_ws/install/Coppelia_RC:/opt/ros/humble /usr/bin/cmake --install /home/serch/xarm_ws/build/xarm_sdk
[4.482s] -- Install configuration: ""
[4.482s] -- Installing: /home/serch/xarm_ws/install/xarm_sdk/share/xarm_sdk/environment/library_path.sh
[4.482s] -- Installing: /home/serch/xarm_ws/install/xarm_sdk/share/xarm_sdk/environment/library_path.dsv
[4.482s] -- Installing: /home/serch/xarm_ws/install/xarm_sdk/cxx/include
[4.482s] -- Installing: /home/serch/xarm_ws/install/xarm_sdk/cxx/include/xarm
[4.482s] -- Installing: /home/serch/xarm_ws/install/xarm_sdk/cxx/include/xarm/wrapper
[4.482s] -- Installing: /home/serch/xarm_ws/install/xarm_sdk/cxx/include/xarm/wrapper/xarm_api.h
[4.483s] -- Installing: /home/serch/xarm_ws/install/xarm_sdk/cxx/include/xarm/wrapper/common
[4.483s] -- Installing: /home/serch/xarm_ws/install/xarm_sdk/cxx/include/xarm/wrapper/common/timer.h
[4.483s] -- Installing: /home/serch/xarm_ws/install/xarm_sdk/cxx/include/xarm/wrapper/common/utils.h
[4.483s] -- Installing: /home/serch/xarm_ws/install/xarm_sdk/cxx/include/xarm/core
[4.483s] -- Installing: /home/serch/xarm_ws/install/xarm_sdk/cxx/include/xarm/core/connect.h
[4.483s] -- Installing: /home/serch/xarm_ws/install/xarm_sdk/cxx/include/xarm/core/report_data.h
[4.483s] -- Installing: /home/serch/xarm_ws/install/xarm_sdk/cxx/include/xarm/core/port
[4.483s] -- Installing: /home/serch/xarm_ws/install/xarm_sdk/cxx/include/xarm/core/port/ser.h
[4.484s] -- Installing: /home/serch/xarm_ws/install/xarm_sdk/cxx/include/xarm/core/port/socket.h
[4.484s] -- Installing: /home/serch/xarm_ws/install/xarm_sdk/cxx/include/xarm/core/xarm_config.h
[4.484s] -- Installing: /home/serch/xarm_ws/install/xarm_sdk/cxx/include/xarm/core/debug
[4.484s] -- Installing: /home/serch/xarm_ws/install/xarm_sdk/cxx/include/xarm/core/debug/debug_print.h
[4.484s] -- Installing: /home/serch/xarm_ws/install/xarm_sdk/cxx/include/xarm/core/os
[4.484s] -- Installing: /home/serch/xarm_ws/install/xarm_sdk/cxx/include/xarm/core/os/network.h
[4.484s] -- Installing: /home/serch/xarm_ws/install/xarm_sdk/cxx/include/xarm/core/os/bak
[4.484s] -- Installing: /home/serch/xarm_ws/install/xarm_sdk/cxx/include/xarm/core/os/bak/thread.h
[4.485s] -- Installing: /home/serch/xarm_ws/install/xarm_sdk/cxx/include/xarm/core/instruction
[4.485s] -- Installing: /home/serch/xarm_ws/install/xarm_sdk/cxx/include/xarm/core/instruction/uxbus_cmd_config.h
[4.485s] -- Installing: /home/serch/xarm_ws/install/xarm_sdk/cxx/include/xarm/core/instruction/uxbus_cmd.h
[4.485s] -- Installing: /home/serch/xarm_ws/install/xarm_sdk/cxx/include/xarm/core/instruction/uxbus_cmd_tcp.h
[4.485s] -- Installing: /home/serch/xarm_ws/install/xarm_sdk/cxx/include/xarm/core/instruction/uxbus_cmd_ser.h
[4.485s] -- Installing: /home/serch/xarm_ws/install/xarm_sdk/cxx/include/xarm/core/instruction/servo3_config.h
[4.485s] -- Installing: /home/serch/xarm_ws/install/xarm_sdk/cxx/include/xarm/core/common
[4.486s] -- Installing: /home/serch/xarm_ws/install/xarm_sdk/cxx/include/xarm/core/common/data_type.h
[4.486s] -- Installing: /home/serch/xarm_ws/install/xarm_sdk/cxx/include/xarm/core/common/crc16.h
[4.486s] -- Installing: /home/serch/xarm_ws/install/xarm_sdk/cxx/include/xarm/core/common/queue_memcpy.h
[4.486s] -- Installing: /home/serch/xarm_ws/install/xarm_sdk/cxx/include/serial
[4.486s] -- Installing: /home/serch/xarm_ws/install/xarm_sdk/cxx/include/serial/impl
[4.486s] -- Installing: /home/serch/xarm_ws/install/xarm_sdk/cxx/include/serial/impl/unix.h
[4.486s] -- Installing: /home/serch/xarm_ws/install/xarm_sdk/cxx/include/serial/impl/win.h
[4.487s] -- Installing: /home/serch/xarm_ws/install/xarm_sdk/cxx/include/serial/v8stdint.h
[4.487s] -- Installing: /home/serch/xarm_ws/install/xarm_sdk/cxx/include/serial/serial.h
[4.487s] -- Installing: /home/serch/xarm_ws/install/xarm_sdk/lib/libxarm_cxx_sdk.so
[4.490s] -- Installing: /home/serch/xarm_ws/install/xarm_sdk/share/ament_index/resource_index/package_run_dependencies/xarm_sdk
[4.490s] -- Installing: /home/serch/xarm_ws/install/xarm_sdk/share/ament_index/resource_index/parent_prefix_path/xarm_sdk
[4.491s] -- Installing: /home/serch/xarm_ws/install/xarm_sdk/share/xarm_sdk/environment/ament_prefix_path.sh
[4.491s] -- Installing: /home/serch/xarm_ws/install/xarm_sdk/share/xarm_sdk/environment/ament_prefix_path.dsv
[4.491s] -- Installing: /home/serch/xarm_ws/install/xarm_sdk/share/xarm_sdk/environment/path.sh
[4.491s] -- Installing: /home/serch/xarm_ws/install/xarm_sdk/share/xarm_sdk/environment/path.dsv
[4.491s] -- Installing: /home/serch/xarm_ws/install/xarm_sdk/share/xarm_sdk/local_setup.bash
[4.491s] -- Installing: /home/serch/xarm_ws/install/xarm_sdk/share/xarm_sdk/local_setup.sh
[4.491s] -- Installing: /home/serch/xarm_ws/install/xarm_sdk/share/xarm_sdk/local_setup.zsh
[4.491s] -- Installing: /home/serch/xarm_ws/install/xarm_sdk/share/xarm_sdk/local_setup.dsv
[4.492s] -- Installing: /home/serch/xarm_ws/install/xarm_sdk/share/xarm_sdk/package.dsv
[4.492s] -- Installing: /home/serch/xarm_ws/install/xarm_sdk/share/ament_index/resource_index/packages/xarm_sdk
[4.492s] -- Installing: /home/serch/xarm_ws/install/xarm_sdk/share/xarm_sdk/cmake/ament_cmake_export_libraries-extras.cmake
[4.492s] -- Installing: /home/serch/xarm_ws/install/xarm_sdk/share/xarm_sdk/cmake/ament_cmake_export_include_directories-extras.cmake
[4.492s] -- Installing: /home/serch/xarm_ws/install/xarm_sdk/share/xarm_sdk/cmake/xarm_sdkConfig.cmake
[4.492s] -- Installing: /home/serch/xarm_ws/install/xarm_sdk/share/xarm_sdk/cmake/xarm_sdkConfig-version.cmake
[4.492s] -- Installing: /home/serch/xarm_ws/install/xarm_sdk/share/xarm_sdk/package.xml
[4.495s] Invoked command in '/home/serch/xarm_ws/build/xarm_sdk' returned '0': CMAKE_PREFIX_PATH=${CMAKE_PREFIX_PATH}:/home/serch/ros2_ws/install/robot_controller_pkg:/home/serch/ros2_ws/install/Coppelia_RC:/opt/ros/humble /usr/bin/cmake --install /home/serch/xarm_ws/build/xarm_sdk
