running egg_info
writing ../../build/image_converter/image_converter.egg-info/PKG-INFO
writing dependency_links to ../../build/image_converter/image_converter.egg-info/dependency_links.txt
writing entry points to ../../build/image_converter/image_converter.egg-info/entry_points.txt
writing requirements to ../../build/image_converter/image_converter.egg-info/requires.txt
writing top-level names to ../../build/image_converter/image_converter.egg-info/top_level.txt
reading manifest file '../../build/image_converter/image_converter.egg-info/SOURCES.txt'
adding license file 'LICENSE'
writing manifest file '../../build/image_converter/image_converter.egg-info/SOURCES.txt'
running build
running build_py
running install
running install_lib
running install_data
running install_egg_info
removing '/home/serch/xarm_ws/install/image_converter/lib/python3.10/site-packages/image_converter-0.0.0-py3.10.egg-info' (and everything under it)
Copying ../../build/image_converter/image_converter.egg-info to /home/serch/xarm_ws/install/image_converter/lib/python3.10/site-packages/image_converter-0.0.0-py3.10.egg-info
running install_scripts
Installing image_to_rgbd script to /home/serch/xarm_ws/install/image_converter/lib/image_converter
Installing point_cloud_gen script to /home/serch/xarm_ws/install/image_converter/lib/image_converter
Installing rgbd_to_pc script to /home/serch/xarm_ws/install/image_converter/lib/image_converter
writing list of installed files to '/home/serch/xarm_ws/build/image_converter/install.log'
