[2.099s] Invoking command in '/home/serch/xarm_ws/src/xarm_ros2/uf_ros_lib': PYTHONPATH=/home/serch/xarm_ws/build/uf_ros_lib/prefix_override:/usr/lib/python3/dist-packages/colcon_core/task/python/colcon_distutils_commands:/home/serch/xarm_ws/install/uf_ros_lib/lib/python3.10/site-packages:${PYTHONPATH} /usr/bin/python3 -W ignore:setup.py install is deprecated -W ignore:easy_install command is deprecated setup.py egg_info --egg-base ../../../build/uf_ros_lib build --build-base /home/serch/xarm_ws/build/uf_ros_lib/build install --record /home/serch/xarm_ws/build/uf_ros_lib/install.log --single-version-externally-managed install_data
[2.695s] running egg_info
[2.696s] creating ../../../build/uf_ros_lib/uf_ros_lib.egg-info
[2.697s] writing ../../../build/uf_ros_lib/uf_ros_lib.egg-info/PKG-INFO
[2.697s] writing dependency_links to ../../../build/uf_ros_lib/uf_ros_lib.egg-info/dependency_links.txt
[2.697s] writing entry points to ../../../build/uf_ros_lib/uf_ros_lib.egg-info/entry_points.txt
[2.699s] writing requirements to ../../../build/uf_ros_lib/uf_ros_lib.egg-info/requires.txt
[2.699s] writing top-level names to ../../../build/uf_ros_lib/uf_ros_lib.egg-info/top_level.txt
[2.699s] writing manifest file '../../../build/uf_ros_lib/uf_ros_lib.egg-info/SOURCES.txt'
[2.700s] reading manifest file '../../../build/uf_ros_lib/uf_ros_lib.egg-info/SOURCES.txt'
[2.701s] writing manifest file '../../../build/uf_ros_lib/uf_ros_lib.egg-info/SOURCES.txt'
[2.701s] running build
[2.701s] running build_py
[2.701s] creating /home/serch/xarm_ws/build/uf_ros_lib/build
[2.702s] creating /home/serch/xarm_ws/build/uf_ros_lib/build/lib
[2.702s] creating /home/serch/xarm_ws/build/uf_ros_lib/build/lib/uf_ros_lib
[2.702s] copying uf_ros_lib/moveit_configs_builder.py -> /home/serch/xarm_ws/build/uf_ros_lib/build/lib/uf_ros_lib
[2.704s] copying uf_ros_lib/__init__.py -> /home/serch/xarm_ws/build/uf_ros_lib/build/lib/uf_ros_lib
[2.704s] copying uf_ros_lib/parameter_descriptions.py -> /home/serch/xarm_ws/build/uf_ros_lib/build/lib/uf_ros_lib
[2.705s] copying uf_ros_lib/uf_robot_utils.py -> /home/serch/xarm_ws/build/uf_ros_lib/build/lib/uf_ros_lib
[2.706s] creating /home/serch/xarm_ws/build/uf_ros_lib/build/lib/uf_ros_lib/substitutions
[2.706s] copying uf_ros_lib/substitutions/common.py -> /home/serch/xarm_ws/build/uf_ros_lib/build/lib/uf_ros_lib/substitutions
[2.706s] copying uf_ros_lib/substitutions/planning_pipelines.py -> /home/serch/xarm_ws/build/uf_ros_lib/build/lib/uf_ros_lib/substitutions
[2.707s] copying uf_ros_lib/substitutions/__init__.py -> /home/serch/xarm_ws/build/uf_ros_lib/build/lib/uf_ros_lib/substitutions
[2.707s] copying uf_ros_lib/substitutions/kinematics.py -> /home/serch/xarm_ws/build/uf_ros_lib/build/lib/uf_ros_lib/substitutions
[2.709s] copying uf_ros_lib/substitutions/controllers.py -> /home/serch/xarm_ws/build/uf_ros_lib/build/lib/uf_ros_lib/substitutions
[2.709s] copying uf_ros_lib/substitutions/joint_limits.py -> /home/serch/xarm_ws/build/uf_ros_lib/build/lib/uf_ros_lib/substitutions
[2.710s] running install
[2.712s] running install_lib
[2.713s] creating /home/serch/xarm_ws/install/uf_ros_lib/lib/python3.10/site-packages/uf_ros_lib
[2.713s] copying /home/serch/xarm_ws/build/uf_ros_lib/build/lib/uf_ros_lib/moveit_configs_builder.py -> /home/serch/xarm_ws/install/uf_ros_lib/lib/python3.10/site-packages/uf_ros_lib
[2.713s] copying /home/serch/xarm_ws/build/uf_ros_lib/build/lib/uf_ros_lib/__init__.py -> /home/serch/xarm_ws/install/uf_ros_lib/lib/python3.10/site-packages/uf_ros_lib
[2.713s] copying /home/serch/xarm_ws/build/uf_ros_lib/build/lib/uf_ros_lib/parameter_descriptions.py -> /home/serch/xarm_ws/install/uf_ros_lib/lib/python3.10/site-packages/uf_ros_lib
[2.713s] creating /home/serch/xarm_ws/install/uf_ros_lib/lib/python3.10/site-packages/uf_ros_lib/substitutions
[2.713s] copying /home/serch/xarm_ws/build/uf_ros_lib/build/lib/uf_ros_lib/substitutions/common.py -> /home/serch/xarm_ws/install/uf_ros_lib/lib/python3.10/site-packages/uf_ros_lib/substitutions
[2.714s] copying /home/serch/xarm_ws/build/uf_ros_lib/build/lib/uf_ros_lib/substitutions/planning_pipelines.py -> /home/serch/xarm_ws/install/uf_ros_lib/lib/python3.10/site-packages/uf_ros_lib/substitutions
[2.717s] copying /home/serch/xarm_ws/build/uf_ros_lib/build/lib/uf_ros_lib/substitutions/__init__.py -> /home/serch/xarm_ws/install/uf_ros_lib/lib/python3.10/site-packages/uf_ros_lib/substitutions
[2.721s] copying /home/serch/xarm_ws/build/uf_ros_lib/build/lib/uf_ros_lib/substitutions/kinematics.py -> /home/serch/xarm_ws/install/uf_ros_lib/lib/python3.10/site-packages/uf_ros_lib/substitutions
[2.721s] copying /home/serch/xarm_ws/build/uf_ros_lib/build/lib/uf_ros_lib/substitutions/controllers.py -> /home/serch/xarm_ws/install/uf_ros_lib/lib/python3.10/site-packages/uf_ros_lib/substitutions
[2.721s] copying /home/serch/xarm_ws/build/uf_ros_lib/build/lib/uf_ros_lib/substitutions/joint_limits.py -> /home/serch/xarm_ws/install/uf_ros_lib/lib/python3.10/site-packages/uf_ros_lib/substitutions
[2.721s] copying /home/serch/xarm_ws/build/uf_ros_lib/build/lib/uf_ros_lib/uf_robot_utils.py -> /home/serch/xarm_ws/install/uf_ros_lib/lib/python3.10/site-packages/uf_ros_lib
[2.721s] byte-compiling /home/serch/xarm_ws/install/uf_ros_lib/lib/python3.10/site-packages/uf_ros_lib/moveit_configs_builder.py to moveit_configs_builder.cpython-310.pyc
[2.737s] byte-compiling /home/serch/xarm_ws/install/uf_ros_lib/lib/python3.10/site-packages/uf_ros_lib/__init__.py to __init__.cpython-310.pyc
[2.737s] byte-compiling /home/serch/xarm_ws/install/uf_ros_lib/lib/python3.10/site-packages/uf_ros_lib/parameter_descriptions.py to parameter_descriptions.cpython-310.pyc
[2.737s] byte-compiling /home/serch/xarm_ws/install/uf_ros_lib/lib/python3.10/site-packages/uf_ros_lib/substitutions/common.py to common.cpython-310.pyc
[2.740s] byte-compiling /home/serch/xarm_ws/install/uf_ros_lib/lib/python3.10/site-packages/uf_ros_lib/substitutions/planning_pipelines.py to planning_pipelines.cpython-310.pyc
[2.742s] byte-compiling /home/serch/xarm_ws/install/uf_ros_lib/lib/python3.10/site-packages/uf_ros_lib/substitutions/__init__.py to __init__.cpython-310.pyc
[2.742s] byte-compiling /home/serch/xarm_ws/install/uf_ros_lib/lib/python3.10/site-packages/uf_ros_lib/substitutions/kinematics.py to kinematics.cpython-310.pyc
[2.744s] byte-compiling /home/serch/xarm_ws/install/uf_ros_lib/lib/python3.10/site-packages/uf_ros_lib/substitutions/controllers.py to controllers.cpython-310.pyc
[2.747s] byte-compiling /home/serch/xarm_ws/install/uf_ros_lib/lib/python3.10/site-packages/uf_ros_lib/substitutions/joint_limits.py to joint_limits.cpython-310.pyc
[2.749s] byte-compiling /home/serch/xarm_ws/install/uf_ros_lib/lib/python3.10/site-packages/uf_ros_lib/uf_robot_utils.py to uf_robot_utils.cpython-310.pyc
[2.751s] running install_data
[2.752s] creating /home/serch/xarm_ws/install/uf_ros_lib/share/ament_index
[2.752s] creating /home/serch/xarm_ws/install/uf_ros_lib/share/ament_index/resource_index
[2.752s] creating /home/serch/xarm_ws/install/uf_ros_lib/share/ament_index/resource_index/packages
[2.752s] copying resource/uf_ros_lib -> /home/serch/xarm_ws/install/uf_ros_lib/share/ament_index/resource_index/packages
[2.753s] copying package.xml -> /home/serch/xarm_ws/install/uf_ros_lib/share/uf_ros_lib
[2.753s] running install_egg_info
[2.756s] Copying ../../../build/uf_ros_lib/uf_ros_lib.egg-info to /home/serch/xarm_ws/install/uf_ros_lib/lib/python3.10/site-packages/uf_ros_lib-0.0.0-py3.10.egg-info
[2.756s] running install_scripts
[2.782s] writing list of installed files to '/home/serch/xarm_ws/build/uf_ros_lib/install.log'
[2.832s] Invoked command in '/home/serch/xarm_ws/src/xarm_ros2/uf_ros_lib' returned '0': PYTHONPATH=/home/serch/xarm_ws/build/uf_ros_lib/prefix_override:/usr/lib/python3/dist-packages/colcon_core/task/python/colcon_distutils_commands:/home/serch/xarm_ws/install/uf_ros_lib/lib/python3.10/site-packages:${PYTHONPATH} /usr/bin/python3 -W ignore:setup.py install is deprecated -W ignore:easy_install command is deprecated setup.py egg_info --egg-base ../../../build/uf_ros_lib build --build-base /home/serch/xarm_ws/build/uf_ros_lib/build install --record /home/serch/xarm_ws/build/uf_ros_lib/install.log --single-version-externally-managed install_data
