[1.908s] Invoking command in '/home/serch/xarm_ws/src/xarm_ros2/uf_ros_lib': PYTHONPATH=/home/serch/xarm_ws/build/uf_ros_lib/prefix_override:/usr/lib/python3/dist-packages/colcon_core/task/python/colcon_distutils_commands:/home/serch/xarm_ws/install/uf_ros_lib/lib/python3.10/site-packages:${PYTHONPATH} /usr/bin/python3 -W ignore:setup.py install is deprecated -W ignore:easy_install command is deprecated setup.py egg_info --egg-base ../../../build/uf_ros_lib build --build-base /home/serch/xarm_ws/build/uf_ros_lib/build install --record /home/serch/xarm_ws/build/uf_ros_lib/install.log --single-version-externally-managed install_data
[2.258s] running egg_info
[2.258s] writing ../../../build/uf_ros_lib/uf_ros_lib.egg-info/PKG-INFO
[2.259s] writing dependency_links to ../../../build/uf_ros_lib/uf_ros_lib.egg-info/dependency_links.txt
[2.259s] writing entry points to ../../../build/uf_ros_lib/uf_ros_lib.egg-info/entry_points.txt
[2.259s] writing requirements to ../../../build/uf_ros_lib/uf_ros_lib.egg-info/requires.txt
[2.259s] writing top-level names to ../../../build/uf_ros_lib/uf_ros_lib.egg-info/top_level.txt
[2.261s] reading manifest file '../../../build/uf_ros_lib/uf_ros_lib.egg-info/SOURCES.txt'
[2.262s] writing manifest file '../../../build/uf_ros_lib/uf_ros_lib.egg-info/SOURCES.txt'
[2.262s] running build
[2.262s] running build_py
[2.263s] running install
[2.264s] running install_lib
[2.265s] running install_data
[2.266s] running install_egg_info
[2.268s] removing '/home/serch/xarm_ws/install/uf_ros_lib/lib/python3.10/site-packages/uf_ros_lib-0.0.0-py3.10.egg-info' (and everything under it)
[2.268s] Copying ../../../build/uf_ros_lib/uf_ros_lib.egg-info to /home/serch/xarm_ws/install/uf_ros_lib/lib/python3.10/site-packages/uf_ros_lib-0.0.0-py3.10.egg-info
[2.269s] running install_scripts
[2.306s] writing list of installed files to '/home/serch/xarm_ws/build/uf_ros_lib/install.log'
[2.350s] Invoked command in '/home/serch/xarm_ws/src/xarm_ros2/uf_ros_lib' returned '0': PYTHONPATH=/home/serch/xarm_ws/build/uf_ros_lib/prefix_override:/usr/lib/python3/dist-packages/colcon_core/task/python/colcon_distutils_commands:/home/serch/xarm_ws/install/uf_ros_lib/lib/python3.10/site-packages:${PYTHONPATH} /usr/bin/python3 -W ignore:setup.py install is deprecated -W ignore:easy_install command is deprecated setup.py egg_info --egg-base ../../../build/uf_ros_lib build --build-base /home/serch/xarm_ws/build/uf_ros_lib/build install --record /home/serch/xarm_ws/build/uf_ros_lib/install.log --single-version-externally-managed install_data
